cpn-f16-29.compute.cbls.ccr.buffalo.edu
/projects/academic/hongxinh/anaconda/bin/python
SLURM_JOBID=6429346
SLURM_JOB_NODELIST=cpn-f16-29
SLURM_NNODES=1
SLURMTMPDIR=/scratch/6429346
working directory = /projects/academic/hongxinh/zheyuanm/tweets_scrape
 Anaconda Python 3.8 version 2021.05 has been loaded. 
/projects/academic/hongxinh/anaconda/envs/tweets/bin/python
/projects/academic/hongxinh/anaconda/envs/tweets/bin/tesseract
/projects/academic/hongxinh/zheyuanm/tweets_scrape
Job start!
libpng warning: Duplicate iCCP chunk
libpng warning: Duplicate iCCP chunk
libpng warning: Duplicate iCCP chunk
libpng warning: Duplicate iCCP chunk
libpng warning: Duplicate iCCP chunk
libpng warning: Duplicate iCCP chunk
libpng warning: Duplicate iCCP chunk
libpng warning: Duplicate iCCP chunk
libpng warning: Duplicate iCCP chunk
libpng warning: Duplicate iCCP chunk
libpng warning: Duplicate iCCP chunk
libpng warning: Duplicate iCCP chunk
libpng warning: Duplicate iCCP chunk
libpng warning: Duplicate iCCP chunk
libpng warning: Duplicate iCCP chunk
libpng warning: Duplicate iCCP chunk
libpng warning: Duplicate iCCP chunk
libpng warning: Duplicate iCCP chunk
libpng warning: Duplicate iCCP chunk
libpng warning: Duplicate iCCP chunk
libpng warning: Duplicate iCCP chunk
libpng warning: Duplicate iCCP chunk
libpng warning: Duplicate iCCP chunk
               Antiimmigration:     0
                     MuslimBan:   293
                   NoBanNoWall:    34
                  americafirst:  1665
                      banislam:    10
                     bansharia:    24
                  buildthewall:  1367
                       cdnpoli:  9973
                        deport:    21
                 deportthemall:    26
                 illegalaliens:   135
                   immigration:  3839
                      liberals:   631
              multiculturalism:    88
                      refugees:  1737
            refuggesnotwelcome:     0
               stoptheinvasion:    39
Topic: immigration_2020-02 - Total images: 19882

Filter out images without text
0 - ./tweet_data_general/immigration_2020-02/cdnpoli/tweets1/EP23sx6W4AEPG4F.jpg
cdnpoli             7575
immigration         3071
americafirst        1378
refugees            1251
buildthewall         919
liberals             524
MuslimBan            261
illegalaliens        108
multiculturalism      70
stoptheinvasion       36
NoBanNoWall           34
deportthemall         24
bansharia             22
deport                17
banislam               9
Name: hashtag, dtype: int64
Topic: immigration_2020-02 - Images with text: 15299

Filter out duplicate images
cdnpoli             6448
immigration         2640
americafirst        1181
refugees             990
buildthewall         557
liberals             382
MuslimBan            186
illegalaliens         82
multiculturalism      65
bansharia             19
deport                15
deportthemall         14
stoptheinvasion       14
NoBanNoWall           11
banislam               4
Name: hashtag, dtype: int64
Topic: immigration_2020-02 - Images without duplication: 12608

Filter out images with no objects
[INFO]  Loading YOLO from disk...
cdnpoli             3618
immigration         1448
americafirst         802
refugees             656
buildthewall         368
liberals             234
MuslimBan            124
illegalaliens         50
multiculturalism      41
deport                12
bansharia              8
deportthemall          8
stoptheinvasion        8
NoBanNoWall            6
banislam               1
Name: hashtag, dtype: int64
Topic: immigration_2020-02 - Images with objects:  7384

Extract text from images using Tesseract

Clean the OCR results
cdnpoli             1025
immigration          587
americafirst         358
refugees             176
buildthewall         140
liberals              90
MuslimBan             47
illegalaliens         21
multiculturalism      11
deportthemall          3
deport                 3
stoptheinvasion        2
bansharia              2
Name: hashtag, dtype: int64
Topic: immigration_2020-02 - Images after Tesseract:  2465

/projects/academic/hongxinh/anaconda/envs/tweets/bin/python
Job end!
