cpn-f16-17.compute.cbls.ccr.buffalo.edu
/projects/academic/hongxinh/anaconda/bin/python
SLURM_JOBID=6429337
SLURM_JOB_NODELIST=cpn-f16-17
SLURM_NNODES=1
SLURMTMPDIR=/scratch/6429337
working directory = /projects/academic/hongxinh/zheyuanm/tweets_scrape
 Anaconda Python 3.8 version 2021.05 has been loaded. 
/projects/academic/hongxinh/anaconda/envs/tweets/bin/python
/projects/academic/hongxinh/anaconda/envs/tweets/bin/tesseract
/projects/academic/hongxinh/zheyuanm/tweets_scrape
Job start!
                      CCPVirus:   473
                  ChinaDidThis:     0
           ChinaLiedPeopleDied:   341
                    ChinaVirus:   723
           ChineseBioterrorism:     0
                     FuckChina:    77
                  chinesevirus:   706
                communistvirus:     3
                       kungflu:    32
                  makechinapay:   147
                      wuhanflu:    26
                    wuhanvirus:   382
Topic: asianhate_2020-12 - Total images:  2910

Filter out images without text
ChinaVirus             581
chinesevirus           554
CCPVirus               429
wuhanvirus             328
ChinaLiedPeopleDied    273
makechinapay           125
FuckChina               55
kungflu                 25
wuhanflu                24
communistvirus           3
Name: hashtag, dtype: int64
Topic: asianhate_2020-12 - Images with text:  2397

Filter out duplicate images
ChinaVirus             486
chinesevirus           371
CCPVirus               364
ChinaLiedPeopleDied    229
wuhanvirus             194
FuckChina               42
kungflu                 20
wuhanflu                20
makechinapay            17
communistvirus           3
Name: hashtag, dtype: int64
Topic: asianhate_2020-12 - Images without duplication:  1746

Filter out images with no objects
[INFO]  Loading YOLO from disk...
ChinaVirus             257
chinesevirus           227
CCPVirus               208
ChinaLiedPeopleDied    116
wuhanvirus              96
FuckChina               26
kungflu                 13
wuhanflu                11
makechinapay             9
communistvirus           3
Name: hashtag, dtype: int64
Topic: asianhate_2020-12 - Images with objects:   966

Extract text from images using Tesseract

Clean the OCR results
ChinaVirus             84
CCPVirus               68
chinesevirus           64
ChinaLiedPeopleDied    36
wuhanvirus             32
FuckChina               6
kungflu                 5
makechinapay            4
wuhanflu                2
communistvirus          1
Name: hashtag, dtype: int64
Topic: asianhate_2020-12 - Images after Tesseract:   302

/projects/academic/hongxinh/anaconda/envs/tweets/bin/python
Job end!
