cpn-f07-34.compute.cbls.ccr.buffalo.edu
/projects/academic/hongxinh/anaconda/bin/python
SLURM_JOBID=6432170
SLURM_JOB_NODELIST=cpn-f07-34
SLURM_NNODES=1
SLURMTMPDIR=/scratch/6432170
working directory = /projects/academic/hongxinh/zheyuanm/tweets_scrape
 Anaconda Python 3.8 version 2021.05 has been loaded. 
/projects/academic/hongxinh/anaconda/envs/tweets/bin/python
/projects/academic/hongxinh/anaconda/envs/tweets/bin/tesseract
/projects/academic/hongxinh/zheyuanm/tweets_scrape
Job start!
libpng warning: Duplicate bKGD chunk
libpng warning: Duplicate pHYs chunk
libpng warning: Duplicate bKGD chunk
libpng warning: Duplicate pHYs chunk
libpng warning: Duplicate bKGD chunk
libpng warning: Duplicate pHYs chunk
                  Election2020:  7315
                     Plandemic:   826
                     Trump2020:  6405
                      bluewave:   364
                          maga: 15918
                    pencedemic:    27
                 pencepandemic:     0
                  stopthesteal:  5158
     trumpliesaboutcoronavirus:     6
                    trumpvirus:  7648
                    voterfraud:  1676
Topic: politics_2020-12 - Total images: 45343

Filter out images without text
0 - ./tweet_data_general/politics_2020-12/Election2020/tweets1/EojzONTW8AEUD-P.jpg
0 - ./tweet_data_general/politics_2020-12/bluewave/tweets2/EpCEycXXMAAByj7.png
0 - ./tweet_data_general/politics_2020-12/trumpvirus/tweets3/EpaJ9PNW4AAS-HZ.jpg
maga                         12552
Election2020                  6036
trumpvirus                    6030
Trump2020                     5020
stopthesteal                  4295
voterfraud                    1419
Plandemic                      748
bluewave                       262
pencedemic                      22
trumpliesaboutcoronavirus        6
Name: hashtag, dtype: int64
Topic: politics_2020-12 - Images with text: 36390

Filter out duplicate images
maga                         8419
Election2020                 5279
trumpvirus                   4212
Trump2020                    3916
stopthesteal                 2411
voterfraud                    721
Plandemic                     679
bluewave                      217
pencedemic                     20
trumpliesaboutcoronavirus       6
Name: hashtag, dtype: int64
Topic: politics_2020-12 - Images without duplication: 25880

Filter out images with no objects
[INFO]  Loading YOLO from disk...
maga                         5146
Election2020                 3001
trumpvirus                   2495
Trump2020                    2453
stopthesteal                 1405
voterfraud                    373
Plandemic                     331
bluewave                      115
pencedemic                     12
trumpliesaboutcoronavirus       2
Name: hashtag, dtype: int64
Topic: politics_2020-12 - Images with objects: 15333

Extract text from images using Tesseract

Clean the OCR results
maga                         1943
Election2020                 1295
trumpvirus                   1067
Trump2020                     908
stopthesteal                  534
voterfraud                    131
Plandemic                     120
bluewave                       34
pencedemic                      5
trumpliesaboutcoronavirus       1
Name: hashtag, dtype: int64
Topic: politics_2020-12 - Images after Tesseract:  6038

/projects/academic/hongxinh/anaconda/envs/tweets/bin/python
Job end!
