cpn-k10-24-02.compute.cbls.ccr.buffalo.edu
/projects/academic/hongxinh/anaconda/bin/python
SLURM_JOBID=6428052
SLURM_JOB_NODELIST=cpn-k10-24-02
SLURM_NNODES=1
SLURMTMPDIR=/scratch/6428052
working directory = /projects/academic/hongxinh/zheyuanm/tweets_scrape
 Anaconda Python 3.8 version 2021.05 has been loaded. 
/projects/academic/hongxinh/anaconda/envs/tweets/bin/python
/projects/academic/hongxinh/anaconda/envs/tweets/bin/tesseract
/projects/academic/hongxinh/zheyuanm/tweets_scrape
Job start!
                      60sfolks:     0
                   boomerdeath:     0
                      caresact:   661
                        corbid:     0
                    covididiot:    88
                       deletus:     0
                 elderlydeaths:     1
                   gaslighters:    10
                gopdeathpanels:     9
                 itsafairconvo:     0
                         karen:   585
                   okboomerpic:     0
                        parnts:     0
                thankyouboomer:     0
                       therona:    28
                trumpplaguepic:     0
                        umirem:     0
                          yoof:     1
Topic: ageism_2020-12 - Total images:  1383

Filter out images without text
caresact          548
karen             441
covididiot         58
therona            23
gaslighters         9
gopdeathpanels      6
yoof                1
Name: hashtag, dtype: int64
Topic: ageism_2020-12 - Images with text:  1086

Filter out duplicate images
caresact          472
karen             396
covididiot         53
therona            21
gaslighters         9
gopdeathpanels      6
yoof                1
Name: hashtag, dtype: int64
Topic: ageism_2020-12 - Images without duplication:   958

Filter out images with no objects
[INFO]  Loading YOLO from disk...
karen             272
caresact          216
covididiot         34
therona            13
gopdeathpanels      4
gaslighters         3
Name: hashtag, dtype: int64
Topic: ageism_2020-12 - Images with objects:   542

Extract text from images using Tesseract

Clean the OCR results
caresact          91
karen             81
covididiot        10
therona            4
gopdeathpanels     2
Name: hashtag, dtype: int64
Topic: ageism_2020-12 - Images after Tesseract:   188

/projects/academic/hongxinh/anaconda/envs/tweets/bin/python
Job end!
