cpn-f16-39.compute.cbls.ccr.buffalo.edu
/projects/academic/hongxinh/anaconda/bin/python
SLURM_JOBID=6429352
SLURM_JOB_NODELIST=cpn-f16-39
SLURM_NNODES=1
SLURMTMPDIR=/scratch/6429352
working directory = /projects/academic/hongxinh/zheyuanm/tweets_scrape
 Anaconda Python 3.8 version 2021.05 has been loaded. 
/projects/academic/hongxinh/anaconda/envs/tweets/bin/python
/projects/academic/hongxinh/anaconda/envs/tweets/bin/tesseract
/projects/academic/hongxinh/zheyuanm/tweets_scrape
Job start!
libpng warning: Duplicate iCCP chunk
libpng warning: Duplicate iCCP chunk
libpng warning: Duplicate iCCP chunk
libpng warning: Duplicate iCCP chunk
libpng warning: Duplicate iCCP chunk
               Antiimmigration:    11
                     MuslimBan:    43
                   NoBanNoWall:     3
                  americafirst:  1937
                      banislam:    13
                     bansharia:     2
                  buildthewall:  1256
                       cdnpoli:  9928
                        deport:    16
                 deportthemall:     9
                 illegalaliens:    60
                   immigration:  2796
                      liberals:   703
              multiculturalism:    75
                      refugees:  1897
            refuggesnotwelcome:     0
               stoptheinvasion:    18
Topic: immigration_2020-08 - Total images: 18767

Filter out images without text
0 - ./tweet_data_general/immigration_2020-08/americafirst/tweets3/EfbyNyAWAAYnzgA.jpg
0 - ./tweet_data_general/immigration_2020-08/buildthewall/tweets1/Eeu5P25X0AAWLIq.jpg
0 - ./tweet_data_general/immigration_2020-08/cdnpoli/tweets1/EesbQpGUMAAm5Cb.jpg
0 - ./tweet_data_general/immigration_2020-08/cdnpoli/tweets1/EeasEwsUwAA8qZD.png
0 - ./tweet_data_general/immigration_2020-08/cdnpoli/tweets3/EfeIFekU0AAy5mK.jpg
0 - ./tweet_data_general/immigration_2020-08/liberals/tweets2/EfMkPbNUMAA8eW8.jpg
cdnpoli             7721
immigration         2318
americafirst        1625
refugees            1398
buildthewall         834
liberals             586
multiculturalism      62
illegalaliens         51
MuslimBan             37
stoptheinvasion       18
deport                13
Antiimmigration       11
banislam              11
deportthemall          8
NoBanNoWall            3
bansharia              1
Name: hashtag, dtype: int64
Topic: immigration_2020-08 - Images with text: 14697

Filter out duplicate images
cdnpoli             6545
immigration         1872
americafirst        1343
refugees            1116
buildthewall         525
liberals             522
multiculturalism      46
illegalaliens         34
MuslimBan             28
stoptheinvasion       12
Antiimmigration       11
banislam              11
deport                11
deportthemall          5
NoBanNoWall            3
bansharia              1
Name: hashtag, dtype: int64
Topic: immigration_2020-08 - Images without duplication: 12085

Filter out images with no objects
[INFO]  Loading YOLO from disk...
cdnpoli             3484
immigration         1020
americafirst         858
refugees             697
buildthewall         348
liberals             317
MuslimBan             24
illegalaliens         20
multiculturalism      19
deport                10
stoptheinvasion       10
Antiimmigration        7
banislam               5
deportthemall          4
NoBanNoWall            2
bansharia              1
Name: hashtag, dtype: int64
Topic: immigration_2020-08 - Images with objects:  6826

Extract text from images using Tesseract

Clean the OCR results
cdnpoli             1080
immigration          449
americafirst         337
refugees             232
liberals             140
buildthewall         116
MuslimBan              9
stoptheinvasion        7
multiculturalism       5
illegalaliens          5
deport                 3
deportthemall          2
bansharia              1
banislam               1
Name: hashtag, dtype: int64
Topic: immigration_2020-08 - Images after Tesseract:  2387

/projects/academic/hongxinh/anaconda/envs/tweets/bin/python
Job end!
