cpn-u23-19.compute.cbls.ccr.buffalo.edu
/projects/academic/hongxinh/anaconda/bin/python
SLURM_JOBID=6429356
SLURM_JOB_NODELIST=cpn-u23-19
SLURM_NNODES=1
SLURMTMPDIR=/scratch/6429356
working directory = /projects/academic/hongxinh/zheyuanm/tweets_scrape
 Anaconda Python 3.8 version 2021.05 has been loaded. 
/projects/academic/hongxinh/anaconda/envs/tweets/bin/python
/projects/academic/hongxinh/anaconda/envs/tweets/bin/tesseract
/projects/academic/hongxinh/zheyuanm/tweets_scrape
Job start!
libpng warning: Ignoring gAMA chunk with out of range gamma
libpng warning: Ignoring gAMA chunk with out of range gamma
libpng warning: Ignoring gAMA chunk with out of range gamma
               Antiimmigration:     1
                     MuslimBan:   353
                   NoBanNoWall:     2
                  americafirst:  2254
                      banislam:     3
                     bansharia:     0
                  buildthewall:   295
                       cdnpoli:  8064
                        deport:    10
                 deportthemall:     8
                 illegalaliens:    43
                   immigration:  2256
                      liberals:   381
              multiculturalism:    72
                      refugees:  2029
            refuggesnotwelcome:     0
               stoptheinvasion:     8
Topic: immigration_2020-12 - Total images: 15779

Filter out images without text
cdnpoli             6526
immigration         1920
americafirst        1866
refugees            1409
MuslimBan            342
liberals             315
buildthewall         273
multiculturalism      55
illegalaliens         34
stoptheinvasion        8
deportthemall          8
deport                 6
NoBanNoWall            2
banislam               1
Antiimmigration        1
Name: hashtag, dtype: int64
Topic: immigration_2020-12 - Images with text: 12766

Filter out duplicate images
cdnpoli             5493
americafirst        1631
immigration         1614
refugees            1058
liberals             276
buildthewall         162
MuslimBan             92
multiculturalism      33
illegalaliens         24
deportthemall          8
deport                 6
NoBanNoWall            2
banislam               1
stoptheinvasion        1
Antiimmigration        1
Name: hashtag, dtype: int64
Topic: immigration_2020-12 - Images without duplication: 10402

Filter out images with no objects
[INFO]  Loading YOLO from disk...
cdnpoli             2726
immigration          934
americafirst         917
refugees             643
liberals             173
buildthewall          87
MuslimBan             48
multiculturalism      22
illegalaliens         11
deportthemall          5
deport                 3
NoBanNoWall            1
banislam               1
stoptheinvasion        1
Name: hashtag, dtype: int64
Topic: immigration_2020-12 - Images with objects:  5572

Extract text from images using Tesseract

Clean the OCR results
cdnpoli             902
americafirst        404
immigration         393
refugees            224
liberals             74
buildthewall         37
MuslimBan            30
illegalaliens         6
multiculturalism      4
deportthemall         3
deport                1
banislam              1
Name: hashtag, dtype: int64
Topic: immigration_2020-12 - Images after Tesseract:  2079

/projects/academic/hongxinh/anaconda/envs/tweets/bin/python
Job end!
