cpn-f16-28.compute.cbls.ccr.buffalo.edu
/projects/academic/hongxinh/anaconda/bin/python
SLURM_JOBID=6429339
SLURM_JOB_NODELIST=cpn-f16-28
SLURM_NNODES=1
SLURMTMPDIR=/scratch/6429339
working directory = /projects/academic/hongxinh/zheyuanm/tweets_scrape
 Anaconda Python 3.8 version 2021.05 has been loaded. 
/projects/academic/hongxinh/anaconda/envs/tweets/bin/python
/projects/academic/hongxinh/anaconda/envs/tweets/bin/tesseract
/projects/academic/hongxinh/zheyuanm/tweets_scrape
Job start!
                      CCPVirus:   495
                  ChinaDidThis:     0
           ChinaLiedPeopleDied:   160
                    ChinaVirus:   319
           ChineseBioterrorism:     1
                     FuckChina:    59
                  chinesevirus:   515
                communistvirus:     2
                       kungflu:    18
                  makechinapay:    37
                      wuhanflu:    16
                    wuhanvirus:   523
Topic: asianhate_2021-04 - Total images:  2145

Filter out images without text
CCPVirus               468
wuhanvirus             430
chinesevirus           416
ChinaVirus             258
ChinaLiedPeopleDied    123
FuckChina               45
makechinapay            27
wuhanflu                15
kungflu                 11
communistvirus           1
ChineseBioterrorism      1
Name: hashtag, dtype: int64
Topic: asianhate_2021-04 - Images with text:  1795

Filter out duplicate images
chinesevirus           334
CCPVirus               311
wuhanvirus             226
ChinaVirus             210
ChinaLiedPeopleDied     99
FuckChina               38
wuhanflu                13
makechinapay             9
kungflu                  9
Name: hashtag, dtype: int64
Topic: asianhate_2021-04 - Images without duplication:  1249

Filter out images with no objects
[INFO]  Loading YOLO from disk...
CCPVirus               181
chinesevirus           179
ChinaVirus             127
wuhanvirus             113
ChinaLiedPeopleDied     47
FuckChina               23
wuhanflu                 8
makechinapay             5
kungflu                  4
Name: hashtag, dtype: int64
Topic: asianhate_2021-04 - Images with objects:   687

Extract text from images using Tesseract

Clean the OCR results
CCPVirus               53
chinesevirus           46
wuhanvirus             33
ChinaVirus             28
ChinaLiedPeopleDied    18
FuckChina               9
wuhanflu                3
makechinapay            2
kungflu                 1
Name: hashtag, dtype: int64
Topic: asianhate_2021-04 - Images after Tesseract:   193

/projects/academic/hongxinh/anaconda/envs/tweets/bin/python
Job end!
