cpn-k16-24-02.compute.cbls.ccr.buffalo.edu
/projects/academic/hongxinh/anaconda/bin/python
SLURM_JOBID=6431564
SLURM_JOB_NODELIST=cpn-k16-24-02
SLURM_NNODES=1
SLURMTMPDIR=/scratch/6431564
working directory = /projects/academic/hongxinh/zheyuanm/tweets_scrape
 Anaconda Python 3.8 version 2021.05 has been loaded. 
/projects/academic/hongxinh/anaconda/envs/tweets/bin/python
/projects/academic/hongxinh/anaconda/envs/tweets/bin/tesseract
/projects/academic/hongxinh/zheyuanm/tweets_scrape
Job start!
         BillGatesBioTerrorist:    97
                COVID19Vaccine:  9435
                      Convid19:    23
            CoronavirusVaccine:   529
                     CovidHoax:    97
                 CovidVaxFacts:     0
           FauciLiedPeopleDied:     1
                 FauciTheFraud:    27
                     FireFauci:   142
                 GetVaccinated:  8996
                VaccineFreedom:     4
                  VaccinesWork:  5880
                  WakeUpWiseUp:     2
                   antivaxxers:   217
               billgatesofhell:     0
                  covidvaccine: 16301
       covidvaccinesideeffects:    50
                  depopulation:   105
                 scamdemic2020:    11
             vaccinesSaveLives:  2862
Topic: vaccine_2021-04 - Total images: 44779

Filter out images without text
0 - ./tweet_data_general/vaccine_2021-04/COVID19Vaccine/tweets3/EzVgG9gUYAgYXeZ.jpg
0 - ./tweet_data_general/vaccine_2021-04/GetVaccinated/tweets2/EynAXR_WUAAx55v.jpg
0 - ./tweet_data_general/vaccine_2021-04/GetVaccinated/tweets4/EzrZZMZWUAImZ0G.jpg
0 - ./tweet_data_general/vaccine_2021-04/VaccinesWork/tweets3/EzLSnA2UYAQElvB.jpg
0 - ./tweet_data_general/vaccine_2021-04/VaccinesWork/tweets4/Ez7XW9QWEAMSMHZ.jpg
0 - ./tweet_data_general/vaccine_2021-04/VaccinesWork/tweets4/EzrZZMZWUAImZ0G.jpg
0 - ./tweet_data_general/vaccine_2021-04/covidvaccine/tweets2/Eym68L9WEAAWSet.jpg
0 - ./tweet_data_general/vaccine_2021-04/covidvaccine/tweets3/EzHYqqmVkAEmZl_.jpg
0 - ./tweet_data_general/vaccine_2021-04/covidvaccine/tweets3/Ey-mUJ6XEAE5_NJ.jpg
0 - ./tweet_data_general/vaccine_2021-04/covidvaccine/tweets4/Ez_ObymVoAEnWJW.png
0 - ./tweet_data_general/vaccine_2021-04/covidvaccine/tweets4/EzwnvkmWUAUKPN7.jpg
0 - ./tweet_data_general/vaccine_2021-04/covidvaccine/tweets5/Ez-7XBJVoAE09xm.jpg
covidvaccine               12979
COVID19Vaccine              7685
GetVaccinated               6725
VaccinesWork                4736
vaccinesSaveLives           2190
CoronavirusVaccine           432
antivaxxers                  179
FireFauci                    118
depopulation                  91
CovidHoax                     89
BillGatesBioTerrorist         86
covidvaccinesideeffects       40
FauciTheFraud                 24
Convid19                      21
scamdemic2020                 10
VaccineFreedom                 3
WakeUpWiseUp                   1
Name: hashtag, dtype: int64
Topic: vaccine_2021-04 - Images with text: 35409

Filter out duplicate images
covidvaccine               10317
COVID19Vaccine              6909
GetVaccinated               5773
VaccinesWork                3686
vaccinesSaveLives           1342
CoronavirusVaccine           354
antivaxxers                  161
FireFauci                    109
BillGatesBioTerrorist         86
depopulation                  78
CovidHoax                     74
FauciTheFraud                 24
Convid19                      19
covidvaccinesideeffects       18
scamdemic2020                  7
VaccineFreedom                 3
WakeUpWiseUp                   1
Name: hashtag, dtype: int64
Topic: vaccine_2021-04 - Images without duplication: 28961

Filter out images with no objects
[INFO]  Loading YOLO from disk...
covidvaccine               5840
COVID19Vaccine             3731
GetVaccinated              3427
VaccinesWork               2181
vaccinesSaveLives           838
CoronavirusVaccine          191
antivaxxers                  89
FireFauci                    66
BillGatesBioTerrorist        55
depopulation                 47
CovidHoax                    31
FauciTheFraud                15
covidvaccinesideeffects       9
Convid19                      6
scamdemic2020                 5
VaccineFreedom                3
WakeUpWiseUp                  1
Name: hashtag, dtype: int64
Topic: vaccine_2021-04 - Images with objects: 16535

Extract text from images using Tesseract

Clean the OCR results
covidvaccine               1530
COVID19Vaccine             1083
GetVaccinated               805
VaccinesWork                778
vaccinesSaveLives           190
CoronavirusVaccine           51
FireFauci                    30
antivaxxers                  29
BillGatesBioTerrorist        27
depopulation                 14
CovidHoax                    13
FauciTheFraud                 7
scamdemic2020                 3
WakeUpWiseUp                  1
Convid19                      1
covidvaccinesideeffects       1
Name: hashtag, dtype: int64
Topic: vaccine_2021-04 - Images after Tesseract:  4563

/projects/academic/hongxinh/anaconda/envs/tweets/bin/python
Job end!
