cpn-f16-14.compute.cbls.ccr.buffalo.edu
/projects/academic/hongxinh/anaconda/bin/python
SLURM_JOBID=6429335
SLURM_JOB_NODELIST=cpn-f16-14
SLURM_NNODES=1
SLURMTMPDIR=/scratch/6429335
working directory = /projects/academic/hongxinh/zheyuanm/tweets_scrape
 Anaconda Python 3.8 version 2021.05 has been loaded. 
/projects/academic/hongxinh/anaconda/envs/tweets/bin/python
/projects/academic/hongxinh/anaconda/envs/tweets/bin/tesseract
/projects/academic/hongxinh/zheyuanm/tweets_scrape
Job start!
                      CCPVirus:  7068
                  ChinaDidThis:     7
           ChinaLiedPeopleDied:  7358
                    ChinaVirus:  5836
           ChineseBioterrorism:   768
                     FuckChina:   218
                  chinesevirus:  6798
                communistvirus:    90
                       kungflu:   210
                  makechinapay:  1870
                      wuhanflu:   212
                    wuhanvirus:  6672
Topic: asianhate_2020-04 - Total images: 37107

Filter out images without text
0 - ./tweet_data_general/asianhate_2020-04/wuhanvirus/tweets3/EVqqLJ9XkAA-AlU.jpg
ChinaLiedPeopleDied    6418
CCPVirus               6004
wuhanvirus             5750
chinesevirus           5522
ChinaVirus             4928
makechinapay           1713
ChineseBioterrorism     641
FuckChina               176
wuhanflu                171
kungflu                 153
communistvirus           64
ChinaDidThis              7
Name: hashtag, dtype: int64
Topic: asianhate_2020-04 - Images with text: 31547

Filter out duplicate images
CCPVirus               3651
ChinaLiedPeopleDied    3332
chinesevirus           3325
ChinaVirus             2744
wuhanvirus             2066
makechinapay            337
ChineseBioterrorism     328
FuckChina               108
wuhanflu                 88
kungflu                  82
communistvirus           26
ChinaDidThis              6
Name: hashtag, dtype: int64
Topic: asianhate_2020-04 - Images without duplication: 16093

Filter out images with no objects
[INFO]  Loading YOLO from disk...
CCPVirus               1873
chinesevirus           1627
ChinaLiedPeopleDied    1584
ChinaVirus             1480
wuhanvirus             1009
makechinapay            165
ChineseBioterrorism     143
FuckChina                52
kungflu                  51
wuhanflu                 43
communistvirus           11
ChinaDidThis              2
Name: hashtag, dtype: int64
Topic: asianhate_2020-04 - Images with objects:  8040

Extract text from images using Tesseract

Clean the OCR results
CCPVirus               604
ChinaVirus             570
ChinaLiedPeopleDied    553
chinesevirus           516
wuhanvirus             325
makechinapay            55
ChineseBioterrorism     41
kungflu                 25
FuckChina               19
wuhanflu                15
communistvirus           4
Name: hashtag, dtype: int64
Topic: asianhate_2020-04 - Images after Tesseract:  2727

/projects/academic/hongxinh/anaconda/envs/tweets/bin/python
Job end!
