cpn-k13-29-01.compute.cbls.ccr.buffalo.edu
/projects/academic/hongxinh/anaconda/bin/python
SLURM_JOBID=6428054
SLURM_JOB_NODELIST=cpn-k13-29-01
SLURM_NNODES=1
SLURMTMPDIR=/scratch/6428054
working directory = /projects/academic/hongxinh/zheyuanm/tweets_scrape
 Anaconda Python 3.8 version 2021.05 has been loaded. 
/projects/academic/hongxinh/anaconda/envs/tweets/bin/python
/projects/academic/hongxinh/anaconda/envs/tweets/bin/tesseract
/projects/academic/hongxinh/zheyuanm/tweets_scrape
Job start!
                      60sfolks:     0
                   boomerdeath:     0
                      caresact:   210
                        corbid:     0
                    covididiot:    55
                       deletus:     0
                 elderlydeaths:     0
                   gaslighters:     1
                gopdeathpanels:     1
                 itsafairconvo:     0
                         karen:  1856
                   okboomerpic:     0
                        parnts:     0
                thankyouboomer:     0
                       therona:     7
                trumpplaguepic:     0
                        umirem:     0
                          yoof:     6
Topic: ageism_2021-04 - Total images:  2136

Filter out images without text
karen             1076
caresact           180
covididiot          43
therona              5
yoof                 5
gopdeathpanels       1
gaslighters          1
Name: hashtag, dtype: int64
Topic: ageism_2021-04 - Images with text:  1311

Filter out duplicate images
karen             722
caresact          120
covididiot         36
therona             5
yoof                5
gopdeathpanels      1
gaslighters         1
Name: hashtag, dtype: int64
Topic: ageism_2021-04 - Images without duplication:   890

Filter out images with no objects
[INFO]  Loading YOLO from disk...
karen          422
caresact        56
covididiot      19
therona          3
yoof             2
gaslighters      1
Name: hashtag, dtype: int64
Topic: ageism_2021-04 - Images with objects:   503

Extract text from images using Tesseract

Clean the OCR results
karen         99
caresact      24
covididiot     2
yoof           1
therona        1
Name: hashtag, dtype: int64
Topic: ageism_2021-04 - Images after Tesseract:   127

/projects/academic/hongxinh/anaconda/envs/tweets/bin/python
Job end!
