cpn-f16-15.compute.cbls.ccr.buffalo.edu
/projects/academic/hongxinh/anaconda/bin/python
SLURM_JOBID=6429336
SLURM_JOB_NODELIST=cpn-f16-15
SLURM_NNODES=1
SLURMTMPDIR=/scratch/6429336
working directory = /projects/academic/hongxinh/zheyuanm/tweets_scrape
 Anaconda Python 3.8 version 2021.05 has been loaded. 
/projects/academic/hongxinh/anaconda/envs/tweets/bin/python
/projects/academic/hongxinh/anaconda/envs/tweets/bin/tesseract
/projects/academic/hongxinh/zheyuanm/tweets_scrape
Job start!
                      CCPVirus:  1444
                  ChinaDidThis:     0
           ChinaLiedPeopleDied:   430
                    ChinaVirus:  1299
           ChineseBioterrorism:     1
                     FuckChina:    76
                  chinesevirus:   578
                communistvirus:     1
                       kungflu:    63
                  makechinapay:   119
                      wuhanflu:    35
                    wuhanvirus:  1214
Topic: asianhate_2020-08 - Total images:  5260

Filter out images without text
0 - ./tweet_data_general/asianhate_2020-08/chinesevirus/tweets1/Eel9vwIVAAAfXo2.jpg
CCPVirus               1216
ChinaVirus             1071
wuhanvirus              989
chinesevirus            457
ChinaLiedPeopleDied     357
makechinapay            112
FuckChina                60
kungflu                  51
wuhanflu                 33
communistvirus            1
ChineseBioterrorism       1
Name: hashtag, dtype: int64
Topic: asianhate_2020-08 - Images with text:  4348

Filter out duplicate images
ChinaVirus             858
CCPVirus               835
chinesevirus           368
wuhanvirus             338
ChinaLiedPeopleDied    267
makechinapay            58
FuckChina               41
kungflu                 27
wuhanflu                23
communistvirus           1
Name: hashtag, dtype: int64
Topic: asianhate_2020-08 - Images without duplication:  2816

Filter out images with no objects
[INFO]  Loading YOLO from disk...
ChinaVirus             498
CCPVirus               488
chinesevirus           202
wuhanvirus             160
ChinaLiedPeopleDied    143
makechinapay            30
kungflu                 20
FuckChina               16
wuhanflu                 8
communistvirus           1
Name: hashtag, dtype: int64
Topic: asianhate_2020-08 - Images with objects:  1566

Extract text from images using Tesseract

Clean the OCR results
ChinaVirus             183
CCPVirus               167
chinesevirus            77
wuhanvirus              49
ChinaLiedPeopleDied     36
kungflu                 10
makechinapay             7
FuckChina                3
wuhanflu                 2
Name: hashtag, dtype: int64
Topic: asianhate_2020-08 - Images after Tesseract:   534

/projects/academic/hongxinh/anaconda/envs/tweets/bin/python
Job end!
