cpn-k10-23-02.compute.cbls.ccr.buffalo.edu
/projects/academic/hongxinh/anaconda/bin/python
SLURM_JOBID=6428051
SLURM_JOB_NODELIST=cpn-k10-23-02
SLURM_NNODES=1
SLURMTMPDIR=/scratch/6428051
working directory = /projects/academic/hongxinh/zheyuanm/tweets_scrape
 Anaconda Python 3.8 version 2021.05 has been loaded. 
/projects/academic/hongxinh/anaconda/envs/tweets/bin/python
/projects/academic/hongxinh/anaconda/envs/tweets/bin/tesseract
/projects/academic/hongxinh/zheyuanm/tweets_scrape
Job start!
                      60sfolks:     0
                   boomerdeath:     0
                      caresact:  1098
                        corbid:     0
                    covididiot:   138
                       deletus:     0
                 elderlydeaths:     0
                   gaslighters:     1
                gopdeathpanels:     6
                 itsafairconvo:     0
                         karen:  1850
                   okboomerpic:     0
                        parnts:     0
                thankyouboomer:     0
                       therona:    30
                trumpplaguepic:     0
                        umirem:     0
                          yoof:     5
Topic: ageism_2020-08 - Total images:  3128

Filter out images without text
karen             1424
caresact           878
covididiot         127
therona             21
yoof                 5
gopdeathpanels       4
gaslighters          1
Name: hashtag, dtype: int64
Topic: ageism_2020-08 - Images with text:  2460

Filter out duplicate images
karen             1131
caresact           676
covididiot          97
therona             21
yoof                 5
gopdeathpanels       4
gaslighters          1
Name: hashtag, dtype: int64
Topic: ageism_2020-08 - Images without duplication:  1935

Filter out images with no objects
[INFO]  Loading YOLO from disk...
karen             669
caresact          285
covididiot         57
therona            13
gopdeathpanels      2
yoof                2
gaslighters         1
Name: hashtag, dtype: int64
Topic: ageism_2020-08 - Images with objects:  1029

Extract text from images using Tesseract

Clean the OCR results
karen             239
caresact          105
covididiot         22
therona             5
gopdeathpanels      1
Name: hashtag, dtype: int64
Topic: ageism_2020-08 - Images after Tesseract:   372

/projects/academic/hongxinh/anaconda/envs/tweets/bin/python
Job end!
