cpn-k10-27-01.compute.cbls.ccr.buffalo.edu
/projects/academic/hongxinh/anaconda/bin/python
SLURM_JOBID=6431559
SLURM_JOB_NODELIST=cpn-k10-27-01
SLURM_NNODES=1
SLURMTMPDIR=/scratch/6431559
working directory = /projects/academic/hongxinh/zheyuanm/tweets_scrape
 Anaconda Python 3.8 version 2021.05 has been loaded. 
/projects/academic/hongxinh/anaconda/envs/tweets/bin/python
/projects/academic/hongxinh/anaconda/envs/tweets/bin/tesseract
/projects/academic/hongxinh/zheyuanm/tweets_scrape
Job start!
         BillGatesBioTerrorist:     0
                COVID19Vaccine:     0
                      Convid19:   166
            CoronavirusVaccine:    41
                     CovidHoax:     0
                 CovidVaxFacts:     0
           FauciLiedPeopleDied:     0
                 FauciTheFraud:     0
                     FireFauci:     0
                 GetVaccinated:    53
                VaccineFreedom:     2
                  VaccinesWork:  1373
                  WakeUpWiseUp:     0
                   antivaxxers:   217
               billgatesofhell:     0
                  covidvaccine:     1
       covidvaccinesideeffects:     0
                  depopulation:    51
                 scamdemic2020:     0
             vaccinesSaveLives:   250
Topic: vaccine_2020-02 - Total images:  2154

Filter out images without text
VaccinesWork          1021
antivaxxers            206
vaccinesSaveLives      199
Convid19               137
depopulation            40
GetVaccinated           39
CoronavirusVaccine      34
VaccineFreedom           2
Name: hashtag, dtype: int64
Topic: vaccine_2020-02 - Images with text:  1678

Filter out duplicate images
VaccinesWork          929
antivaxxers           157
Convid19              133
vaccinesSaveLives      91
GetVaccinated          38
depopulation           38
CoronavirusVaccine     31
VaccineFreedom          2
Name: hashtag, dtype: int64
Topic: vaccine_2020-02 - Images without duplication:  1419

Filter out images with no objects
[INFO]  Loading YOLO from disk...
VaccinesWork          619
antivaxxers            77
Convid19               58
vaccinesSaveLives      43
GetVaccinated          22
depopulation           17
CoronavirusVaccine     16
VaccineFreedom          2
Name: hashtag, dtype: int64
Topic: vaccine_2020-02 - Images with objects:   854

Extract text from images using Tesseract

Clean the OCR results
VaccinesWork          195
antivaxxers            51
Convid19               12
vaccinesSaveLives      10
CoronavirusVaccine      8
depopulation            7
GetVaccinated           4
VaccineFreedom          2
Name: hashtag, dtype: int64
Topic: vaccine_2020-02 - Images after Tesseract:   289

/projects/academic/hongxinh/anaconda/envs/tweets/bin/python
Job end!
