cpn-k07-23.compute.cbls.ccr.buffalo.edu
/projects/academic/hongxinh/anaconda/bin/python
SLURM_JOBID=6432172
SLURM_JOB_NODELIST=cpn-k07-23
SLURM_NNODES=1
SLURMTMPDIR=/scratch/6432172
working directory = /projects/academic/hongxinh/zheyuanm/tweets_scrape
 Anaconda Python 3.8 version 2021.05 has been loaded. 
/projects/academic/hongxinh/anaconda/envs/tweets/bin/python
/projects/academic/hongxinh/anaconda/envs/tweets/bin/tesseract
/projects/academic/hongxinh/zheyuanm/tweets_scrape
Job start!
                  Election2020:   379
                     Plandemic:   542
                     Trump2020:   194
                      bluewave:   156
                          maga:  5608
                    pencedemic:     3
                 pencepandemic:     0
                  stopthesteal:   195
     trumpliesaboutcoronavirus:     0
                    trumpvirus:   550
                    voterfraud:   113
Topic: politics_2021-04 - Total images:  7740

Filter out images without text
maga            4375
Plandemic        490
trumpvirus       445
Election2020     261
stopthesteal     152
Trump2020        126
bluewave         105
voterfraud        91
pencedemic         2
Name: hashtag, dtype: int64
Topic: politics_2021-04 - Images with text:  6047

Filter out duplicate images
maga            3389
Plandemic        450
trumpvirus       330
Trump2020        117
Election2020     113
stopthesteal     112
bluewave          92
voterfraud        73
pencedemic         2
Name: hashtag, dtype: int64
Topic: politics_2021-04 - Images without duplication:  4678

Filter out images with no objects
[INFO]  Loading YOLO from disk...
maga            2121
Plandemic        246
trumpvirus       188
Trump2020         61
stopthesteal      61
bluewave          57
Election2020      53
voterfraud        33
pencedemic         2
Name: hashtag, dtype: int64
Topic: politics_2021-04 - Images with objects:  2822

Extract text from images using Tesseract

Clean the OCR results
maga            783
Plandemic        91
trumpvirus       75
Election2020     22
Trump2020        20
bluewave         17
stopthesteal     15
voterfraud        9
Name: hashtag, dtype: int64
Topic: politics_2021-04 - Images after Tesseract:  1032

/projects/academic/hongxinh/anaconda/envs/tweets/bin/python
Job end!
