cpn-k07-23.compute.cbls.ccr.buffalo.edu
/projects/academic/hongxinh/anaconda/bin/python
SLURM_JOBID=6432171
SLURM_JOB_NODELIST=cpn-k07-23
SLURM_NNODES=1
SLURMTMPDIR=/scratch/6432171
working directory = /projects/academic/hongxinh/zheyuanm/tweets_scrape
 Anaconda Python 3.8 version 2021.05 has been loaded. 
/projects/academic/hongxinh/anaconda/envs/tweets/bin/python
/projects/academic/hongxinh/anaconda/envs/tweets/bin/tesseract
/projects/academic/hongxinh/zheyuanm/tweets_scrape
Job start!
libpng warning: Duplicate bKGD chunk
libpng warning: Duplicate pHYs chunk
libpng warning: Duplicate bKGD chunk
libpng warning: Duplicate pHYs chunk
libpng warning: Duplicate bKGD chunk
libpng warning: Duplicate pHYs chunk
                  Election2020:  1112
                     Plandemic:   384
                     Trump2020:   415
                      bluewave:   258
                          maga:  8573
                    pencedemic:     2
                 pencepandemic:     0
                  stopthesteal:   465
     trumpliesaboutcoronavirus:     2
                    trumpvirus:   798
                    voterfraud:   194
Topic: politics_2021-02 - Total images: 12203

Filter out images without text
0 - ./tweet_data_general/politics_2021-02/maga/tweets4/Eu6YDyJVoAEAF2t.jpg
maga                         6904
Election2020                  864
trumpvirus                    684
stopthesteal                  372
Plandemic                     341
Trump2020                     331
bluewave                      170
voterfraud                    152
trumpliesaboutcoronavirus       2
pencedemic                      1
Name: hashtag, dtype: int64
Topic: politics_2021-02 - Images with text:  9821

Filter out duplicate images
maga                         5005
trumpvirus                    532
Election2020                  509
Plandemic                     316
stopthesteal                  282
Trump2020                     225
bluewave                      146
voterfraud                    110
trumpliesaboutcoronavirus       2
pencedemic                      1
Name: hashtag, dtype: int64
Topic: politics_2021-02 - Images without duplication:  7128

Filter out images with no objects
[INFO]  Loading YOLO from disk...
maga            3260
trumpvirus       285
Election2020     263
stopthesteal     179
Plandemic        162
Trump2020        140
bluewave          83
voterfraud        63
pencedemic         1
Name: hashtag, dtype: int64
Topic: politics_2021-02 - Images with objects:  4436

Extract text from images using Tesseract

Clean the OCR results
maga            1242
trumpvirus        97
Election2020      90
stopthesteal      64
Plandemic         57
Trump2020         51
bluewave          24
voterfraud        21
Name: hashtag, dtype: int64
Topic: politics_2021-02 - Images after Tesseract:  1646

/projects/academic/hongxinh/anaconda/envs/tweets/bin/python
Job end!
