cpn-f16-23.compute.cbls.ccr.buffalo.edu
/projects/academic/hongxinh/anaconda/bin/python
SLURM_JOBID=6429338
SLURM_JOB_NODELIST=cpn-f16-23
SLURM_NNODES=1
SLURMTMPDIR=/scratch/6429338
working directory = /projects/academic/hongxinh/zheyuanm/tweets_scrape
 Anaconda Python 3.8 version 2021.05 has been loaded. 
/projects/academic/hongxinh/anaconda/envs/tweets/bin/python
/projects/academic/hongxinh/anaconda/envs/tweets/bin/tesseract
/projects/academic/hongxinh/zheyuanm/tweets_scrape
Job start!
                      CCPVirus:   827
                  ChinaDidThis:     2
           ChinaLiedPeopleDied:   147
                    ChinaVirus:   480
           ChineseBioterrorism:     0
                     FuckChina:    52
                  chinesevirus:   288
                communistvirus:     0
                       kungflu:    16
                  makechinapay:    38
                      wuhanflu:    15
                    wuhanvirus:   284
Topic: asianhate_2021-02 - Total images:  2149

Filter out images without text
CCPVirus               789
ChinaVirus             402
chinesevirus           235
wuhanvirus             233
ChinaLiedPeopleDied    130
FuckChina               37
makechinapay            33
kungflu                 14
wuhanflu                12
ChinaDidThis             2
Name: hashtag, dtype: int64
Topic: asianhate_2021-02 - Images with text:  1887

Filter out duplicate images
CCPVirus               354
ChinaVirus             331
chinesevirus           158
wuhanvirus             124
ChinaLiedPeopleDied    115
FuckChina               34
makechinapay            11
kungflu                  8
wuhanflu                 7
ChinaDidThis             2
Name: hashtag, dtype: int64
Topic: asianhate_2021-02 - Images without duplication:  1144

Filter out images with no objects
[INFO]  Loading YOLO from disk...
ChinaVirus             200
CCPVirus               174
chinesevirus            81
ChinaLiedPeopleDied     64
wuhanvirus              59
FuckChina               19
makechinapay             6
kungflu                  2
ChinaDidThis             1
Name: hashtag, dtype: int64
Topic: asianhate_2021-02 - Images with objects:   606

Extract text from images using Tesseract

Clean the OCR results
ChinaVirus             77
CCPVirus               51
chinesevirus           27
ChinaLiedPeopleDied    18
wuhanvirus             16
FuckChina               4
makechinapay            2
kungflu                 1
Name: hashtag, dtype: int64
Topic: asianhate_2021-02 - Images after Tesseract:   196

/projects/academic/hongxinh/anaconda/envs/tweets/bin/python
Job end!
