cpn-k14-27-02.compute.cbls.ccr.buffalo.edu
/projects/academic/hongxinh/anaconda/bin/python
SLURM_JOBID=6431560
SLURM_JOB_NODELIST=cpn-k14-27-02
SLURM_NNODES=1
SLURMTMPDIR=/scratch/6431560
working directory = /projects/academic/hongxinh/zheyuanm/tweets_scrape
 Anaconda Python 3.8 version 2021.05 has been loaded. 
/projects/academic/hongxinh/anaconda/envs/tweets/bin/python
/projects/academic/hongxinh/anaconda/envs/tweets/bin/tesseract
/projects/academic/hongxinh/zheyuanm/tweets_scrape
Job start!
         BillGatesBioTerrorist:   179
                COVID19Vaccine:   168
                      Convid19:  1246
            CoronavirusVaccine:   304
                     CovidHoax:   153
                 CovidVaxFacts:     0
           FauciLiedPeopleDied:     8
                 FauciTheFraud:   120
                     FireFauci:  2153
                 GetVaccinated:    12
                VaccineFreedom:     0
                  VaccinesWork:  2141
                  WakeUpWiseUp:     0
                   antivaxxers:   194
               billgatesofhell:    29
                  covidvaccine:   113
       covidvaccinesideeffects:     0
                  depopulation:   139
                 scamdemic2020:    32
             vaccinesSaveLives:   156
Topic: vaccine_2020-04 - Total images:  7147

Filter out images without text
0 - ./tweet_data_general/vaccine_2020-04/CoronavirusVaccine/tweets3/EV2OQvkX0AEUn4Q.jpg
0 - ./tweet_data_general/vaccine_2020-04/CoronavirusVaccine/tweets3/EV98GL6XkAEZQQn.jpg
0 - ./tweet_data_general/vaccine_2020-04/VaccinesWork/tweets4/EWoKpWzXYAAPAa5.jpg
VaccinesWork             1781
FireFauci                1678
Convid19                  944
CoronavirusVaccine        253
antivaxxers               164
BillGatesBioTerrorist     158
CovidHoax                 139
COVID19Vaccine            135
depopulation              112
vaccinesSaveLives         110
FauciTheFraud              99
covidvaccine               96
scamdemic2020              30
billgatesofhell            22
GetVaccinated              11
FauciLiedPeopleDied         8
Name: hashtag, dtype: int64
Topic: vaccine_2020-04 - Images with text:  5740

Filter out duplicate images
FireFauci                1368
VaccinesWork             1342
Convid19                  891
CoronavirusVaccine        208
BillGatesBioTerrorist     155
antivaxxers               146
COVID19Vaccine            131
CovidHoax                 117
depopulation              101
covidvaccine               89
FauciTheFraud              77
vaccinesSaveLives          50
scamdemic2020              29
billgatesofhell            14
GetVaccinated              11
FauciLiedPeopleDied         8
Name: hashtag, dtype: int64
Topic: vaccine_2020-04 - Images without duplication:  4737

Filter out images with no objects
[INFO]  Loading YOLO from disk...
FireFauci                873
VaccinesWork             692
Convid19                 485
CoronavirusVaccine       132
BillGatesBioTerrorist    107
COVID19Vaccine            83
antivaxxers               68
depopulation              63
FauciTheFraud             54
CovidHoax                 51
covidvaccine              35
vaccinesSaveLives         28
scamdemic2020             16
billgatesofhell           10
FauciLiedPeopleDied        8
GetVaccinated              4
Name: hashtag, dtype: int64
Topic: vaccine_2020-04 - Images with objects:  2709

Extract text from images using Tesseract

Clean the OCR results
FireFauci                361
VaccinesWork             257
Convid19                 156
CoronavirusVaccine        57
BillGatesBioTerrorist     47
antivaxxers               29
depopulation              28
COVID19Vaccine            26
FauciTheFraud             25
CovidHoax                 17
vaccinesSaveLives         14
covidvaccine               8
scamdemic2020              7
billgatesofhell            6
FauciLiedPeopleDied        2
GetVaccinated              2
Name: hashtag, dtype: int64
Topic: vaccine_2020-04 - Images after Tesseract:  1042

/projects/academic/hongxinh/anaconda/envs/tweets/bin/python
Job end!
