cpn-k08-27-01.compute.cbls.ccr.buffalo.edu
/projects/academic/hongxinh/anaconda/bin/python
SLURM_JOBID=6428049
SLURM_JOB_NODELIST=cpn-k08-27-01
SLURM_NNODES=1
SLURMTMPDIR=/scratch/6428049
working directory = /projects/academic/hongxinh/zheyuanm/tweets_scrape
 Anaconda Python 3.8 version 2021.05 has been loaded. 
/projects/academic/hongxinh/anaconda/envs/tweets/bin/python
/projects/academic/hongxinh/anaconda/envs/tweets/bin/tesseract
/projects/academic/hongxinh/zheyuanm/tweets_scrape
Job start!
                      60sfolks:     2
                   boomerdeath:     0
                      caresact:     1
                        corbid:     0
                    covididiot:     0
                       deletus:     0
                 elderlydeaths:     0
                   gaslighters:     1
                gopdeathpanels:     2
                 itsafairconvo:     0
                         karen:   242
                   okboomerpic:     0
                        parnts:     0
                thankyouboomer:     0
                       therona:     0
                trumpplaguepic:     0
                        umirem:     0
                          yoof:     3
Topic: ageism_2020-02 - Total images:   251

Filter out images without text
karen             182
yoof                2
gopdeathpanels      2
gaslighters         1
Name: hashtag, dtype: int64
Topic: ageism_2020-02 - Images with text:   187

Filter out duplicate images
karen             166
yoof                2
gopdeathpanels      2
gaslighters         1
Name: hashtag, dtype: int64
Topic: ageism_2020-02 - Images without duplication:   171

Filter out images with no objects
[INFO]  Loading YOLO from disk...
karen             107
yoof                2
gopdeathpanels      1
Name: hashtag, dtype: int64
Topic: ageism_2020-02 - Images with objects:   110

Extract text from images using Tesseract

Clean the OCR results
karen    40
yoof      2
Name: hashtag, dtype: int64
Topic: ageism_2020-02 - Images after Tesseract:    42

/projects/academic/hongxinh/anaconda/envs/tweets/bin/python
Job end!
