cpn-k07-04-02.compute.cbls.ccr.buffalo.edu
/projects/academic/hongxinh/anaconda/bin/python
SLURM_JOBID=6425542
SLURM_JOB_NODELIST=cpn-k07-04-02
SLURM_NNODES=1
SLURMTMPDIR=/scratch/6425542
working directory = /projects/academic/hongxinh/zheyuanm/tweets_scrape
 Anaconda Python 3.8 version 2021.05 has been loaded. 
/projects/academic/hongxinh/anaconda/envs/tweets/bin/python
/projects/academic/hongxinh/zheyuanm/tweets_scrape
Job start!
snscrape twitter-search "#karen since:2020-02-01 until:2020-02-07 filter:images" > tweet_data_general/ageism_2020-02/karen/tweets1.txt
snscrape twitter-search "#karen since:2020-02-08 until:2020-02-14 filter:images" > tweet_data_general/ageism_2020-02/karen/tweets2.txt
snscrape twitter-search "#karen since:2020-02-15 until:2020-02-21 filter:images" > tweet_data_general/ageism_2020-02/karen/tweets3.txt
snscrape twitter-search "#karen since:2020-02-22 until:2020-02-28 filter:images" > tweet_data_general/ageism_2020-02/karen/tweets4.txt
snscrape twitter-search "#karen since:2020-02-29 until:2020-02-29 filter:images" > tweet_data_general/ageism_2020-02/karen/tweets5.txt
snscrape twitter-search "#caresact since:2020-02-01 until:2020-02-07 filter:images" > tweet_data_general/ageism_2020-02/caresact/tweets1.txt
snscrape twitter-search "#caresact since:2020-02-08 until:2020-02-14 filter:images" > tweet_data_general/ageism_2020-02/caresact/tweets2.txt
snscrape twitter-search "#caresact since:2020-02-15 until:2020-02-21 filter:images" > tweet_data_general/ageism_2020-02/caresact/tweets3.txt
snscrape twitter-search "#caresact since:2020-02-22 until:2020-02-28 filter:images" > tweet_data_general/ageism_2020-02/caresact/tweets4.txt
snscrape twitter-search "#caresact since:2020-02-29 until:2020-02-29 filter:images" > tweet_data_general/ageism_2020-02/caresact/tweets5.txt
snscrape twitter-search "#covididiot since:2020-02-01 until:2020-02-07 filter:images" > tweet_data_general/ageism_2020-02/covididiot/tweets1.txt
snscrape twitter-search "#covididiot since:2020-02-08 until:2020-02-14 filter:images" > tweet_data_general/ageism_2020-02/covididiot/tweets2.txt
snscrape twitter-search "#covididiot since:2020-02-15 until:2020-02-21 filter:images" > tweet_data_general/ageism_2020-02/covididiot/tweets3.txt
snscrape twitter-search "#covididiot since:2020-02-22 until:2020-02-28 filter:images" > tweet_data_general/ageism_2020-02/covididiot/tweets4.txt
snscrape twitter-search "#covididiot since:2020-02-29 until:2020-02-29 filter:images" > tweet_data_general/ageism_2020-02/covididiot/tweets5.txt
snscrape twitter-search "#therona since:2020-02-01 until:2020-02-07 filter:images" > tweet_data_general/ageism_2020-02/therona/tweets1.txt
snscrape twitter-search "#therona since:2020-02-08 until:2020-02-14 filter:images" > tweet_data_general/ageism_2020-02/therona/tweets2.txt
snscrape twitter-search "#therona since:2020-02-15 until:2020-02-21 filter:images" > tweet_data_general/ageism_2020-02/therona/tweets3.txt
snscrape twitter-search "#therona since:2020-02-22 until:2020-02-28 filter:images" > tweet_data_general/ageism_2020-02/therona/tweets4.txt
snscrape twitter-search "#therona since:2020-02-29 until:2020-02-29 filter:images" > tweet_data_general/ageism_2020-02/therona/tweets5.txt
snscrape twitter-search "#gopdeathpanels since:2020-02-01 until:2020-02-07 filter:images" > tweet_data_general/ageism_2020-02/gopdeathpanels/tweets1.txt
snscrape twitter-search "#gopdeathpanels since:2020-02-08 until:2020-02-14 filter:images" > tweet_data_general/ageism_2020-02/gopdeathpanels/tweets2.txt
snscrape twitter-search "#gopdeathpanels since:2020-02-15 until:2020-02-21 filter:images" > tweet_data_general/ageism_2020-02/gopdeathpanels/tweets3.txt
snscrape twitter-search "#gopdeathpanels since:2020-02-22 until:2020-02-28 filter:images" > tweet_data_general/ageism_2020-02/gopdeathpanels/tweets4.txt
snscrape twitter-search "#gopdeathpanels since:2020-02-29 until:2020-02-29 filter:images" > tweet_data_general/ageism_2020-02/gopdeathpanels/tweets5.txt
snscrape twitter-search "#yoof since:2020-02-01 until:2020-02-07 filter:images" > tweet_data_general/ageism_2020-02/yoof/tweets1.txt
snscrape twitter-search "#yoof since:2020-02-08 until:2020-02-14 filter:images" > tweet_data_general/ageism_2020-02/yoof/tweets2.txt
snscrape twitter-search "#yoof since:2020-02-15 until:2020-02-21 filter:images" > tweet_data_general/ageism_2020-02/yoof/tweets3.txt
snscrape twitter-search "#yoof since:2020-02-22 until:2020-02-28 filter:images" > tweet_data_general/ageism_2020-02/yoof/tweets4.txt
snscrape twitter-search "#yoof since:2020-02-29 until:2020-02-29 filter:images" > tweet_data_general/ageism_2020-02/yoof/tweets5.txt
snscrape twitter-search "#gaslighters since:2020-02-01 until:2020-02-07 filter:images" > tweet_data_general/ageism_2020-02/gaslighters/tweets1.txt
snscrape twitter-search "#gaslighters since:2020-02-08 until:2020-02-14 filter:images" > tweet_data_general/ageism_2020-02/gaslighters/tweets2.txt
snscrape twitter-search "#gaslighters since:2020-02-15 until:2020-02-21 filter:images" > tweet_data_general/ageism_2020-02/gaslighters/tweets3.txt
snscrape twitter-search "#gaslighters since:2020-02-22 until:2020-02-28 filter:images" > tweet_data_general/ageism_2020-02/gaslighters/tweets4.txt
snscrape twitter-search "#gaslighters since:2020-02-29 until:2020-02-29 filter:images" > tweet_data_general/ageism_2020-02/gaslighters/tweets5.txt
snscrape twitter-search "#okboomerpic since:2020-02-01 until:2020-02-07 filter:images" > tweet_data_general/ageism_2020-02/okboomerpic/tweets1.txt
snscrape twitter-search "#okboomerpic since:2020-02-08 until:2020-02-14 filter:images" > tweet_data_general/ageism_2020-02/okboomerpic/tweets2.txt
snscrape twitter-search "#okboomerpic since:2020-02-15 until:2020-02-21 filter:images" > tweet_data_general/ageism_2020-02/okboomerpic/tweets3.txt
snscrape twitter-search "#okboomerpic since:2020-02-22 until:2020-02-28 filter:images" > tweet_data_general/ageism_2020-02/okboomerpic/tweets4.txt
snscrape twitter-search "#okboomerpic since:2020-02-29 until:2020-02-29 filter:images" > tweet_data_general/ageism_2020-02/okboomerpic/tweets5.txt
snscrape twitter-search "#itsafairconvo since:2020-02-01 until:2020-02-07 filter:images" > tweet_data_general/ageism_2020-02/itsafairconvo/tweets1.txt
snscrape twitter-search "#itsafairconvo since:2020-02-08 until:2020-02-14 filter:images" > tweet_data_general/ageism_2020-02/itsafairconvo/tweets2.txt
snscrape twitter-search "#itsafairconvo since:2020-02-15 until:2020-02-21 filter:images" > tweet_data_general/ageism_2020-02/itsafairconvo/tweets3.txt
snscrape twitter-search "#itsafairconvo since:2020-02-22 until:2020-02-28 filter:images" > tweet_data_general/ageism_2020-02/itsafairconvo/tweets4.txt
snscrape twitter-search "#itsafairconvo since:2020-02-29 until:2020-02-29 filter:images" > tweet_data_general/ageism_2020-02/itsafairconvo/tweets5.txt
snscrape twitter-search "#elderlydeaths since:2020-02-01 until:2020-02-07 filter:images" > tweet_data_general/ageism_2020-02/elderlydeaths/tweets1.txt
snscrape twitter-search "#elderlydeaths since:2020-02-08 until:2020-02-14 filter:images" > tweet_data_general/ageism_2020-02/elderlydeaths/tweets2.txt
snscrape twitter-search "#elderlydeaths since:2020-02-15 until:2020-02-21 filter:images" > tweet_data_general/ageism_2020-02/elderlydeaths/tweets3.txt
snscrape twitter-search "#elderlydeaths since:2020-02-22 until:2020-02-28 filter:images" > tweet_data_general/ageism_2020-02/elderlydeaths/tweets4.txt
snscrape twitter-search "#elderlydeaths since:2020-02-29 until:2020-02-29 filter:images" > tweet_data_general/ageism_2020-02/elderlydeaths/tweets5.txt
snscrape twitter-search "#trumpplaguepic since:2020-02-01 until:2020-02-07 filter:images" > tweet_data_general/ageism_2020-02/trumpplaguepic/tweets1.txt
snscrape twitter-search "#trumpplaguepic since:2020-02-08 until:2020-02-14 filter:images" > tweet_data_general/ageism_2020-02/trumpplaguepic/tweets2.txt
snscrape twitter-search "#trumpplaguepic since:2020-02-15 until:2020-02-21 filter:images" > tweet_data_general/ageism_2020-02/trumpplaguepic/tweets3.txt
snscrape twitter-search "#trumpplaguepic since:2020-02-22 until:2020-02-28 filter:images" > tweet_data_general/ageism_2020-02/trumpplaguepic/tweets4.txt
snscrape twitter-search "#trumpplaguepic since:2020-02-29 until:2020-02-29 filter:images" > tweet_data_general/ageism_2020-02/trumpplaguepic/tweets5.txt
snscrape twitter-search "#umirem since:2020-02-01 until:2020-02-07 filter:images" > tweet_data_general/ageism_2020-02/umirem/tweets1.txt
snscrape twitter-search "#umirem since:2020-02-08 until:2020-02-14 filter:images" > tweet_data_general/ageism_2020-02/umirem/tweets2.txt
snscrape twitter-search "#umirem since:2020-02-15 until:2020-02-21 filter:images" > tweet_data_general/ageism_2020-02/umirem/tweets3.txt
snscrape twitter-search "#umirem since:2020-02-22 until:2020-02-28 filter:images" > tweet_data_general/ageism_2020-02/umirem/tweets4.txt
snscrape twitter-search "#umirem since:2020-02-29 until:2020-02-29 filter:images" > tweet_data_general/ageism_2020-02/umirem/tweets5.txt
snscrape twitter-search "#boomerdeath since:2020-02-01 until:2020-02-07 filter:images" > tweet_data_general/ageism_2020-02/boomerdeath/tweets1.txt
snscrape twitter-search "#boomerdeath since:2020-02-08 until:2020-02-14 filter:images" > tweet_data_general/ageism_2020-02/boomerdeath/tweets2.txt
snscrape twitter-search "#boomerdeath since:2020-02-15 until:2020-02-21 filter:images" > tweet_data_general/ageism_2020-02/boomerdeath/tweets3.txt
snscrape twitter-search "#boomerdeath since:2020-02-22 until:2020-02-28 filter:images" > tweet_data_general/ageism_2020-02/boomerdeath/tweets4.txt
snscrape twitter-search "#boomerdeath since:2020-02-29 until:2020-02-29 filter:images" > tweet_data_general/ageism_2020-02/boomerdeath/tweets5.txt
snscrape twitter-search "#corbid since:2020-02-01 until:2020-02-07 filter:images" > tweet_data_general/ageism_2020-02/corbid/tweets1.txt
snscrape twitter-search "#corbid since:2020-02-08 until:2020-02-14 filter:images" > tweet_data_general/ageism_2020-02/corbid/tweets2.txt
snscrape twitter-search "#corbid since:2020-02-15 until:2020-02-21 filter:images" > tweet_data_general/ageism_2020-02/corbid/tweets3.txt
snscrape twitter-search "#corbid since:2020-02-22 until:2020-02-28 filter:images" > tweet_data_general/ageism_2020-02/corbid/tweets4.txt
snscrape twitter-search "#corbid since:2020-02-29 until:2020-02-29 filter:images" > tweet_data_general/ageism_2020-02/corbid/tweets5.txt
snscrape twitter-search "#deletus since:2020-02-01 until:2020-02-07 filter:images" > tweet_data_general/ageism_2020-02/deletus/tweets1.txt
snscrape twitter-search "#deletus since:2020-02-08 until:2020-02-14 filter:images" > tweet_data_general/ageism_2020-02/deletus/tweets2.txt
snscrape twitter-search "#deletus since:2020-02-15 until:2020-02-21 filter:images" > tweet_data_general/ageism_2020-02/deletus/tweets3.txt
snscrape twitter-search "#deletus since:2020-02-22 until:2020-02-28 filter:images" > tweet_data_general/ageism_2020-02/deletus/tweets4.txt
snscrape twitter-search "#deletus since:2020-02-29 until:2020-02-29 filter:images" > tweet_data_general/ageism_2020-02/deletus/tweets5.txt
snscrape twitter-search "#parnts since:2020-02-01 until:2020-02-07 filter:images" > tweet_data_general/ageism_2020-02/parnts/tweets1.txt
snscrape twitter-search "#parnts since:2020-02-08 until:2020-02-14 filter:images" > tweet_data_general/ageism_2020-02/parnts/tweets2.txt
snscrape twitter-search "#parnts since:2020-02-15 until:2020-02-21 filter:images" > tweet_data_general/ageism_2020-02/parnts/tweets3.txt
snscrape twitter-search "#parnts since:2020-02-22 until:2020-02-28 filter:images" > tweet_data_general/ageism_2020-02/parnts/tweets4.txt
snscrape twitter-search "#parnts since:2020-02-29 until:2020-02-29 filter:images" > tweet_data_general/ageism_2020-02/parnts/tweets5.txt
snscrape twitter-search "#thankyouboomer since:2020-02-01 until:2020-02-07 filter:images" > tweet_data_general/ageism_2020-02/thankyouboomer/tweets1.txt
snscrape twitter-search "#thankyouboomer since:2020-02-08 until:2020-02-14 filter:images" > tweet_data_general/ageism_2020-02/thankyouboomer/tweets2.txt
snscrape twitter-search "#thankyouboomer since:2020-02-15 until:2020-02-21 filter:images" > tweet_data_general/ageism_2020-02/thankyouboomer/tweets3.txt
snscrape twitter-search "#thankyouboomer since:2020-02-22 until:2020-02-28 filter:images" > tweet_data_general/ageism_2020-02/thankyouboomer/tweets4.txt
snscrape twitter-search "#thankyouboomer since:2020-02-29 until:2020-02-29 filter:images" > tweet_data_general/ageism_2020-02/thankyouboomer/tweets5.txt
snscrape twitter-search "#60sfolks since:2020-02-01 until:2020-02-07 filter:images" > tweet_data_general/ageism_2020-02/60sfolks/tweets1.txt
snscrape twitter-search "#60sfolks since:2020-02-08 until:2020-02-14 filter:images" > tweet_data_general/ageism_2020-02/60sfolks/tweets2.txt
snscrape twitter-search "#60sfolks since:2020-02-15 until:2020-02-21 filter:images" > tweet_data_general/ageism_2020-02/60sfolks/tweets3.txt
snscrape twitter-search "#60sfolks since:2020-02-22 until:2020-02-28 filter:images" > tweet_data_general/ageism_2020-02/60sfolks/tweets4.txt
snscrape twitter-search "#60sfolks since:2020-02-29 until:2020-02-29 filter:images" > tweet_data_general/ageism_2020-02/60sfolks/tweets5.txt
1 tweets in file tweet_data_general/ageism_2020-02/60sfolks/tweets1.txt
0 tweets in file tweet_data_general/ageism_2020-02/60sfolks/tweets2.txt
0 tweets in file tweet_data_general/ageism_2020-02/60sfolks/tweets3.txt
1 tweets in file tweet_data_general/ageism_2020-02/60sfolks/tweets4.txt
0 tweets in file tweet_data_general/ageism_2020-02/60sfolks/tweets5.txt
0 tweets in file tweet_data_general/ageism_2020-02/boomerdeath/tweets1.txt
0 tweets in file tweet_data_general/ageism_2020-02/boomerdeath/tweets2.txt
0 tweets in file tweet_data_general/ageism_2020-02/boomerdeath/tweets3.txt
0 tweets in file tweet_data_general/ageism_2020-02/boomerdeath/tweets4.txt
0 tweets in file tweet_data_general/ageism_2020-02/boomerdeath/tweets5.txt
1 tweets in file tweet_data_general/ageism_2020-02/caresact/tweets1.txt
0 tweets in file tweet_data_general/ageism_2020-02/caresact/tweets2.txt
0 tweets in file tweet_data_general/ageism_2020-02/caresact/tweets3.txt
0 tweets in file tweet_data_general/ageism_2020-02/caresact/tweets4.txt
0 tweets in file tweet_data_general/ageism_2020-02/caresact/tweets5.txt
0 tweets in file tweet_data_general/ageism_2020-02/corbid/tweets1.txt
0 tweets in file tweet_data_general/ageism_2020-02/corbid/tweets2.txt
0 tweets in file tweet_data_general/ageism_2020-02/corbid/tweets3.txt
0 tweets in file tweet_data_general/ageism_2020-02/corbid/tweets4.txt
0 tweets in file tweet_data_general/ageism_2020-02/corbid/tweets5.txt
0 tweets in file tweet_data_general/ageism_2020-02/covididiot/tweets1.txt
0 tweets in file tweet_data_general/ageism_2020-02/covididiot/tweets2.txt
0 tweets in file tweet_data_general/ageism_2020-02/covididiot/tweets3.txt
0 tweets in file tweet_data_general/ageism_2020-02/covididiot/tweets4.txt
0 tweets in file tweet_data_general/ageism_2020-02/covididiot/tweets5.txt
1 tweets in file tweet_data_general/ageism_2020-02/deletus/tweets1.txt
0 tweets in file tweet_data_general/ageism_2020-02/deletus/tweets2.txt
0 tweets in file tweet_data_general/ageism_2020-02/deletus/tweets3.txt
0 tweets in file tweet_data_general/ageism_2020-02/deletus/tweets4.txt
0 tweets in file tweet_data_general/ageism_2020-02/deletus/tweets5.txt
0 tweets in file tweet_data_general/ageism_2020-02/elderlydeaths/tweets1.txt
0 tweets in file tweet_data_general/ageism_2020-02/elderlydeaths/tweets2.txt
0 tweets in file tweet_data_general/ageism_2020-02/elderlydeaths/tweets3.txt
0 tweets in file tweet_data_general/ageism_2020-02/elderlydeaths/tweets4.txt
0 tweets in file tweet_data_general/ageism_2020-02/elderlydeaths/tweets5.txt
1 tweets in file tweet_data_general/ageism_2020-02/gaslighters/tweets1.txt
0 tweets in file tweet_data_general/ageism_2020-02/gaslighters/tweets2.txt
0 tweets in file tweet_data_general/ageism_2020-02/gaslighters/tweets3.txt
0 tweets in file tweet_data_general/ageism_2020-02/gaslighters/tweets4.txt
0 tweets in file tweet_data_general/ageism_2020-02/gaslighters/tweets5.txt
1 tweets in file tweet_data_general/ageism_2020-02/gopdeathpanels/tweets1.txt
0 tweets in file tweet_data_general/ageism_2020-02/gopdeathpanels/tweets2.txt
0 tweets in file tweet_data_general/ageism_2020-02/gopdeathpanels/tweets3.txt
1 tweets in file tweet_data_general/ageism_2020-02/gopdeathpanels/tweets4.txt
0 tweets in file tweet_data_general/ageism_2020-02/gopdeathpanels/tweets5.txt
0 tweets in file tweet_data_general/ageism_2020-02/itsafairconvo/tweets1.txt
0 tweets in file tweet_data_general/ageism_2020-02/itsafairconvo/tweets2.txt
0 tweets in file tweet_data_general/ageism_2020-02/itsafairconvo/tweets3.txt
0 tweets in file tweet_data_general/ageism_2020-02/itsafairconvo/tweets4.txt
0 tweets in file tweet_data_general/ageism_2020-02/itsafairconvo/tweets5.txt
161 tweets in file tweet_data_general/ageism_2020-02/karen/tweets1.txt
156 tweets in file tweet_data_general/ageism_2020-02/karen/tweets2.txt
180 tweets in file tweet_data_general/ageism_2020-02/karen/tweets3.txt
135 tweets in file tweet_data_general/ageism_2020-02/karen/tweets4.txt
0 tweets in file tweet_data_general/ageism_2020-02/karen/tweets5.txt
0 tweets in file tweet_data_general/ageism_2020-02/okboomerpic/tweets1.txt
0 tweets in file tweet_data_general/ageism_2020-02/okboomerpic/tweets2.txt
0 tweets in file tweet_data_general/ageism_2020-02/okboomerpic/tweets3.txt
0 tweets in file tweet_data_general/ageism_2020-02/okboomerpic/tweets4.txt
0 tweets in file tweet_data_general/ageism_2020-02/okboomerpic/tweets5.txt
0 tweets in file tweet_data_general/ageism_2020-02/parnts/tweets1.txt
0 tweets in file tweet_data_general/ageism_2020-02/parnts/tweets2.txt
0 tweets in file tweet_data_general/ageism_2020-02/parnts/tweets3.txt
0 tweets in file tweet_data_general/ageism_2020-02/parnts/tweets4.txt
0 tweets in file tweet_data_general/ageism_2020-02/parnts/tweets5.txt
0 tweets in file tweet_data_general/ageism_2020-02/thankyouboomer/tweets1.txt
0 tweets in file tweet_data_general/ageism_2020-02/thankyouboomer/tweets2.txt
0 tweets in file tweet_data_general/ageism_2020-02/thankyouboomer/tweets3.txt
0 tweets in file tweet_data_general/ageism_2020-02/thankyouboomer/tweets4.txt
0 tweets in file tweet_data_general/ageism_2020-02/thankyouboomer/tweets5.txt
0 tweets in file tweet_data_general/ageism_2020-02/therona/tweets1.txt
0 tweets in file tweet_data_general/ageism_2020-02/therona/tweets2.txt
0 tweets in file tweet_data_general/ageism_2020-02/therona/tweets3.txt
0 tweets in file tweet_data_general/ageism_2020-02/therona/tweets4.txt
0 tweets in file tweet_data_general/ageism_2020-02/therona/tweets5.txt
0 tweets in file tweet_data_general/ageism_2020-02/trumpplaguepic/tweets1.txt
0 tweets in file tweet_data_general/ageism_2020-02/trumpplaguepic/tweets2.txt
0 tweets in file tweet_data_general/ageism_2020-02/trumpplaguepic/tweets3.txt
0 tweets in file tweet_data_general/ageism_2020-02/trumpplaguepic/tweets4.txt
0 tweets in file tweet_data_general/ageism_2020-02/trumpplaguepic/tweets5.txt
0 tweets in file tweet_data_general/ageism_2020-02/umirem/tweets1.txt
0 tweets in file tweet_data_general/ageism_2020-02/umirem/tweets2.txt
0 tweets in file tweet_data_general/ageism_2020-02/umirem/tweets3.txt
0 tweets in file tweet_data_general/ageism_2020-02/umirem/tweets4.txt
0 tweets in file tweet_data_general/ageism_2020-02/umirem/tweets5.txt
0 tweets in file tweet_data_general/ageism_2020-02/yoof/tweets1.txt
1 tweets in file tweet_data_general/ageism_2020-02/yoof/tweets2.txt
0 tweets in file tweet_data_general/ageism_2020-02/yoof/tweets3.txt
3 tweets in file tweet_data_general/ageism_2020-02/yoof/tweets4.txt
0 tweets in file tweet_data_general/ageism_2020-02/yoof/tweets5.txt
CSV FILE COUNT: 90
  0%|          | 0/90 [00:00<?, ?it/s]  1%|          | 1/90 [00:00<00:48,  1.82it/s]  4%|▍         | 4/90 [00:01<00:23,  3.72it/s] 12%|█▏        | 11/90 [00:01<00:09,  8.76it/s] 37%|███▋      | 33/90 [00:01<00:01, 33.02it/s] 40%|████      | 36/90 [00:01<00:01, 27.02it/s] 46%|████▌     | 41/90 [00:02<00:01, 25.80it/s] 49%|████▉     | 44/90 [00:02<00:02, 18.47it/s] 57%|█████▋    | 51/90 [00:21<00:38,  1.00it/s] 58%|█████▊    | 52/90 [00:36<01:16,  2.00s/it] 59%|█████▉    | 53/90 [00:54<02:04,  3.37s/it] 60%|██████    | 54/90 [01:13<03:03,  5.10s/it] 86%|████████▌ | 77/90 [01:13<00:14,  1.09s/it] 97%|█████████▋| 87/90 [01:13<00:02,  1.35it/s] 99%|█████████▉| 89/90 [01:14<00:00,  1.42it/s]100%|██████████| 90/90 [01:14<00:00,  1.21it/s]
/projects/academic/hongxinh/anaconda/envs/tweets/bin/python
Job end!
