cpn-k07-02-01.compute.cbls.ccr.buffalo.edu
/projects/academic/hongxinh/anaconda/bin/python
SLURM_JOBID=6225744
SLURM_JOB_NODELIST=cpn-k07-02-01
SLURM_NNODES=1
SLURMTMPDIR=/scratch/6225744
working directory = /projects/academic/hongxinh/zheyuanm/tweets_scrape
 Anaconda Python 3.8 version 2021.05 has been loaded. 
/projects/academic/hongxinh/anaconda/envs/tweets/bin/python
/projects/academic/hongxinh/zheyuanm/tweets_scrape
Job start!
snscrape twitter-search "#Corbid since:2020-02-01 until:2020-02-07 filter:images" > tweet_data/ageism_2020-02/Corbid/tweets1.txt

snscrape twitter-search "#Corbid since:2020-02-08 until:2020-02-14 filter:images" > tweet_data/ageism_2020-02/Corbid/tweets2.txt

snscrape twitter-search "#Corbid since:2020-02-15 until:2020-02-21 filter:images" > tweet_data/ageism_2020-02/Corbid/tweets3.txt

snscrape twitter-search "#Corbid since:2020-02-22 until:2020-02-28 filter:images" > tweet_data/ageism_2020-02/Corbid/tweets4.txt

snscrape twitter-search "#Corbid since:2020-02-29 until:2020-02-29 filter:images" > tweet_data/ageism_2020-02/Corbid/tweets5.txt

snscrape twitter-search "#okboomer since:2020-02-01 until:2020-02-07 filter:images" > tweet_data/ageism_2020-02/okboomer/tweets1.txt

snscrape twitter-search "#okboomer since:2020-02-08 until:2020-02-14 filter:images" > tweet_data/ageism_2020-02/okboomer/tweets2.txt

snscrape twitter-search "#okboomer since:2020-02-15 until:2020-02-21 filter:images" > tweet_data/ageism_2020-02/okboomer/tweets3.txt

snscrape twitter-search "#okboomer since:2020-02-22 until:2020-02-28 filter:images" > tweet_data/ageism_2020-02/okboomer/tweets4.txt

snscrape twitter-search "#okboomer since:2020-02-29 until:2020-02-29 filter:images" > tweet_data/ageism_2020-02/okboomer/tweets5.txt

snscrape twitter-search "#boomerdeath since:2020-02-01 until:2020-02-07 filter:images" > tweet_data/ageism_2020-02/boomerdeath/tweets1.txt

snscrape twitter-search "#boomerdeath since:2020-02-08 until:2020-02-14 filter:images" > tweet_data/ageism_2020-02/boomerdeath/tweets2.txt

snscrape twitter-search "#boomerdeath since:2020-02-15 until:2020-02-21 filter:images" > tweet_data/ageism_2020-02/boomerdeath/tweets3.txt

snscrape twitter-search "#boomerdeath since:2020-02-22 until:2020-02-28 filter:images" > tweet_data/ageism_2020-02/boomerdeath/tweets4.txt

snscrape twitter-search "#boomerdeath since:2020-02-29 until:2020-02-29 filter:images" > tweet_data/ageism_2020-02/boomerdeath/tweets5.txt

snscrape twitter-search "#covididiot since:2020-02-01 until:2020-02-07 filter:images" > tweet_data/ageism_2020-02/covididiot/tweets1.txt

snscrape twitter-search "#covididiot since:2020-02-08 until:2020-02-14 filter:images" > tweet_data/ageism_2020-02/covididiot/tweets2.txt

snscrape twitter-search "#covididiot since:2020-02-15 until:2020-02-21 filter:images" > tweet_data/ageism_2020-02/covididiot/tweets3.txt

snscrape twitter-search "#covididiot since:2020-02-22 until:2020-02-28 filter:images" > tweet_data/ageism_2020-02/covididiot/tweets4.txt

snscrape twitter-search "#covididiot since:2020-02-29 until:2020-02-29 filter:images" > tweet_data/ageism_2020-02/covididiot/tweets5.txt

snscrape twitter-search "#covidiots since:2020-02-01 until:2020-02-07 filter:images" > tweet_data/ageism_2020-02/covidiots/tweets1.txt

snscrape twitter-search "#covidiots since:2020-02-08 until:2020-02-14 filter:images" > tweet_data/ageism_2020-02/covidiots/tweets2.txt

snscrape twitter-search "#covidiots since:2020-02-15 until:2020-02-21 filter:images" > tweet_data/ageism_2020-02/covidiots/tweets3.txt

snscrape twitter-search "#covidiots since:2020-02-22 until:2020-02-28 filter:images" > tweet_data/ageism_2020-02/covidiots/tweets4.txt

snscrape twitter-search "#covidiots since:2020-02-29 until:2020-02-29 filter:images" > tweet_data/ageism_2020-02/covidiots/tweets5.txt

snscrape twitter-search "#thankyouboomer since:2020-02-01 until:2020-02-07 filter:images" > tweet_data/ageism_2020-02/thankyouboomer/tweets1.txt

snscrape twitter-search "#thankyouboomer since:2020-02-08 until:2020-02-14 filter:images" > tweet_data/ageism_2020-02/thankyouboomer/tweets2.txt

snscrape twitter-search "#thankyouboomer since:2020-02-15 until:2020-02-21 filter:images" > tweet_data/ageism_2020-02/thankyouboomer/tweets3.txt

snscrape twitter-search "#thankyouboomer since:2020-02-22 until:2020-02-28 filter:images" > tweet_data/ageism_2020-02/thankyouboomer/tweets4.txt

snscrape twitter-search "#thankyouboomer since:2020-02-29 until:2020-02-29 filter:images" > tweet_data/ageism_2020-02/thankyouboomer/tweets5.txt

snscrape twitter-search "#boomermoober since:2020-02-01 until:2020-02-07 filter:images" > tweet_data/ageism_2020-02/boomermoober/tweets1.txt

snscrape twitter-search "#boomermoober since:2020-02-08 until:2020-02-14 filter:images" > tweet_data/ageism_2020-02/boomermoober/tweets2.txt

snscrape twitter-search "#boomermoober since:2020-02-15 until:2020-02-21 filter:images" > tweet_data/ageism_2020-02/boomermoober/tweets3.txt

snscrape twitter-search "#boomermoober since:2020-02-22 until:2020-02-28 filter:images" > tweet_data/ageism_2020-02/boomermoober/tweets4.txt

snscrape twitter-search "#boomermoober since:2020-02-29 until:2020-02-29 filter:images" > tweet_data/ageism_2020-02/boomermoober/tweets5.txt

snscrape twitter-search "#boomerremover since:2020-02-01 until:2020-02-07 filter:images" > tweet_data/ageism_2020-02/boomerremover/tweets1.txt

snscrape twitter-search "#boomerremover since:2020-02-08 until:2020-02-14 filter:images" > tweet_data/ageism_2020-02/boomerremover/tweets2.txt

snscrape twitter-search "#boomerremover since:2020-02-15 until:2020-02-21 filter:images" > tweet_data/ageism_2020-02/boomerremover/tweets3.txt

snscrape twitter-search "#boomerremover since:2020-02-22 until:2020-02-28 filter:images" > tweet_data/ageism_2020-02/boomerremover/tweets4.txt

snscrape twitter-search "#boomerremover since:2020-02-29 until:2020-02-29 filter:images" > tweet_data/ageism_2020-02/boomerremover/tweets5.txt

snscrape twitter-search "#boomerentomber since:2020-02-01 until:2020-02-07 filter:images" > tweet_data/ageism_2020-02/boomerentomber/tweets1.txt

snscrape twitter-search "#boomerentomber since:2020-02-08 until:2020-02-14 filter:images" > tweet_data/ageism_2020-02/boomerentomber/tweets2.txt

snscrape twitter-search "#boomerentomber since:2020-02-15 until:2020-02-21 filter:images" > tweet_data/ageism_2020-02/boomerentomber/tweets3.txt

snscrape twitter-search "#boomerentomber since:2020-02-22 until:2020-02-28 filter:images" > tweet_data/ageism_2020-02/boomerentomber/tweets4.txt

snscrape twitter-search "#boomerentomber since:2020-02-29 until:2020-02-29 filter:images" > tweet_data/ageism_2020-02/boomerentomber/tweets5.txt

snscrape twitter-search "#babyboomers since:2020-02-01 until:2020-02-07 filter:images" > tweet_data/ageism_2020-02/babyboomers/tweets1.txt

snscrape twitter-search "#babyboomers since:2020-02-08 until:2020-02-14 filter:images" > tweet_data/ageism_2020-02/babyboomers/tweets2.txt

snscrape twitter-search "#babyboomers since:2020-02-15 until:2020-02-21 filter:images" > tweet_data/ageism_2020-02/babyboomers/tweets3.txt

snscrape twitter-search "#babyboomers since:2020-02-22 until:2020-02-28 filter:images" > tweet_data/ageism_2020-02/babyboomers/tweets4.txt

snscrape twitter-search "#babyboomers since:2020-02-29 until:2020-02-29 filter:images" > tweet_data/ageism_2020-02/babyboomers/tweets5.txt

snscrape twitter-search "#boomerdoomer since:2020-02-01 until:2020-02-07 filter:images" > tweet_data/ageism_2020-02/boomerdoomer/tweets1.txt

snscrape twitter-search "#boomerdoomer since:2020-02-08 until:2020-02-14 filter:images" > tweet_data/ageism_2020-02/boomerdoomer/tweets2.txt

snscrape twitter-search "#boomerdoomer since:2020-02-15 until:2020-02-21 filter:images" > tweet_data/ageism_2020-02/boomerdoomer/tweets3.txt

snscrape twitter-search "#boomerdoomer since:2020-02-22 until:2020-02-28 filter:images" > tweet_data/ageism_2020-02/boomerdoomer/tweets4.txt

snscrape twitter-search "#boomerdoomer since:2020-02-29 until:2020-02-29 filter:images" > tweet_data/ageism_2020-02/boomerdoomer/tweets5.txt

snscrape twitter-search "#oldaf since:2020-02-01 until:2020-02-07 filter:images" > tweet_data/ageism_2020-02/oldaf/tweets1.txt

snscrape twitter-search "#oldaf since:2020-02-08 until:2020-02-14 filter:images" > tweet_data/ageism_2020-02/oldaf/tweets2.txt

snscrape twitter-search "#oldaf since:2020-02-15 until:2020-02-21 filter:images" > tweet_data/ageism_2020-02/oldaf/tweets3.txt

snscrape twitter-search "#oldaf since:2020-02-22 until:2020-02-28 filter:images" > tweet_data/ageism_2020-02/oldaf/tweets4.txt

snscrape twitter-search "#oldaf since:2020-02-29 until:2020-02-29 filter:images" > tweet_data/ageism_2020-02/oldaf/tweets5.txt

0 tweets in file tweet_data/ageism_2020-02/Corbid/tweets1.txt
0 tweets in file tweet_data/ageism_2020-02/Corbid/tweets2.txt
0 tweets in file tweet_data/ageism_2020-02/Corbid/tweets3.txt
0 tweets in file tweet_data/ageism_2020-02/Corbid/tweets4.txt
0 tweets in file tweet_data/ageism_2020-02/Corbid/tweets5.txt
446 tweets in file tweet_data/ageism_2020-02/babyboomers/tweets1.txt
170 tweets in file tweet_data/ageism_2020-02/babyboomers/tweets2.txt
172 tweets in file tweet_data/ageism_2020-02/babyboomers/tweets3.txt
149 tweets in file tweet_data/ageism_2020-02/babyboomers/tweets4.txt
0 tweets in file tweet_data/ageism_2020-02/babyboomers/tweets5.txt
0 tweets in file tweet_data/ageism_2020-02/boomerdeath/tweets1.txt
0 tweets in file tweet_data/ageism_2020-02/boomerdeath/tweets2.txt
0 tweets in file tweet_data/ageism_2020-02/boomerdeath/tweets3.txt
0 tweets in file tweet_data/ageism_2020-02/boomerdeath/tweets4.txt
0 tweets in file tweet_data/ageism_2020-02/boomerdeath/tweets5.txt
0 tweets in file tweet_data/ageism_2020-02/boomerdoomer/tweets1.txt
0 tweets in file tweet_data/ageism_2020-02/boomerdoomer/tweets2.txt
0 tweets in file tweet_data/ageism_2020-02/boomerdoomer/tweets3.txt
0 tweets in file tweet_data/ageism_2020-02/boomerdoomer/tweets4.txt
0 tweets in file tweet_data/ageism_2020-02/boomerdoomer/tweets5.txt
0 tweets in file tweet_data/ageism_2020-02/boomerentomber/tweets1.txt
0 tweets in file tweet_data/ageism_2020-02/boomerentomber/tweets2.txt
0 tweets in file tweet_data/ageism_2020-02/boomerentomber/tweets3.txt
0 tweets in file tweet_data/ageism_2020-02/boomerentomber/tweets4.txt
0 tweets in file tweet_data/ageism_2020-02/boomerentomber/tweets5.txt
0 tweets in file tweet_data/ageism_2020-02/boomermoober/tweets1.txt
0 tweets in file tweet_data/ageism_2020-02/boomermoober/tweets2.txt
0 tweets in file tweet_data/ageism_2020-02/boomermoober/tweets3.txt
0 tweets in file tweet_data/ageism_2020-02/boomermoober/tweets4.txt
0 tweets in file tweet_data/ageism_2020-02/boomermoober/tweets5.txt
0 tweets in file tweet_data/ageism_2020-02/boomerremover/tweets1.txt
0 tweets in file tweet_data/ageism_2020-02/boomerremover/tweets2.txt
0 tweets in file tweet_data/ageism_2020-02/boomerremover/tweets3.txt
0 tweets in file tweet_data/ageism_2020-02/boomerremover/tweets4.txt
0 tweets in file tweet_data/ageism_2020-02/boomerremover/tweets5.txt
0 tweets in file tweet_data/ageism_2020-02/covididiot/tweets1.txt
0 tweets in file tweet_data/ageism_2020-02/covididiot/tweets2.txt
0 tweets in file tweet_data/ageism_2020-02/covididiot/tweets3.txt
0 tweets in file tweet_data/ageism_2020-02/covididiot/tweets4.txt
0 tweets in file tweet_data/ageism_2020-02/covididiot/tweets5.txt
0 tweets in file tweet_data/ageism_2020-02/covidiots/tweets1.txt
0 tweets in file tweet_data/ageism_2020-02/covidiots/tweets2.txt
0 tweets in file tweet_data/ageism_2020-02/covidiots/tweets3.txt
0 tweets in file tweet_data/ageism_2020-02/covidiots/tweets4.txt
0 tweets in file tweet_data/ageism_2020-02/covidiots/tweets5.txt
263 tweets in file tweet_data/ageism_2020-02/okboomer/tweets1.txt
303 tweets in file tweet_data/ageism_2020-02/okboomer/tweets2.txt
199 tweets in file tweet_data/ageism_2020-02/okboomer/tweets3.txt
237 tweets in file tweet_data/ageism_2020-02/okboomer/tweets4.txt
0 tweets in file tweet_data/ageism_2020-02/okboomer/tweets5.txt
5 tweets in file tweet_data/ageism_2020-02/oldaf/tweets1.txt
7 tweets in file tweet_data/ageism_2020-02/oldaf/tweets2.txt
6 tweets in file tweet_data/ageism_2020-02/oldaf/tweets3.txt
5 tweets in file tweet_data/ageism_2020-02/oldaf/tweets4.txt
0 tweets in file tweet_data/ageism_2020-02/oldaf/tweets5.txt
0 tweets in file tweet_data/ageism_2020-02/thankyouboomer/tweets1.txt
0 tweets in file tweet_data/ageism_2020-02/thankyouboomer/tweets2.txt
0 tweets in file tweet_data/ageism_2020-02/thankyouboomer/tweets3.txt
0 tweets in file tweet_data/ageism_2020-02/thankyouboomer/tweets4.txt
0 tweets in file tweet_data/ageism_2020-02/thankyouboomer/tweets5.txt
CSV FILE COUNT: 60
  0%|          | 0/60 [00:00<?, ?it/s] 10%|█         | 6/60 [00:59<08:52,  9.87s/it] 12%|█▏        | 7/60 [01:48<15:23, 17.43s/it] 13%|█▎        | 8/60 [02:42<21:58, 25.35s/it] 15%|█▌        | 9/60 [03:26<25:13, 29.67s/it] 50%|█████     | 30/60 [03:26<01:50,  3.68s/it] 77%|███████▋  | 46/60 [04:02<00:42,  3.00s/it] 78%|███████▊  | 47/60 [04:45<01:00,  4.67s/it] 80%|████████  | 48/60 [05:33<01:25,  7.11s/it] 82%|████████▏ | 49/60 [06:29<01:58, 10.73s/it] 85%|████████▌ | 51/60 [06:31<01:20,  8.98s/it] 87%|████████▋ | 52/60 [06:32<01:05,  8.16s/it] 88%|████████▊ | 53/60 [06:34<00:51,  7.31s/it] 90%|█████████ | 54/60 [06:36<00:38,  6.39s/it]100%|██████████| 60/60 [06:36<00:00,  6.61s/it]
/projects/academic/hongxinh/anaconda/envs/tweets/bin/python
Job end!
