cpn-k10-02-01.compute.cbls.ccr.buffalo.edu
/projects/academic/hongxinh/anaconda/bin/python
SLURM_JOBID=6229711
SLURM_JOB_NODELIST=cpn-k10-02-01
SLURM_NNODES=1
SLURMTMPDIR=/scratch/6229711
working directory = /projects/academic/hongxinh/zheyuanm/tweets_scrape
 Anaconda Python 3.8 version 2021.05 has been loaded. 
/projects/academic/hongxinh/anaconda/envs/tweets/bin/python
/projects/academic/hongxinh/anaconda/envs/tweets/bin/tesseract
/projects/academic/hongxinh/zheyuanm/tweets_scrape
Job start!
                        Corbid:     0
                   babyboomers:   282
                   boomerdeath:     0
                  boomerdoomer:     0
                boomerentomber:     0
                  boomermoober:     0
                 boomerremover:     3
                    covididiot:    55
                     covidiots:  5220
                      okboomer:    63
                         oldaf:    18
                thankyouboomer:     0
Topic: ageism_2021-04 - Total images:  5641

Filter out images without text
covidiots        4331
babyboomers       210
okboomer           52
covididiot         43
oldaf              13
boomerremover       2
Name: hashtag, dtype: int64
Topic: ageism_2021-04 - Images with text:  4651

Filter out duplicate images
covidiots        3948
babyboomers       128
okboomer           50
covididiot         37
oldaf              13
boomerremover       2
Name: hashtag, dtype: int64
Topic: ageism_2021-04 - Images without duplication:  4178

Filter out images with no objects
[INFO]  Loading YOLO from disk...
covidiots      2186
babyboomers      79
okboomer         25
covididiot       20
oldaf            11
Name: hashtag, dtype: int64
Topic: ageism_2021-04 - Images with objects:  2321

Extract text from images using Tesseract

Clean the OCR results
covidiots      648
babyboomers     27
okboomer         9
oldaf            4
covididiot       3
Name: hashtag, dtype: int64
Topic: ageism_2021-04 - Images after Tesseract:   691

/projects/academic/hongxinh/anaconda/envs/tweets/bin/python
Job end!
