cpn-k08-26-02.compute.cbls.ccr.buffalo.edu
/projects/academic/hongxinh/anaconda/bin/python
SLURM_JOBID=6162465
SLURM_JOB_NODELIST=cpn-k08-26-02
SLURM_NNODES=1
SLURMTMPDIR=/scratch/6162465
working directory = /projects/academic/hongxinh/zheyuanm/tweets_scrape
 Anaconda Python 3.8 version 2021.05 has been loaded. 
/projects/academic/hongxinh/anaconda/envs/tweets/bin/python
/projects/academic/hongxinh/anaconda/envs/tweets/bin/tesseract
/projects/academic/hongxinh/zheyuanm/tweets_scrape
Job start!
                  BurnYourMask:     0
             IWillNotWearAMask:     0
             MasksAreDangerous:     0
              MasksAreForSheep:     0
           MasksAreMurderingMe:     0
               MasksOffAmerica:     0
               MasksRUnhealthy:     0
               MasksdontMatter:     0
              MomsAgainstMasks:     0
                   NeverMasker:     0
                   NoMasksEver:     0
                   NoMasksOnMe:     0
                   NoMoreMasks:     0
             RefuseToWearMasks:     0
                SheepWearMasks:     0
          StopForcingMasksOnMe:     0
               StopWearingMask:     0
       StopWearingTheDamnMasks:     0
                TakeTheMaskOff:     9
         burnyourmaskchallenge:     0
                   facefreedom:     0
                   maskburning:     1
                      maskhoax:     0
                      maskhole:    12
   maskingchildrenischildabuse:     0
                     masknazis:     1
                       maskoff:   120
                 masksdontwork:     1
                     maskshoax:     0
             masksmakemesweaty:     0
                    nomaskonme:     0
                  nomaskselfie:     0
                    refusemask:     0
                   stopmasking:     0
             stopthestupidmask:     0
                takeoffthemask:     1
               takeoffyourmask:     2
Topic: mask_04 - Total images:   147

Filter out images without text
maskoff            73
TakeTheMaskOff      7
maskhole            7
takeoffyourmask     2
takeoffthemask      1
masksdontwork       1
masknazis           1
Name: hashtag, dtype: int64
Topic: mask_04 - Images with text:    92

Filter out duplicate images
maskoff            63
maskhole            6
TakeTheMaskOff      3
takeoffyourmask     2
masknazis           1
masksdontwork       1
takeoffthemask      1
Name: hashtag, dtype: int64
Topic: mask_04 - Images without duplication:    77

Filter out images with no objects
[INFO]  Loading YOLO from disk...
maskoff           43
maskhole           3
TakeTheMaskOff     2
masksdontwork      1
takeoffthemask     1
masknazis          1
Name: hashtag, dtype: int64
Topic: mask_04 - Images with objects:    51

Extract text from images using Tesseract

Clean the OCR results
maskoff           14
maskhole           1
takeoffthemask     1
Name: hashtag, dtype: int64
Topic: mask_04 - Images after Tesseract:    16

/projects/academic/hongxinh/anaconda/envs/tweets/bin/python
Job end!
