cpn-k11-36-02.compute.cbls.ccr.buffalo.edu
/projects/academic/hongxinh/anaconda/bin/python
SLURM_JOBID=6229715
SLURM_JOB_NODELIST=cpn-k11-36-02
SLURM_NNODES=1
SLURMTMPDIR=/scratch/6229715
working directory = /projects/academic/hongxinh/zheyuanm/tweets_scrape
 Anaconda Python 3.8 version 2021.05 has been loaded. 
/projects/academic/hongxinh/anaconda/envs/tweets/bin/python
/projects/academic/hongxinh/anaconda/envs/tweets/bin/tesseract
/projects/academic/hongxinh/zheyuanm/tweets_scrape
Job start!
                  BorderCrisis:    16
                  BuildTheWall:  1291
                 DeportThemAll:    26
                        deport:    20
                 illegalaliens:   136
             illegalimmigrants:    47
            illegalimmigration:   145
               stoptheinvasion:    39
Topic: immigration_2020-02 - Total images:  1720

Filter out images without text
BuildTheWall          875
illegalaliens         109
illegalimmigration     98
illegalimmigrants      42
stoptheinvasion        36
DeportThemAll          24
deport                 17
BorderCrisis           12
Name: hashtag, dtype: int64
Topic: immigration_2020-02 - Images with text:  1213

Filter out duplicate images
BuildTheWall          561
illegalaliens          83
illegalimmigration     45
illegalimmigrants      33
deport                 17
DeportThemAll          15
stoptheinvasion        14
BorderCrisis           12
Name: hashtag, dtype: int64
Topic: immigration_2020-02 - Images without duplication:   780

Filter out images with no objects
[INFO]  Loading YOLO from disk...
BuildTheWall          365
illegalaliens          50
illegalimmigration     31
illegalimmigrants      23
deport                 13
BorderCrisis           10
DeportThemAll           9
stoptheinvasion         8
Name: hashtag, dtype: int64
Topic: immigration_2020-02 - Images with objects:   509

Extract text from images using Tesseract

Clean the OCR results
BuildTheWall          140
illegalaliens          21
illegalimmigrants       7
illegalimmigration      5
deport                  3
DeportThemAll           3
stoptheinvasion         2
BorderCrisis            2
Name: hashtag, dtype: int64
Topic: immigration_2020-02 - Images after Tesseract:   183

/projects/academic/hongxinh/anaconda/envs/tweets/bin/python
Job end!
