cpn-k07-13-02.compute.cbls.ccr.buffalo.edu
/projects/academic/hongxinh/anaconda/bin/python
SLURM_JOBID=6162454
SLURM_JOB_NODELIST=cpn-k07-13-02
SLURM_NNODES=1
SLURMTMPDIR=/scratch/6162454
working directory = /projects/academic/hongxinh/zheyuanm/tweets_scrape
 Anaconda Python 3.8 version 2021.05 has been loaded. 
/projects/academic/hongxinh/anaconda/envs/tweets/bin/python
/projects/academic/hongxinh/anaconda/envs/tweets/bin/tesseract
/projects/academic/hongxinh/zheyuanm/tweets_scrape
Job start!
                  BoycottChina:  2823
   CCPCentennialGiftToTheWorld:     0
             CCPLiedPeopleDied:  1356
                      CCPVirus:  7073
              CCP_is_terrorist:  1792
                       ChiNazi:  1877
           ChinaLiedPeopleDied:  7388
               ChinaLiesMatter:     0
                    ChinaVirus:  5969
                  ChineseVirus:  6995
                  MakeChinaPay:  1812
                      WuhanLab:   100
                    Wuhanvirus:  6830
Topic: asianhate_04 - Total images: 44015

Filter out images without text
0 - ./tweet_data/asianhate_04/ChiNazi/tweets3/EV8pEA5U4AMEcvA.jpg
0 - ./tweet_data/asianhate_04/ChiNazi/tweets3/EV8oOejU4AIHUcz.jpg
0 - ./tweet_data/asianhate_04/ChiNazi/tweets3/EV3ydVqUMAAHvjT.jpg
ChinaLiedPeopleDied    6425
CCPVirus               6001
Wuhanvirus             5886
ChineseVirus           5684
ChinaVirus             5029
BoycottChina           2514
MakeChinaPay           1655
ChiNazi                1622
CCP_is_terrorist       1588
CCPLiedPeopleDied      1204
WuhanLab                 79
Name: hashtag, dtype: int64
Topic: asianhate_04 - Images with text: 37687

Filter out duplicate images
ChineseVirus           3363
CCPVirus               3064
ChinaLiedPeopleDied    2946
ChinaVirus             2675
Wuhanvirus             2007
BoycottChina           1766
ChiNazi                 723
CCPLiedPeopleDied       715
CCP_is_terrorist        483
MakeChinaPay            266
WuhanLab                 53
Name: hashtag, dtype: int64
Topic: asianhate_04 - Images without duplication: 18061

Filter out images with no objects
[INFO]  Loading YOLO from disk...
ChineseVirus           1648
CCPVirus               1601
ChinaVirus             1439
ChinaLiedPeopleDied    1409
Wuhanvirus              958
BoycottChina            852
ChiNazi                 413
CCPLiedPeopleDied       340
CCP_is_terrorist        266
MakeChinaPay            143
WuhanLab                 34
Name: hashtag, dtype: int64
Topic: asianhate_04 - Images with objects:  9103

Extract text from images using Tesseract

Clean the OCR results
ChinaVirus             521
CCPVirus               503
ChineseVirus           501
ChinaLiedPeopleDied    450
BoycottChina           288
Wuhanvirus             281
ChiNazi                117
CCPLiedPeopleDied      112
CCP_is_terrorist        68
MakeChinaPay            38
WuhanLab                 8
Name: hashtag, dtype: int64
Topic: asianhate_04 - Images after Tesseract:  2887

/projects/academic/hongxinh/anaconda/envs/tweets/bin/python
Job end!
