cpn-k11-38-01.compute.cbls.ccr.buffalo.edu
/projects/academic/hongxinh/anaconda/bin/python
SLURM_JOBID=6229716
SLURM_JOB_NODELIST=cpn-k11-38-01
SLURM_NNODES=1
SLURMTMPDIR=/scratch/6229716
working directory = /projects/academic/hongxinh/zheyuanm/tweets_scrape
 Anaconda Python 3.8 version 2021.05 has been loaded. 
/projects/academic/hongxinh/anaconda/envs/tweets/bin/python
/projects/academic/hongxinh/anaconda/envs/tweets/bin/tesseract
/projects/academic/hongxinh/zheyuanm/tweets_scrape
Job start!
                  BorderCrisis:     9
                  BuildTheWall:    87
                 DeportThemAll:     3
                        deport:    11
                 illegalaliens:    52
             illegalimmigrants:    50
            illegalimmigration:    31
               stoptheinvasion:    10
Topic: immigration_2021-02 - Total images:   253

Filter out images without text
BuildTheWall          76
illegalaliens         39
illegalimmigrants     39
illegalimmigration    23
deport                10
stoptheinvasion        9
BorderCrisis           5
DeportThemAll          3
Name: hashtag, dtype: int64
Topic: immigration_2021-02 - Images with text:   204

Filter out duplicate images
BuildTheWall          64
illegalimmigrants     35
illegalaliens         33
illegalimmigration    16
deport                10
BorderCrisis           5
DeportThemAll          2
stoptheinvasion        1
Name: hashtag, dtype: int64
Topic: immigration_2021-02 - Images without duplication:   166

Filter out images with no objects
[INFO]  Loading YOLO from disk...
BuildTheWall          39
illegalaliens         20
illegalimmigrants     15
illegalimmigration    10
deport                 6
BorderCrisis           4
DeportThemAll          2
stoptheinvasion        1
Name: hashtag, dtype: int64
Topic: immigration_2021-02 - Images with objects:    97

Extract text from images using Tesseract

Clean the OCR results
BuildTheWall          15
illegalaliens         11
illegalimmigration     4
illegalimmigrants      4
deport                 2
BorderCrisis           1
DeportThemAll          1
stoptheinvasion        1
Name: hashtag, dtype: int64
Topic: immigration_2021-02 - Images after Tesseract:    39

/projects/academic/hongxinh/anaconda/envs/tweets/bin/python
Job end!
