cpn-k10-16-02.compute.cbls.ccr.buffalo.edu
/projects/academic/hongxinh/anaconda/bin/python
SLURM_JOBID=6229712
SLURM_JOB_NODELIST=cpn-k10-16-02
SLURM_NNODES=1
SLURMTMPDIR=/scratch/6229712
working directory = /projects/academic/hongxinh/zheyuanm/tweets_scrape
 Anaconda Python 3.8 version 2021.05 has been loaded. 
/projects/academic/hongxinh/anaconda/envs/tweets/bin/python
/projects/academic/hongxinh/anaconda/envs/tweets/bin/tesseract
/projects/academic/hongxinh/zheyuanm/tweets_scrape
Job start!
libpng warning: Duplicate iCCP chunk
libpng warning: Duplicate iCCP chunk
                  BoycottChina:  1126
   CCPCentennialGiftToTheWorld:     0
             CCPLiedPeopleDied:     0
                      CCPVirus:     5
              CCP_is_terrorist:   287
                       ChiNazi:  1429
           ChinaLiedPeopleDied:     0
               ChinaLiesMatter:     0
                    ChinaVirus:  1443
                  ChineseVirus:    14
                  MakeChinaPay:     0
                      WuhanLab:     2
                    Wuhanvirus:  2721
Topic: asianhate_2020-02 - Total images:  7027

Filter out images without text
Wuhanvirus          2253
ChiNazi             1262
ChinaVirus          1144
BoycottChina        1040
CCP_is_terrorist     253
ChineseVirus          11
CCPVirus               4
WuhanLab               1
Name: hashtag, dtype: int64
Topic: asianhate_2020-02 - Images with text:  5968

Filter out duplicate images
Wuhanvirus          1669
ChinaVirus           903
BoycottChina         666
ChiNazi              577
CCP_is_terrorist     162
ChineseVirus           7
CCPVirus               3
WuhanLab               1
Name: hashtag, dtype: int64
Topic: asianhate_2020-02 - Images without duplication:  3988

Filter out images with no objects
[INFO]  Loading YOLO from disk...
Wuhanvirus          764
ChinaVirus          466
BoycottChina        355
ChiNazi             301
CCP_is_terrorist     88
ChineseVirus          4
Name: hashtag, dtype: int64
Topic: asianhate_2020-02 - Images with objects:  1978

Extract text from images using Tesseract

Clean the OCR results
Wuhanvirus          192
ChinaVirus          132
BoycottChina        102
ChiNazi              94
CCP_is_terrorist     18
Name: hashtag, dtype: int64
Topic: asianhate_2020-02 - Images after Tesseract:   538

/projects/academic/hongxinh/anaconda/envs/tweets/bin/python
Job end!
