cpn-u23-21.compute.cbls.ccr.buffalo.edu
/projects/academic/hongxinh/anaconda/bin/python
SLURM_JOBID=6180897
SLURM_JOB_NODELIST=cpn-u23-21
SLURM_NNODES=1
SLURMTMPDIR=/scratch/6180897
working directory = /projects/academic/hongxinh/zheyuanm/tweets_scrape
 Anaconda Python 3.8 version 2021.05 has been loaded. 
/projects/academic/hongxinh/anaconda/envs/tweets/bin/python
/projects/academic/hongxinh/anaconda/envs/tweets/bin/tesseract
/projects/academic/hongxinh/zheyuanm/tweets_scrape
Job start!
                        Corbid:     0
                   babyboomers:   219
                   boomerdeath:     0
                  boomerdoomer:     1
                boomerentomber:     0
                  boomermoober:     0
                 boomerremover:     2
                    covididiot:    87
                     covidiots:  4635
                      okboomer:    94
                         oldaf:    13
                thankyouboomer:     0
Topic: ageism_12 - Total images:  5051

Filter out images without text
covidiots        3771
babyboomers       180
okboomer           69
covididiot         57
oldaf               7
boomerremover       2
boomerdoomer        1
Name: hashtag, dtype: int64
Topic: ageism_12 - Images with text:  4087

Filter out duplicate images
covidiots        3183
babyboomers       112
okboomer           63
covididiot         52
oldaf               7
boomerremover       2
boomerdoomer        1
Name: hashtag, dtype: int64
Topic: ageism_12 - Images without duplication:  3420

Filter out images with no objects
[INFO]  Loading YOLO from disk...
covidiots        1700
babyboomers        73
okboomer           39
covididiot         34
oldaf               5
boomerremover       2
Name: hashtag, dtype: int64
Topic: ageism_12 - Images with objects:  1853

Extract text from images using Tesseract

Clean the OCR results
covidiots      488
babyboomers     27
okboomer        13
covididiot       8
oldaf            1
Name: hashtag, dtype: int64
Topic: ageism_12 - Images after Tesseract:   537

/projects/academic/hongxinh/anaconda/envs/tweets/bin/python
Job end!
