cpn-k13-18-02.compute.cbls.ccr.buffalo.edu
/projects/academic/hongxinh/anaconda/bin/python
SLURM_JOBID=6180895
SLURM_JOB_NODELIST=cpn-k13-18-02
SLURM_NNODES=1
SLURMTMPDIR=/scratch/6180895
working directory = /projects/academic/hongxinh/zheyuanm/tweets_scrape
 Anaconda Python 3.8 version 2021.05 has been loaded. 
/projects/academic/hongxinh/anaconda/envs/tweets/bin/python
/projects/academic/hongxinh/anaconda/envs/tweets/bin/tesseract
/projects/academic/hongxinh/zheyuanm/tweets_scrape
Job start!
libpng warning: Out of place iCCP chunk
libpng warning: Out of place iCCP chunk
libpng warning: Out of place iCCP chunk
                        Corbid:     0
                   babyboomers:   420
                   boomerdeath:     0
                  boomerdoomer:     2
                boomerentomber:     0
                  boomermoober:     0
                 boomerremover:    57
                    covididiot:   897
                     covidiots: 11021
                      okboomer:   234
                         oldaf:    18
                thankyouboomer:     1
Topic: ageism_04 - Total images: 12650

Filter out images without text
0 - ./tweet_data/ageism_04/covidiots/tweets2/EVLxvkrXkAAqoew.jpg
0 - ./tweet_data/ageism_04/covidiots/tweets3/EWE-lCAVcAEVjX0.png
0 - ./tweet_data/ageism_04/covidiots/tweets3/EV7_DpfXsAApZA9.png
0 - ./tweet_data/ageism_04/covidiots/tweets3/EV2PrwDXkAASe6Y.jpg
0 - ./tweet_data/ageism_04/covidiots/tweets3/EV2TCM_XQAYVaY8.png
0 - ./tweet_data/ageism_04/covidiots/tweets4/EWaYHpjWAAEK6Jl.png
0 - ./tweet_data/ageism_04/covidiots/tweets4/EWT7XdsXkAEk7E4.png
0 - ./tweet_data/ageism_04/covidiots/tweets4/EWKq-ndX0AM8fme.png
covidiots         8719
covididiot         747
babyboomers        298
okboomer           191
boomerremover       45
oldaf                8
boomerdoomer         2
thankyouboomer       1
Name: hashtag, dtype: int64
Topic: ageism_04 - Images with text: 10011

Filter out duplicate images
covidiots         7747
covididiot         667
babyboomers        206
okboomer           177
boomerremover       41
oldaf                8
boomerdoomer         2
thankyouboomer       1
Name: hashtag, dtype: int64
Topic: ageism_04 - Images without duplication:  8849

Filter out images with no objects
[INFO]  Loading YOLO from disk...
covidiots        4538
covididiot        404
babyboomers       108
okboomer          103
boomerremover      27
oldaf               6
Name: hashtag, dtype: int64
Topic: ageism_04 - Images with objects:  5186

Extract text from images using Tesseract

Clean the OCR results
covidiots        1384
covididiot        132
okboomer           37
babyboomers        36
boomerremover       9
oldaf               2
Name: hashtag, dtype: int64
Topic: ageism_04 - Images after Tesseract:  1600

/projects/academic/hongxinh/anaconda/envs/tweets/bin/python
Job end!
