cpn-f07-09.compute.cbls.ccr.buffalo.edu
/projects/academic/hongxinh/anaconda/bin/python
SLURM_JOBID=6180896
SLURM_JOB_NODELIST=cpn-f07-09
SLURM_NNODES=1
SLURMTMPDIR=/scratch/6180896
working directory = /projects/academic/hongxinh/zheyuanm/tweets_scrape
 Anaconda Python 3.8 version 2021.05 has been loaded. 
/projects/academic/hongxinh/anaconda/envs/tweets/bin/python
/projects/academic/hongxinh/anaconda/envs/tweets/bin/tesseract
/projects/academic/hongxinh/zheyuanm/tweets_scrape
Job start!
                        Corbid:     0
                   babyboomers:   426
                   boomerdeath:     0
                  boomerdoomer:     1
                boomerentomber:     0
                  boomermoober:     0
                 boomerremover:     6
                    covididiot:   139
                     covidiots:  5428
                      okboomer:   107
                         oldaf:    23
                thankyouboomer:     0
Topic: ageism_08 - Total images:  6130

Filter out images without text
0 - ./tweet_data/ageism_08/covidiots/tweets4/Ef_O9igXoAIGUod.png
covidiots        4294
babyboomers       365
covididiot        128
okboomer           92
oldaf              15
boomerremover       5
boomerdoomer        1
Name: hashtag, dtype: int64
Topic: ageism_08 - Images with text:  4900

Filter out duplicate images
covidiots        3763
babyboomers       212
covididiot         98
okboomer           88
oldaf              15
boomerremover       5
boomerdoomer        1
Name: hashtag, dtype: int64
Topic: ageism_08 - Images without duplication:  4182

Filter out images with no objects
[INFO]  Loading YOLO from disk...
covidiots        2106
babyboomers       107
covididiot         59
okboomer           59
oldaf              10
boomerremover       2
boomerdoomer        1
Name: hashtag, dtype: int64
Topic: ageism_08 - Images with objects:  2344

Extract text from images using Tesseract

Clean the OCR results
covidiots      629
babyboomers     43
covididiot      18
okboomer        18
oldaf            1
Name: hashtag, dtype: int64
Topic: ageism_08 - Images after Tesseract:   709

/projects/academic/hongxinh/anaconda/envs/tweets/bin/python
Job end!
