cpn-k08-24-02.compute.cbls.ccr.buffalo.edu
/projects/academic/hongxinh/anaconda/bin/python
SLURM_JOBID=6162455
SLURM_JOB_NODELIST=cpn-k08-24-02
SLURM_NNODES=1
SLURMTMPDIR=/scratch/6162455
working directory = /projects/academic/hongxinh/zheyuanm/tweets_scrape
 Anaconda Python 3.8 version 2021.05 has been loaded. 
/projects/academic/hongxinh/anaconda/envs/tweets/bin/python
/projects/academic/hongxinh/anaconda/envs/tweets/bin/tesseract
/projects/academic/hongxinh/zheyuanm/tweets_scrape
Job start!
                AmericaOrTrump:     0
                CDCBowsToTrump:     0
                     Chameleon:   157
                     CreepyJoe:   437
                    HidinBiden:    24
                InterruptTrump:     0
                    JoeAndBlow:     0
                  JoeAndTheHoe:     0
                       JoeBlow:     1
                   LiarInChief:  1986
                PedoGateIsReal:    25
                       PedoJoe:   100
        PersonWomanManCameraTv:     0
                     QAnonCult:     1
                 RacistInChief:   869
                   RedChinaJoe:     1
                 STOPSOCIALISM:     9
            Trump2020Landslide:  1563
                    TrumpChaos:     9
                     TrumpCult:   651
                 TrumpGenocide:  5700
                  TrumpGestapo:     0
       TrumpIsACompleteFailure:  2236
         TrumpIsALaughingStock:  4824
          TrumpIsAMasdMurderer:     0
      TrumpIsANationalDisgrace:   312
                TrumpIsARapist:    46
            TrumpLiesPeopleDie:  6686
           TrumpsVaccineIsALie:     0
                     bunkerboy:     0
                   dictatordan:     2
                    goodvsevil:    96
                           kag:  5989
Topic: politics_04 - Total images: 31724

Filter out images without text
0 - ./tweet_data/politics_04/TrumpGenocide/tweets1/EUuOyDFXsAIoKKG.jpg
0 - ./tweet_data/politics_04/TrumpGenocide/tweets1/EUm7ctgUUAIMYDC.jpg
0 - ./tweet_data/politics_04/TrumpGenocide/tweets3/EWFFtBSU0A4GMKE.jpg
0 - ./tweet_data/politics_04/TrumpIsACompleteFailure/tweets1/EU7zWc2WAAQk4JB.jpg
0 - ./tweet_data/politics_04/TrumpIsACompleteFailure/tweets1/EU70Q0xX0AI28L3.jpg
0 - ./tweet_data/politics_04/TrumpIsACompleteFailure/tweets1/EU39CkCXYAEb_PG.jpg
0 - ./tweet_data/politics_04/TrumpIsACompleteFailure/tweets1/EU3PZQkXYAE6Dhw.jpg
0 - ./tweet_data/politics_04/TrumpIsACompleteFailure/tweets1/EU3P4YJXsAMa9HH.jpg
0 - ./tweet_data/politics_04/TrumpIsACompleteFailure/tweets1/EU2l6zhWsAA1nGf.jpg
0 - ./tweet_data/politics_04/TrumpIsACompleteFailure/tweets1/EU2u9ehWAAAAF3x.jpg
0 - ./tweet_data/politics_04/TrumpIsACompleteFailure/tweets1/EUztnpQWkAASJRG.jpg
0 - ./tweet_data/politics_04/TrumpIsACompleteFailure/tweets2/EVRd6ywXQAcBphI.jpg
0 - ./tweet_data/politics_04/TrumpIsACompleteFailure/tweets2/EVNoI_6UEAsCKox.jpg
0 - ./tweet_data/politics_04/TrumpIsACompleteFailure/tweets2/EVQTgJOUMAYTPK9.jpg
0 - ./tweet_data/politics_04/TrumpIsACompleteFailure/tweets2/EVDTY-EXYAEQSnJ.jpg
0 - ./tweet_data/politics_04/TrumpIsACompleteFailure/tweets3/EWD35VrWsAAoy1k.jpg
0 - ./tweet_data/politics_04/TrumpIsACompleteFailure/tweets3/EV5SzoVX0AI0yh2.jpg
0 - ./tweet_data/politics_04/TrumpIsACompleteFailure/tweets3/EV0wO4kXgAEpDpn.jpg
0 - ./tweet_data/politics_04/TrumpIsACompleteFailure/tweets3/EVvU-bMXkAE3ShN.jpg
0 - ./tweet_data/politics_04/TrumpIsACompleteFailure/tweets3/EVm1Ww2XYAE-tu8.jpg
0 - ./tweet_data/politics_04/TrumpIsACompleteFailure/tweets4/EWToOQrWoAU6jiI.jpg
0 - ./tweet_data/politics_04/TrumpIsACompleteFailure/tweets4/EWPYcCsWkAEz-4X.jpg
0 - ./tweet_data/politics_04/TrumpIsACompleteFailure/tweets5/EWzzvZPWAAAME8w.jpg
0 - ./tweet_data/politics_04/TrumpIsANationalDisgrace/tweets4/EWfDmHsWkAgdRGj.jpg
0 - ./tweet_data/politics_04/TrumpIsARapist/tweets4/EWfEg-RWkAA468f.jpg
0 - ./tweet_data/politics_04/TrumpLiesPeopleDie/tweets2/EVa96UBXQAIDAQw.jpg
0 - ./tweet_data/politics_04/TrumpLiesPeopleDie/tweets3/EWD6jB-UwAUxDxn.jpg
0 - ./tweet_data/politics_04/TrumpLiesPeopleDie/tweets3/EWCfloaUEAIPmB5.jpg
0 - ./tweet_data/politics_04/TrumpLiesPeopleDie/tweets3/EVwpvCBWsAA_q0U.jpg
0 - ./tweet_data/politics_04/TrumpLiesPeopleDie/tweets3/EVwohHDXYAYEiea.jpg
0 - ./tweet_data/politics_04/TrumpLiesPeopleDie/tweets3/EVvgO3SXsAYLSuC.jpg
0 - ./tweet_data/politics_04/TrumpLiesPeopleDie/tweets3/EVsYKkNXsAAfVhz.jpg
0 - ./tweet_data/politics_04/kag/tweets4/EWK7WjtXkAMjUcB.png
TrumpLiesPeopleDie          5708
TrumpGenocide               4922
kag                         4842
TrumpIsALaughingStock       3862
TrumpIsACompleteFailure     1915
LiarInChief                 1748
Trump2020Landslide          1267
RacistInChief                792
TrumpCult                    550
CreepyJoe                    353
TrumpIsANationalDisgrace     271
Chameleon                     89
goodvsevil                    86
PedoJoe                       70
TrumpIsARapist                39
HidinBiden                    20
PedoGateIsReal                19
STOPSOCIALISM                  9
TrumpChaos                     8
dictatordan                    2
JoeBlow                        1
QAnonCult                      1
RedChinaJoe                    1
Name: hashtag, dtype: int64
Topic: politics_04 - Images with text: 26575

Filter out duplicate images
TrumpGenocide               3829
kag                         3640
TrumpLiesPeopleDie          3611
TrumpIsALaughingStock       2959
LiarInChief                 1427
TrumpIsACompleteFailure     1379
Trump2020Landslide          1059
TrumpCult                    419
CreepyJoe                    278
RacistInChief                184
TrumpIsANationalDisgrace     128
Chameleon                     85
goodvsevil                    58
PedoJoe                       47
TrumpIsARapist                33
HidinBiden                    20
PedoGateIsReal                17
STOPSOCIALISM                  9
TrumpChaos                     8
dictatordan                    2
QAnonCult                      1
JoeBlow                        1
RedChinaJoe                    1
Name: hashtag, dtype: int64
Topic: politics_04 - Images without duplication: 19195

Filter out images with no objects
[INFO]  Loading YOLO from disk...
TrumpGenocide               2336
kag                         2250
TrumpLiesPeopleDie          2083
TrumpIsALaughingStock       2020
LiarInChief                  888
TrumpIsACompleteFailure      884
Trump2020Landslide           701
TrumpCult                    284
CreepyJoe                    218
RacistInChief                124
TrumpIsANationalDisgrace      83
Chameleon                     44
PedoJoe                       37
goodvsevil                    25
TrumpIsARapist                19
PedoGateIsReal                14
HidinBiden                    13
TrumpChaos                     6
STOPSOCIALISM                  4
dictatordan                    1
QAnonCult                      1
RedChinaJoe                    1
Name: hashtag, dtype: int64
Topic: politics_04 - Images with objects: 12036

Extract text from images using Tesseract

Clean the OCR results
TrumpGenocide               879
TrumpIsALaughingStock       864
kag                         848
TrumpLiesPeopleDie          753
TrumpIsACompleteFailure     327
LiarInChief                 305
Trump2020Landslide          275
TrumpCult                   116
CreepyJoe                    89
RacistInChief                54
TrumpIsANationalDisgrace     40
PedoJoe                      16
goodvsevil                   15
Chameleon                    13
TrumpIsARapist                8
HidinBiden                    6
PedoGateIsReal                5
STOPSOCIALISM                 3
RedChinaJoe                   1
Name: hashtag, dtype: int64
Topic: politics_04 - Images after Tesseract:  4617

/projects/academic/hongxinh/anaconda/envs/tweets/bin/python
Job end!
