cpn-k10-39-01.compute.cbls.ccr.buffalo.edu
/projects/academic/hongxinh/anaconda/bin/python
SLURM_JOBID=6229713
SLURM_JOB_NODELIST=cpn-k10-39-01
SLURM_NNODES=1
SLURMTMPDIR=/scratch/6229713
working directory = /projects/academic/hongxinh/zheyuanm/tweets_scrape
 Anaconda Python 3.8 version 2021.05 has been loaded. 
/projects/academic/hongxinh/anaconda/envs/tweets/bin/python
/projects/academic/hongxinh/anaconda/envs/tweets/bin/tesseract
/projects/academic/hongxinh/zheyuanm/tweets_scrape
Job start!
                  BoycottChina:   407
   CCPCentennialGiftToTheWorld:     0
             CCPLiedPeopleDied:   144
                      CCPVirus:   750
              CCP_is_terrorist:   386
                       ChiNazi:  2381
           ChinaLiedPeopleDied:   153
               ChinaLiesMatter:     0
                    ChinaVirus:   486
                  ChineseVirus:   285
                  MakeChinaPay:    38
                      WuhanLab:    38
                    Wuhanvirus:   274
Topic: asianhate_2021-02 - Total images:  5342

Filter out images without text
ChiNazi                1818
CCPVirus                711
ChinaVirus              407
BoycottChina            363
CCP_is_terrorist        353
ChineseVirus            233
Wuhanvirus              226
ChinaLiedPeopleDied     133
CCPLiedPeopleDied       128
MakeChinaPay             34
WuhanLab                 31
Name: hashtag, dtype: int64
Topic: asianhate_2021-02 - Images with text:  4437

Filter out duplicate images
ChinaVirus             324
CCPVirus               311
BoycottChina           299
ChineseVirus           149
CCP_is_terrorist       147
ChiNazi                133
Wuhanvirus             117
ChinaLiedPeopleDied    108
CCPLiedPeopleDied       89
WuhanLab                22
MakeChinaPay             4
Name: hashtag, dtype: int64
Topic: asianhate_2021-02 - Images without duplication:  1703

Filter out images with no objects
[INFO]  Loading YOLO from disk...
ChinaVirus             197
CCPVirus               163
BoycottChina           162
CCP_is_terrorist        83
ChiNazi                 81
ChineseVirus            75
ChinaLiedPeopleDied     60
Wuhanvirus              57
CCPLiedPeopleDied       38
WuhanLab                16
MakeChinaPay             1
Name: hashtag, dtype: int64
Topic: asianhate_2021-02 - Images with objects:   933

Extract text from images using Tesseract

Clean the OCR results
ChinaVirus             79
CCPVirus               49
BoycottChina           45
CCP_is_terrorist       24
ChineseVirus           22
ChiNazi                18
ChinaLiedPeopleDied    16
Wuhanvirus             16
CCPLiedPeopleDied      12
WuhanLab                4
Name: hashtag, dtype: int64
Topic: asianhate_2021-02 - Images after Tesseract:   285

/projects/academic/hongxinh/anaconda/envs/tweets/bin/python
Job end!
