cpn-k11-35-02.compute.cbls.ccr.buffalo.edu
/projects/academic/hongxinh/anaconda/bin/python
SLURM_JOBID=6228802
SLURM_JOB_NODELIST=cpn-k11-35-02
SLURM_NNODES=1
SLURMTMPDIR=/scratch/6228802
working directory = /projects/academic/hongxinh/zheyuanm/tweets_scrape
 Anaconda Python 3.8 version 2021.05 has been loaded. 
/projects/academic/hongxinh/anaconda/envs/tweets/bin/python
/projects/academic/hongxinh/zheyuanm/tweets_scrape
Job start!
snscrape twitter-search "#takeoffthemask since:2020-02-01 until:2020-02-07 filter:images" > tweet_data/mask_2020-02/takeoffthemask/tweets1.txt

snscrape twitter-search "#takeoffthemask since:2020-02-08 until:2020-02-14 filter:images" > tweet_data/mask_2020-02/takeoffthemask/tweets2.txt

snscrape twitter-search "#takeoffthemask since:2020-02-15 until:2020-02-21 filter:images" > tweet_data/mask_2020-02/takeoffthemask/tweets3.txt

snscrape twitter-search "#takeoffthemask since:2020-02-22 until:2020-02-28 filter:images" > tweet_data/mask_2020-02/takeoffthemask/tweets4.txt

snscrape twitter-search "#takeoffthemask since:2020-02-29 until:2020-02-29 filter:images" > tweet_data/mask_2020-02/takeoffthemask/tweets5.txt

snscrape twitter-search "#maskburning since:2020-02-01 until:2020-02-07 filter:images" > tweet_data/mask_2020-02/maskburning/tweets1.txt

snscrape twitter-search "#maskburning since:2020-02-08 until:2020-02-14 filter:images" > tweet_data/mask_2020-02/maskburning/tweets2.txt

snscrape twitter-search "#maskburning since:2020-02-15 until:2020-02-21 filter:images" > tweet_data/mask_2020-02/maskburning/tweets3.txt

snscrape twitter-search "#maskburning since:2020-02-22 until:2020-02-28 filter:images" > tweet_data/mask_2020-02/maskburning/tweets4.txt

snscrape twitter-search "#maskburning since:2020-02-29 until:2020-02-29 filter:images" > tweet_data/mask_2020-02/maskburning/tweets5.txt

snscrape twitter-search "#BurnYourMask since:2020-02-01 until:2020-02-07 filter:images" > tweet_data/mask_2020-02/BurnYourMask/tweets1.txt

snscrape twitter-search "#BurnYourMask since:2020-02-08 until:2020-02-14 filter:images" > tweet_data/mask_2020-02/BurnYourMask/tweets2.txt

snscrape twitter-search "#BurnYourMask since:2020-02-15 until:2020-02-21 filter:images" > tweet_data/mask_2020-02/BurnYourMask/tweets3.txt

snscrape twitter-search "#BurnYourMask since:2020-02-22 until:2020-02-28 filter:images" > tweet_data/mask_2020-02/BurnYourMask/tweets4.txt

snscrape twitter-search "#BurnYourMask since:2020-02-29 until:2020-02-29 filter:images" > tweet_data/mask_2020-02/BurnYourMask/tweets5.txt

snscrape twitter-search "#burnyourmaskchallenge since:2020-02-01 until:2020-02-07 filter:images" > tweet_data/mask_2020-02/burnyourmaskchallenge/tweets1.txt

snscrape twitter-search "#burnyourmaskchallenge since:2020-02-08 until:2020-02-14 filter:images" > tweet_data/mask_2020-02/burnyourmaskchallenge/tweets2.txt

snscrape twitter-search "#burnyourmaskchallenge since:2020-02-15 until:2020-02-21 filter:images" > tweet_data/mask_2020-02/burnyourmaskchallenge/tweets3.txt

snscrape twitter-search "#burnyourmaskchallenge since:2020-02-22 until:2020-02-28 filter:images" > tweet_data/mask_2020-02/burnyourmaskchallenge/tweets4.txt

snscrape twitter-search "#burnyourmaskchallenge since:2020-02-29 until:2020-02-29 filter:images" > tweet_data/mask_2020-02/burnyourmaskchallenge/tweets5.txt

snscrape twitter-search "#masksdontwork since:2020-02-01 until:2020-02-07 filter:images" > tweet_data/mask_2020-02/masksdontwork/tweets1.txt

snscrape twitter-search "#masksdontwork since:2020-02-08 until:2020-02-14 filter:images" > tweet_data/mask_2020-02/masksdontwork/tweets2.txt

snscrape twitter-search "#masksdontwork since:2020-02-15 until:2020-02-21 filter:images" > tweet_data/mask_2020-02/masksdontwork/tweets3.txt

snscrape twitter-search "#masksdontwork since:2020-02-22 until:2020-02-28 filter:images" > tweet_data/mask_2020-02/masksdontwork/tweets4.txt

snscrape twitter-search "#masksdontwork since:2020-02-29 until:2020-02-29 filter:images" > tweet_data/mask_2020-02/masksdontwork/tweets5.txt

snscrape twitter-search "#nomaskonme since:2020-02-01 until:2020-02-07 filter:images" > tweet_data/mask_2020-02/nomaskonme/tweets1.txt

snscrape twitter-search "#nomaskonme since:2020-02-08 until:2020-02-14 filter:images" > tweet_data/mask_2020-02/nomaskonme/tweets2.txt

snscrape twitter-search "#nomaskonme since:2020-02-15 until:2020-02-21 filter:images" > tweet_data/mask_2020-02/nomaskonme/tweets3.txt

snscrape twitter-search "#nomaskonme since:2020-02-22 until:2020-02-28 filter:images" > tweet_data/mask_2020-02/nomaskonme/tweets4.txt

snscrape twitter-search "#nomaskonme since:2020-02-29 until:2020-02-29 filter:images" > tweet_data/mask_2020-02/nomaskonme/tweets5.txt

snscrape twitter-search "#NoMasksOnMe since:2020-02-01 until:2020-02-07 filter:images" > tweet_data/mask_2020-02/NoMasksOnMe/tweets1.txt

snscrape twitter-search "#NoMasksOnMe since:2020-02-08 until:2020-02-14 filter:images" > tweet_data/mask_2020-02/NoMasksOnMe/tweets2.txt

snscrape twitter-search "#NoMasksOnMe since:2020-02-15 until:2020-02-21 filter:images" > tweet_data/mask_2020-02/NoMasksOnMe/tweets3.txt

snscrape twitter-search "#NoMasksOnMe since:2020-02-22 until:2020-02-28 filter:images" > tweet_data/mask_2020-02/NoMasksOnMe/tweets4.txt

snscrape twitter-search "#NoMasksOnMe since:2020-02-29 until:2020-02-29 filter:images" > tweet_data/mask_2020-02/NoMasksOnMe/tweets5.txt

snscrape twitter-search "#nomaskselfie since:2020-02-01 until:2020-02-07 filter:images" > tweet_data/mask_2020-02/nomaskselfie/tweets1.txt

snscrape twitter-search "#nomaskselfie since:2020-02-08 until:2020-02-14 filter:images" > tweet_data/mask_2020-02/nomaskselfie/tweets2.txt

snscrape twitter-search "#nomaskselfie since:2020-02-15 until:2020-02-21 filter:images" > tweet_data/mask_2020-02/nomaskselfie/tweets3.txt

snscrape twitter-search "#nomaskselfie since:2020-02-22 until:2020-02-28 filter:images" > tweet_data/mask_2020-02/nomaskselfie/tweets4.txt

snscrape twitter-search "#nomaskselfie since:2020-02-29 until:2020-02-29 filter:images" > tweet_data/mask_2020-02/nomaskselfie/tweets5.txt

snscrape twitter-search "#maskhoax since:2020-02-01 until:2020-02-07 filter:images" > tweet_data/mask_2020-02/maskhoax/tweets1.txt

snscrape twitter-search "#maskhoax since:2020-02-08 until:2020-02-14 filter:images" > tweet_data/mask_2020-02/maskhoax/tweets2.txt

snscrape twitter-search "#maskhoax since:2020-02-15 until:2020-02-21 filter:images" > tweet_data/mask_2020-02/maskhoax/tweets3.txt

snscrape twitter-search "#maskhoax since:2020-02-22 until:2020-02-28 filter:images" > tweet_data/mask_2020-02/maskhoax/tweets4.txt

snscrape twitter-search "#maskhoax since:2020-02-29 until:2020-02-29 filter:images" > tweet_data/mask_2020-02/maskhoax/tweets5.txt

snscrape twitter-search "#maskshoax since:2020-02-01 until:2020-02-07 filter:images" > tweet_data/mask_2020-02/maskshoax/tweets1.txt

snscrape twitter-search "#maskshoax since:2020-02-08 until:2020-02-14 filter:images" > tweet_data/mask_2020-02/maskshoax/tweets2.txt

snscrape twitter-search "#maskshoax since:2020-02-15 until:2020-02-21 filter:images" > tweet_data/mask_2020-02/maskshoax/tweets3.txt

snscrape twitter-search "#maskshoax since:2020-02-22 until:2020-02-28 filter:images" > tweet_data/mask_2020-02/maskshoax/tweets4.txt

snscrape twitter-search "#maskshoax since:2020-02-29 until:2020-02-29 filter:images" > tweet_data/mask_2020-02/maskshoax/tweets5.txt

snscrape twitter-search "#NoMasksEver since:2020-02-01 until:2020-02-07 filter:images" > tweet_data/mask_2020-02/NoMasksEver/tweets1.txt

snscrape twitter-search "#NoMasksEver since:2020-02-08 until:2020-02-14 filter:images" > tweet_data/mask_2020-02/NoMasksEver/tweets2.txt

snscrape twitter-search "#NoMasksEver since:2020-02-15 until:2020-02-21 filter:images" > tweet_data/mask_2020-02/NoMasksEver/tweets3.txt

snscrape twitter-search "#NoMasksEver since:2020-02-22 until:2020-02-28 filter:images" > tweet_data/mask_2020-02/NoMasksEver/tweets4.txt

snscrape twitter-search "#NoMasksEver since:2020-02-29 until:2020-02-29 filter:images" > tweet_data/mask_2020-02/NoMasksEver/tweets5.txt

snscrape twitter-search "#NoMoreMasks since:2020-02-01 until:2020-02-07 filter:images" > tweet_data/mask_2020-02/NoMoreMasks/tweets1.txt

snscrape twitter-search "#NoMoreMasks since:2020-02-08 until:2020-02-14 filter:images" > tweet_data/mask_2020-02/NoMoreMasks/tweets2.txt

snscrape twitter-search "#NoMoreMasks since:2020-02-15 until:2020-02-21 filter:images" > tweet_data/mask_2020-02/NoMoreMasks/tweets3.txt

snscrape twitter-search "#NoMoreMasks since:2020-02-22 until:2020-02-28 filter:images" > tweet_data/mask_2020-02/NoMoreMasks/tweets4.txt

snscrape twitter-search "#NoMoreMasks since:2020-02-29 until:2020-02-29 filter:images" > tweet_data/mask_2020-02/NoMoreMasks/tweets5.txt

snscrape twitter-search "#IWillNotWearAMask since:2020-02-01 until:2020-02-07 filter:images" > tweet_data/mask_2020-02/IWillNotWearAMask/tweets1.txt

snscrape twitter-search "#IWillNotWearAMask since:2020-02-08 until:2020-02-14 filter:images" > tweet_data/mask_2020-02/IWillNotWearAMask/tweets2.txt

snscrape twitter-search "#IWillNotWearAMask since:2020-02-15 until:2020-02-21 filter:images" > tweet_data/mask_2020-02/IWillNotWearAMask/tweets3.txt

snscrape twitter-search "#IWillNotWearAMask since:2020-02-22 until:2020-02-28 filter:images" > tweet_data/mask_2020-02/IWillNotWearAMask/tweets4.txt

snscrape twitter-search "#IWillNotWearAMask since:2020-02-29 until:2020-02-29 filter:images" > tweet_data/mask_2020-02/IWillNotWearAMask/tweets5.txt

snscrape twitter-search "#maskoff since:2020-02-01 until:2020-02-07 filter:images" > tweet_data/mask_2020-02/maskoff/tweets1.txt

snscrape twitter-search "#maskoff since:2020-02-08 until:2020-02-14 filter:images" > tweet_data/mask_2020-02/maskoff/tweets2.txt

snscrape twitter-search "#maskoff since:2020-02-15 until:2020-02-21 filter:images" > tweet_data/mask_2020-02/maskoff/tweets3.txt

snscrape twitter-search "#maskoff since:2020-02-22 until:2020-02-28 filter:images" > tweet_data/mask_2020-02/maskoff/tweets4.txt

snscrape twitter-search "#maskoff since:2020-02-29 until:2020-02-29 filter:images" > tweet_data/mask_2020-02/maskoff/tweets5.txt

snscrape twitter-search "#facefreedom since:2020-02-01 until:2020-02-07 filter:images" > tweet_data/mask_2020-02/facefreedom/tweets1.txt

snscrape twitter-search "#facefreedom since:2020-02-08 until:2020-02-14 filter:images" > tweet_data/mask_2020-02/facefreedom/tweets2.txt

snscrape twitter-search "#facefreedom since:2020-02-15 until:2020-02-21 filter:images" > tweet_data/mask_2020-02/facefreedom/tweets3.txt

snscrape twitter-search "#facefreedom since:2020-02-22 until:2020-02-28 filter:images" > tweet_data/mask_2020-02/facefreedom/tweets4.txt

snscrape twitter-search "#facefreedom since:2020-02-29 until:2020-02-29 filter:images" > tweet_data/mask_2020-02/facefreedom/tweets5.txt

snscrape twitter-search "#masksmakemesweaty since:2020-02-01 until:2020-02-07 filter:images" > tweet_data/mask_2020-02/masksmakemesweaty/tweets1.txt

snscrape twitter-search "#masksmakemesweaty since:2020-02-08 until:2020-02-14 filter:images" > tweet_data/mask_2020-02/masksmakemesweaty/tweets2.txt

snscrape twitter-search "#masksmakemesweaty since:2020-02-15 until:2020-02-21 filter:images" > tweet_data/mask_2020-02/masksmakemesweaty/tweets3.txt

snscrape twitter-search "#masksmakemesweaty since:2020-02-22 until:2020-02-28 filter:images" > tweet_data/mask_2020-02/masksmakemesweaty/tweets4.txt

snscrape twitter-search "#masksmakemesweaty since:2020-02-29 until:2020-02-29 filter:images" > tweet_data/mask_2020-02/masksmakemesweaty/tweets5.txt

snscrape twitter-search "#MasksAreDangerous since:2020-02-01 until:2020-02-07 filter:images" > tweet_data/mask_2020-02/MasksAreDangerous/tweets1.txt

snscrape twitter-search "#MasksAreDangerous since:2020-02-08 until:2020-02-14 filter:images" > tweet_data/mask_2020-02/MasksAreDangerous/tweets2.txt

snscrape twitter-search "#MasksAreDangerous since:2020-02-15 until:2020-02-21 filter:images" > tweet_data/mask_2020-02/MasksAreDangerous/tweets3.txt

snscrape twitter-search "#MasksAreDangerous since:2020-02-22 until:2020-02-28 filter:images" > tweet_data/mask_2020-02/MasksAreDangerous/tweets4.txt

snscrape twitter-search "#MasksAreDangerous since:2020-02-29 until:2020-02-29 filter:images" > tweet_data/mask_2020-02/MasksAreDangerous/tweets5.txt

snscrape twitter-search "#TakeTheMaskOff since:2020-02-01 until:2020-02-07 filter:images" > tweet_data/mask_2020-02/TakeTheMaskOff/tweets1.txt

snscrape twitter-search "#TakeTheMaskOff since:2020-02-08 until:2020-02-14 filter:images" > tweet_data/mask_2020-02/TakeTheMaskOff/tweets2.txt

snscrape twitter-search "#TakeTheMaskOff since:2020-02-15 until:2020-02-21 filter:images" > tweet_data/mask_2020-02/TakeTheMaskOff/tweets3.txt

snscrape twitter-search "#TakeTheMaskOff since:2020-02-22 until:2020-02-28 filter:images" > tweet_data/mask_2020-02/TakeTheMaskOff/tweets4.txt

snscrape twitter-search "#TakeTheMaskOff since:2020-02-29 until:2020-02-29 filter:images" > tweet_data/mask_2020-02/TakeTheMaskOff/tweets5.txt

snscrape twitter-search "#StopForcingMasksOnMe since:2020-02-01 until:2020-02-07 filter:images" > tweet_data/mask_2020-02/StopForcingMasksOnMe/tweets1.txt

snscrape twitter-search "#StopForcingMasksOnMe since:2020-02-08 until:2020-02-14 filter:images" > tweet_data/mask_2020-02/StopForcingMasksOnMe/tweets2.txt

snscrape twitter-search "#StopForcingMasksOnMe since:2020-02-15 until:2020-02-21 filter:images" > tweet_data/mask_2020-02/StopForcingMasksOnMe/tweets3.txt

snscrape twitter-search "#StopForcingMasksOnMe since:2020-02-22 until:2020-02-28 filter:images" > tweet_data/mask_2020-02/StopForcingMasksOnMe/tweets4.txt

snscrape twitter-search "#StopForcingMasksOnMe since:2020-02-29 until:2020-02-29 filter:images" > tweet_data/mask_2020-02/StopForcingMasksOnMe/tweets5.txt

snscrape twitter-search "#takeoffyourmask since:2020-02-01 until:2020-02-07 filter:images" > tweet_data/mask_2020-02/takeoffyourmask/tweets1.txt

snscrape twitter-search "#takeoffyourmask since:2020-02-08 until:2020-02-14 filter:images" > tweet_data/mask_2020-02/takeoffyourmask/tweets2.txt

snscrape twitter-search "#takeoffyourmask since:2020-02-15 until:2020-02-21 filter:images" > tweet_data/mask_2020-02/takeoffyourmask/tweets3.txt

snscrape twitter-search "#takeoffyourmask since:2020-02-22 until:2020-02-28 filter:images" > tweet_data/mask_2020-02/takeoffyourmask/tweets4.txt

snscrape twitter-search "#takeoffyourmask since:2020-02-29 until:2020-02-29 filter:images" > tweet_data/mask_2020-02/takeoffyourmask/tweets5.txt

snscrape twitter-search "#refusemask since:2020-02-01 until:2020-02-07 filter:images" > tweet_data/mask_2020-02/refusemask/tweets1.txt

snscrape twitter-search "#refusemask since:2020-02-08 until:2020-02-14 filter:images" > tweet_data/mask_2020-02/refusemask/tweets2.txt

snscrape twitter-search "#refusemask since:2020-02-15 until:2020-02-21 filter:images" > tweet_data/mask_2020-02/refusemask/tweets3.txt

snscrape twitter-search "#refusemask since:2020-02-22 until:2020-02-28 filter:images" > tweet_data/mask_2020-02/refusemask/tweets4.txt

snscrape twitter-search "#refusemask since:2020-02-29 until:2020-02-29 filter:images" > tweet_data/mask_2020-02/refusemask/tweets5.txt

snscrape twitter-search "#NeverMasker since:2020-02-01 until:2020-02-07 filter:images" > tweet_data/mask_2020-02/NeverMasker/tweets1.txt

snscrape twitter-search "#NeverMasker since:2020-02-08 until:2020-02-14 filter:images" > tweet_data/mask_2020-02/NeverMasker/tweets2.txt

snscrape twitter-search "#NeverMasker since:2020-02-15 until:2020-02-21 filter:images" > tweet_data/mask_2020-02/NeverMasker/tweets3.txt

snscrape twitter-search "#NeverMasker since:2020-02-22 until:2020-02-28 filter:images" > tweet_data/mask_2020-02/NeverMasker/tweets4.txt

snscrape twitter-search "#NeverMasker since:2020-02-29 until:2020-02-29 filter:images" > tweet_data/mask_2020-02/NeverMasker/tweets5.txt

snscrape twitter-search "#StopWearingMask since:2020-02-01 until:2020-02-07 filter:images" > tweet_data/mask_2020-02/StopWearingMask/tweets1.txt

snscrape twitter-search "#StopWearingMask since:2020-02-08 until:2020-02-14 filter:images" > tweet_data/mask_2020-02/StopWearingMask/tweets2.txt

snscrape twitter-search "#StopWearingMask since:2020-02-15 until:2020-02-21 filter:images" > tweet_data/mask_2020-02/StopWearingMask/tweets3.txt

snscrape twitter-search "#StopWearingMask since:2020-02-22 until:2020-02-28 filter:images" > tweet_data/mask_2020-02/StopWearingMask/tweets4.txt

snscrape twitter-search "#StopWearingMask since:2020-02-29 until:2020-02-29 filter:images" > tweet_data/mask_2020-02/StopWearingMask/tweets5.txt

snscrape twitter-search "#StopWearingTheDamnMasks since:2020-02-01 until:2020-02-07 filter:images" > tweet_data/mask_2020-02/StopWearingTheDamnMasks/tweets1.txt

snscrape twitter-search "#StopWearingTheDamnMasks since:2020-02-08 until:2020-02-14 filter:images" > tweet_data/mask_2020-02/StopWearingTheDamnMasks/tweets2.txt

snscrape twitter-search "#StopWearingTheDamnMasks since:2020-02-15 until:2020-02-21 filter:images" > tweet_data/mask_2020-02/StopWearingTheDamnMasks/tweets3.txt

snscrape twitter-search "#StopWearingTheDamnMasks since:2020-02-22 until:2020-02-28 filter:images" > tweet_data/mask_2020-02/StopWearingTheDamnMasks/tweets4.txt

snscrape twitter-search "#StopWearingTheDamnMasks since:2020-02-29 until:2020-02-29 filter:images" > tweet_data/mask_2020-02/StopWearingTheDamnMasks/tweets5.txt

snscrape twitter-search "#MasksdontMatter since:2020-02-01 until:2020-02-07 filter:images" > tweet_data/mask_2020-02/MasksdontMatter/tweets1.txt

snscrape twitter-search "#MasksdontMatter since:2020-02-08 until:2020-02-14 filter:images" > tweet_data/mask_2020-02/MasksdontMatter/tweets2.txt

snscrape twitter-search "#MasksdontMatter since:2020-02-15 until:2020-02-21 filter:images" > tweet_data/mask_2020-02/MasksdontMatter/tweets3.txt

snscrape twitter-search "#MasksdontMatter since:2020-02-22 until:2020-02-28 filter:images" > tweet_data/mask_2020-02/MasksdontMatter/tweets4.txt

snscrape twitter-search "#MasksdontMatter since:2020-02-29 until:2020-02-29 filter:images" > tweet_data/mask_2020-02/MasksdontMatter/tweets5.txt

snscrape twitter-search "#stopmasking since:2020-02-01 until:2020-02-07 filter:images" > tweet_data/mask_2020-02/stopmasking/tweets1.txt

snscrape twitter-search "#stopmasking since:2020-02-08 until:2020-02-14 filter:images" > tweet_data/mask_2020-02/stopmasking/tweets2.txt

snscrape twitter-search "#stopmasking since:2020-02-15 until:2020-02-21 filter:images" > tweet_data/mask_2020-02/stopmasking/tweets3.txt

snscrape twitter-search "#stopmasking since:2020-02-22 until:2020-02-28 filter:images" > tweet_data/mask_2020-02/stopmasking/tweets4.txt

snscrape twitter-search "#stopmasking since:2020-02-29 until:2020-02-29 filter:images" > tweet_data/mask_2020-02/stopmasking/tweets5.txt

snscrape twitter-search "#stopthestupidmask since:2020-02-01 until:2020-02-07 filter:images" > tweet_data/mask_2020-02/stopthestupidmask/tweets1.txt

snscrape twitter-search "#stopthestupidmask since:2020-02-08 until:2020-02-14 filter:images" > tweet_data/mask_2020-02/stopthestupidmask/tweets2.txt

snscrape twitter-search "#stopthestupidmask since:2020-02-15 until:2020-02-21 filter:images" > tweet_data/mask_2020-02/stopthestupidmask/tweets3.txt

snscrape twitter-search "#stopthestupidmask since:2020-02-22 until:2020-02-28 filter:images" > tweet_data/mask_2020-02/stopthestupidmask/tweets4.txt

snscrape twitter-search "#stopthestupidmask since:2020-02-29 until:2020-02-29 filter:images" > tweet_data/mask_2020-02/stopthestupidmask/tweets5.txt

snscrape twitter-search "#maskingchildrenischildabuse since:2020-02-01 until:2020-02-07 filter:images" > tweet_data/mask_2020-02/maskingchildrenischildabuse/tweets1.txt

snscrape twitter-search "#maskingchildrenischildabuse since:2020-02-08 until:2020-02-14 filter:images" > tweet_data/mask_2020-02/maskingchildrenischildabuse/tweets2.txt

snscrape twitter-search "#maskingchildrenischildabuse since:2020-02-15 until:2020-02-21 filter:images" > tweet_data/mask_2020-02/maskingchildrenischildabuse/tweets3.txt

snscrape twitter-search "#maskingchildrenischildabuse since:2020-02-22 until:2020-02-28 filter:images" > tweet_data/mask_2020-02/maskingchildrenischildabuse/tweets4.txt

snscrape twitter-search "#maskingchildrenischildabuse since:2020-02-29 until:2020-02-29 filter:images" > tweet_data/mask_2020-02/maskingchildrenischildabuse/tweets5.txt

snscrape twitter-search "#MomsAgainstMasks since:2020-02-01 until:2020-02-07 filter:images" > tweet_data/mask_2020-02/MomsAgainstMasks/tweets1.txt

snscrape twitter-search "#MomsAgainstMasks since:2020-02-08 until:2020-02-14 filter:images" > tweet_data/mask_2020-02/MomsAgainstMasks/tweets2.txt

snscrape twitter-search "#MomsAgainstMasks since:2020-02-15 until:2020-02-21 filter:images" > tweet_data/mask_2020-02/MomsAgainstMasks/tweets3.txt

snscrape twitter-search "#MomsAgainstMasks since:2020-02-22 until:2020-02-28 filter:images" > tweet_data/mask_2020-02/MomsAgainstMasks/tweets4.txt

snscrape twitter-search "#MomsAgainstMasks since:2020-02-29 until:2020-02-29 filter:images" > tweet_data/mask_2020-02/MomsAgainstMasks/tweets5.txt

snscrape twitter-search "#MasksRUnhealthy since:2020-02-01 until:2020-02-07 filter:images" > tweet_data/mask_2020-02/MasksRUnhealthy/tweets1.txt

snscrape twitter-search "#MasksRUnhealthy since:2020-02-08 until:2020-02-14 filter:images" > tweet_data/mask_2020-02/MasksRUnhealthy/tweets2.txt

snscrape twitter-search "#MasksRUnhealthy since:2020-02-15 until:2020-02-21 filter:images" > tweet_data/mask_2020-02/MasksRUnhealthy/tweets3.txt

snscrape twitter-search "#MasksRUnhealthy since:2020-02-22 until:2020-02-28 filter:images" > tweet_data/mask_2020-02/MasksRUnhealthy/tweets4.txt

snscrape twitter-search "#MasksRUnhealthy since:2020-02-29 until:2020-02-29 filter:images" > tweet_data/mask_2020-02/MasksRUnhealthy/tweets5.txt

snscrape twitter-search "#SheepWearMasks since:2020-02-01 until:2020-02-07 filter:images" > tweet_data/mask_2020-02/SheepWearMasks/tweets1.txt

snscrape twitter-search "#SheepWearMasks since:2020-02-08 until:2020-02-14 filter:images" > tweet_data/mask_2020-02/SheepWearMasks/tweets2.txt

snscrape twitter-search "#SheepWearMasks since:2020-02-15 until:2020-02-21 filter:images" > tweet_data/mask_2020-02/SheepWearMasks/tweets3.txt

snscrape twitter-search "#SheepWearMasks since:2020-02-22 until:2020-02-28 filter:images" > tweet_data/mask_2020-02/SheepWearMasks/tweets4.txt

snscrape twitter-search "#SheepWearMasks since:2020-02-29 until:2020-02-29 filter:images" > tweet_data/mask_2020-02/SheepWearMasks/tweets5.txt

snscrape twitter-search "#MasksAreForSheep since:2020-02-01 until:2020-02-07 filter:images" > tweet_data/mask_2020-02/MasksAreForSheep/tweets1.txt

snscrape twitter-search "#MasksAreForSheep since:2020-02-08 until:2020-02-14 filter:images" > tweet_data/mask_2020-02/MasksAreForSheep/tweets2.txt

snscrape twitter-search "#MasksAreForSheep since:2020-02-15 until:2020-02-21 filter:images" > tweet_data/mask_2020-02/MasksAreForSheep/tweets3.txt

snscrape twitter-search "#MasksAreForSheep since:2020-02-22 until:2020-02-28 filter:images" > tweet_data/mask_2020-02/MasksAreForSheep/tweets4.txt

snscrape twitter-search "#MasksAreForSheep since:2020-02-29 until:2020-02-29 filter:images" > tweet_data/mask_2020-02/MasksAreForSheep/tweets5.txt

snscrape twitter-search "#RefuseToWearMasks since:2020-02-01 until:2020-02-07 filter:images" > tweet_data/mask_2020-02/RefuseToWearMasks/tweets1.txt

snscrape twitter-search "#RefuseToWearMasks since:2020-02-08 until:2020-02-14 filter:images" > tweet_data/mask_2020-02/RefuseToWearMasks/tweets2.txt

snscrape twitter-search "#RefuseToWearMasks since:2020-02-15 until:2020-02-21 filter:images" > tweet_data/mask_2020-02/RefuseToWearMasks/tweets3.txt

snscrape twitter-search "#RefuseToWearMasks since:2020-02-22 until:2020-02-28 filter:images" > tweet_data/mask_2020-02/RefuseToWearMasks/tweets4.txt

snscrape twitter-search "#RefuseToWearMasks since:2020-02-29 until:2020-02-29 filter:images" > tweet_data/mask_2020-02/RefuseToWearMasks/tweets5.txt

snscrape twitter-search "#MasksAreMurderingMe since:2020-02-01 until:2020-02-07 filter:images" > tweet_data/mask_2020-02/MasksAreMurderingMe/tweets1.txt

snscrape twitter-search "#MasksAreMurderingMe since:2020-02-08 until:2020-02-14 filter:images" > tweet_data/mask_2020-02/MasksAreMurderingMe/tweets2.txt

snscrape twitter-search "#MasksAreMurderingMe since:2020-02-15 until:2020-02-21 filter:images" > tweet_data/mask_2020-02/MasksAreMurderingMe/tweets3.txt

snscrape twitter-search "#MasksAreMurderingMe since:2020-02-22 until:2020-02-28 filter:images" > tweet_data/mask_2020-02/MasksAreMurderingMe/tweets4.txt

snscrape twitter-search "#MasksAreMurderingMe since:2020-02-29 until:2020-02-29 filter:images" > tweet_data/mask_2020-02/MasksAreMurderingMe/tweets5.txt

snscrape twitter-search "#masknazis since:2020-02-01 until:2020-02-07 filter:images" > tweet_data/mask_2020-02/masknazis/tweets1.txt

snscrape twitter-search "#masknazis since:2020-02-08 until:2020-02-14 filter:images" > tweet_data/mask_2020-02/masknazis/tweets2.txt

snscrape twitter-search "#masknazis since:2020-02-15 until:2020-02-21 filter:images" > tweet_data/mask_2020-02/masknazis/tweets3.txt

snscrape twitter-search "#masknazis since:2020-02-22 until:2020-02-28 filter:images" > tweet_data/mask_2020-02/masknazis/tweets4.txt

snscrape twitter-search "#masknazis since:2020-02-29 until:2020-02-29 filter:images" > tweet_data/mask_2020-02/masknazis/tweets5.txt

snscrape twitter-search "#MasksOffAmerica since:2020-02-01 until:2020-02-07 filter:images" > tweet_data/mask_2020-02/MasksOffAmerica/tweets1.txt

snscrape twitter-search "#MasksOffAmerica since:2020-02-08 until:2020-02-14 filter:images" > tweet_data/mask_2020-02/MasksOffAmerica/tweets2.txt

snscrape twitter-search "#MasksOffAmerica since:2020-02-15 until:2020-02-21 filter:images" > tweet_data/mask_2020-02/MasksOffAmerica/tweets3.txt

snscrape twitter-search "#MasksOffAmerica since:2020-02-22 until:2020-02-28 filter:images" > tweet_data/mask_2020-02/MasksOffAmerica/tweets4.txt

snscrape twitter-search "#MasksOffAmerica since:2020-02-29 until:2020-02-29 filter:images" > tweet_data/mask_2020-02/MasksOffAmerica/tweets5.txt

snscrape twitter-search "#maskhole since:2020-02-01 until:2020-02-07 filter:images" > tweet_data/mask_2020-02/maskhole/tweets1.txt

snscrape twitter-search "#maskhole since:2020-02-08 until:2020-02-14 filter:images" > tweet_data/mask_2020-02/maskhole/tweets2.txt

snscrape twitter-search "#maskhole since:2020-02-15 until:2020-02-21 filter:images" > tweet_data/mask_2020-02/maskhole/tweets3.txt

snscrape twitter-search "#maskhole since:2020-02-22 until:2020-02-28 filter:images" > tweet_data/mask_2020-02/maskhole/tweets4.txt

snscrape twitter-search "#maskhole since:2020-02-29 until:2020-02-29 filter:images" > tweet_data/mask_2020-02/maskhole/tweets5.txt

0 tweets in file tweet_data/mask_2020-02/BurnYourMask/tweets1.txt
0 tweets in file tweet_data/mask_2020-02/BurnYourMask/tweets2.txt
0 tweets in file tweet_data/mask_2020-02/BurnYourMask/tweets3.txt
0 tweets in file tweet_data/mask_2020-02/BurnYourMask/tweets4.txt
0 tweets in file tweet_data/mask_2020-02/BurnYourMask/tweets5.txt
0 tweets in file tweet_data/mask_2020-02/IWillNotWearAMask/tweets1.txt
0 tweets in file tweet_data/mask_2020-02/IWillNotWearAMask/tweets2.txt
0 tweets in file tweet_data/mask_2020-02/IWillNotWearAMask/tweets3.txt
0 tweets in file tweet_data/mask_2020-02/IWillNotWearAMask/tweets4.txt
0 tweets in file tweet_data/mask_2020-02/IWillNotWearAMask/tweets5.txt
0 tweets in file tweet_data/mask_2020-02/MasksAreDangerous/tweets1.txt
0 tweets in file tweet_data/mask_2020-02/MasksAreDangerous/tweets2.txt
0 tweets in file tweet_data/mask_2020-02/MasksAreDangerous/tweets3.txt
0 tweets in file tweet_data/mask_2020-02/MasksAreDangerous/tweets4.txt
0 tweets in file tweet_data/mask_2020-02/MasksAreDangerous/tweets5.txt
0 tweets in file tweet_data/mask_2020-02/MasksAreForSheep/tweets1.txt
0 tweets in file tweet_data/mask_2020-02/MasksAreForSheep/tweets2.txt
0 tweets in file tweet_data/mask_2020-02/MasksAreForSheep/tweets3.txt
0 tweets in file tweet_data/mask_2020-02/MasksAreForSheep/tweets4.txt
0 tweets in file tweet_data/mask_2020-02/MasksAreForSheep/tweets5.txt
0 tweets in file tweet_data/mask_2020-02/MasksAreMurderingMe/tweets1.txt
0 tweets in file tweet_data/mask_2020-02/MasksAreMurderingMe/tweets2.txt
0 tweets in file tweet_data/mask_2020-02/MasksAreMurderingMe/tweets3.txt
0 tweets in file tweet_data/mask_2020-02/MasksAreMurderingMe/tweets4.txt
0 tweets in file tweet_data/mask_2020-02/MasksAreMurderingMe/tweets5.txt
0 tweets in file tweet_data/mask_2020-02/MasksOffAmerica/tweets1.txt
0 tweets in file tweet_data/mask_2020-02/MasksOffAmerica/tweets2.txt
0 tweets in file tweet_data/mask_2020-02/MasksOffAmerica/tweets3.txt
0 tweets in file tweet_data/mask_2020-02/MasksOffAmerica/tweets4.txt
0 tweets in file tweet_data/mask_2020-02/MasksOffAmerica/tweets5.txt
0 tweets in file tweet_data/mask_2020-02/MasksRUnhealthy/tweets1.txt
0 tweets in file tweet_data/mask_2020-02/MasksRUnhealthy/tweets2.txt
0 tweets in file tweet_data/mask_2020-02/MasksRUnhealthy/tweets3.txt
0 tweets in file tweet_data/mask_2020-02/MasksRUnhealthy/tweets4.txt
0 tweets in file tweet_data/mask_2020-02/MasksRUnhealthy/tweets5.txt
0 tweets in file tweet_data/mask_2020-02/MasksdontMatter/tweets1.txt
0 tweets in file tweet_data/mask_2020-02/MasksdontMatter/tweets2.txt
0 tweets in file tweet_data/mask_2020-02/MasksdontMatter/tweets3.txt
0 tweets in file tweet_data/mask_2020-02/MasksdontMatter/tweets4.txt
0 tweets in file tweet_data/mask_2020-02/MasksdontMatter/tweets5.txt
0 tweets in file tweet_data/mask_2020-02/MomsAgainstMasks/tweets1.txt
0 tweets in file tweet_data/mask_2020-02/MomsAgainstMasks/tweets2.txt
0 tweets in file tweet_data/mask_2020-02/MomsAgainstMasks/tweets3.txt
0 tweets in file tweet_data/mask_2020-02/MomsAgainstMasks/tweets4.txt
0 tweets in file tweet_data/mask_2020-02/MomsAgainstMasks/tweets5.txt
0 tweets in file tweet_data/mask_2020-02/NeverMasker/tweets1.txt
0 tweets in file tweet_data/mask_2020-02/NeverMasker/tweets2.txt
0 tweets in file tweet_data/mask_2020-02/NeverMasker/tweets3.txt
0 tweets in file tweet_data/mask_2020-02/NeverMasker/tweets4.txt
0 tweets in file tweet_data/mask_2020-02/NeverMasker/tweets5.txt
0 tweets in file tweet_data/mask_2020-02/NoMasksEver/tweets1.txt
0 tweets in file tweet_data/mask_2020-02/NoMasksEver/tweets2.txt
0 tweets in file tweet_data/mask_2020-02/NoMasksEver/tweets3.txt
0 tweets in file tweet_data/mask_2020-02/NoMasksEver/tweets4.txt
0 tweets in file tweet_data/mask_2020-02/NoMasksEver/tweets5.txt
0 tweets in file tweet_data/mask_2020-02/NoMasksOnMe/tweets1.txt
0 tweets in file tweet_data/mask_2020-02/NoMasksOnMe/tweets2.txt
0 tweets in file tweet_data/mask_2020-02/NoMasksOnMe/tweets3.txt
0 tweets in file tweet_data/mask_2020-02/NoMasksOnMe/tweets4.txt
0 tweets in file tweet_data/mask_2020-02/NoMasksOnMe/tweets5.txt
0 tweets in file tweet_data/mask_2020-02/NoMoreMasks/tweets1.txt
0 tweets in file tweet_data/mask_2020-02/NoMoreMasks/tweets2.txt
0 tweets in file tweet_data/mask_2020-02/NoMoreMasks/tweets3.txt
0 tweets in file tweet_data/mask_2020-02/NoMoreMasks/tweets4.txt
0 tweets in file tweet_data/mask_2020-02/NoMoreMasks/tweets5.txt
0 tweets in file tweet_data/mask_2020-02/RefuseToWearMasks/tweets1.txt
0 tweets in file tweet_data/mask_2020-02/RefuseToWearMasks/tweets2.txt
0 tweets in file tweet_data/mask_2020-02/RefuseToWearMasks/tweets3.txt
0 tweets in file tweet_data/mask_2020-02/RefuseToWearMasks/tweets4.txt
0 tweets in file tweet_data/mask_2020-02/RefuseToWearMasks/tweets5.txt
0 tweets in file tweet_data/mask_2020-02/SheepWearMasks/tweets1.txt
0 tweets in file tweet_data/mask_2020-02/SheepWearMasks/tweets2.txt
0 tweets in file tweet_data/mask_2020-02/SheepWearMasks/tweets3.txt
0 tweets in file tweet_data/mask_2020-02/SheepWearMasks/tweets4.txt
0 tweets in file tweet_data/mask_2020-02/SheepWearMasks/tweets5.txt
0 tweets in file tweet_data/mask_2020-02/StopForcingMasksOnMe/tweets1.txt
0 tweets in file tweet_data/mask_2020-02/StopForcingMasksOnMe/tweets2.txt
0 tweets in file tweet_data/mask_2020-02/StopForcingMasksOnMe/tweets3.txt
0 tweets in file tweet_data/mask_2020-02/StopForcingMasksOnMe/tweets4.txt
0 tweets in file tweet_data/mask_2020-02/StopForcingMasksOnMe/tweets5.txt
0 tweets in file tweet_data/mask_2020-02/StopWearingMask/tweets1.txt
0 tweets in file tweet_data/mask_2020-02/StopWearingMask/tweets2.txt
0 tweets in file tweet_data/mask_2020-02/StopWearingMask/tweets3.txt
0 tweets in file tweet_data/mask_2020-02/StopWearingMask/tweets4.txt
0 tweets in file tweet_data/mask_2020-02/StopWearingMask/tweets5.txt
0 tweets in file tweet_data/mask_2020-02/StopWearingTheDamnMasks/tweets1.txt
0 tweets in file tweet_data/mask_2020-02/StopWearingTheDamnMasks/tweets2.txt
0 tweets in file tweet_data/mask_2020-02/StopWearingTheDamnMasks/tweets3.txt
0 tweets in file tweet_data/mask_2020-02/StopWearingTheDamnMasks/tweets4.txt
0 tweets in file tweet_data/mask_2020-02/StopWearingTheDamnMasks/tweets5.txt
0 tweets in file tweet_data/mask_2020-02/TakeTheMaskOff/tweets1.txt
1 tweets in file tweet_data/mask_2020-02/TakeTheMaskOff/tweets2.txt
0 tweets in file tweet_data/mask_2020-02/TakeTheMaskOff/tweets3.txt
2 tweets in file tweet_data/mask_2020-02/TakeTheMaskOff/tweets4.txt
0 tweets in file tweet_data/mask_2020-02/TakeTheMaskOff/tweets5.txt
0 tweets in file tweet_data/mask_2020-02/burnyourmaskchallenge/tweets1.txt
0 tweets in file tweet_data/mask_2020-02/burnyourmaskchallenge/tweets2.txt
0 tweets in file tweet_data/mask_2020-02/burnyourmaskchallenge/tweets3.txt
0 tweets in file tweet_data/mask_2020-02/burnyourmaskchallenge/tweets4.txt
0 tweets in file tweet_data/mask_2020-02/burnyourmaskchallenge/tweets5.txt
0 tweets in file tweet_data/mask_2020-02/facefreedom/tweets1.txt
0 tweets in file tweet_data/mask_2020-02/facefreedom/tweets2.txt
0 tweets in file tweet_data/mask_2020-02/facefreedom/tweets3.txt
0 tweets in file tweet_data/mask_2020-02/facefreedom/tweets4.txt
0 tweets in file tweet_data/mask_2020-02/facefreedom/tweets5.txt
0 tweets in file tweet_data/mask_2020-02/maskburning/tweets1.txt
0 tweets in file tweet_data/mask_2020-02/maskburning/tweets2.txt
0 tweets in file tweet_data/mask_2020-02/maskburning/tweets3.txt
0 tweets in file tweet_data/mask_2020-02/maskburning/tweets4.txt
0 tweets in file tweet_data/mask_2020-02/maskburning/tweets5.txt
0 tweets in file tweet_data/mask_2020-02/maskhoax/tweets1.txt
0 tweets in file tweet_data/mask_2020-02/maskhoax/tweets2.txt
0 tweets in file tweet_data/mask_2020-02/maskhoax/tweets3.txt
0 tweets in file tweet_data/mask_2020-02/maskhoax/tweets4.txt
0 tweets in file tweet_data/mask_2020-02/maskhoax/tweets5.txt
0 tweets in file tweet_data/mask_2020-02/maskhole/tweets1.txt
0 tweets in file tweet_data/mask_2020-02/maskhole/tweets2.txt
0 tweets in file tweet_data/mask_2020-02/maskhole/tweets3.txt
0 tweets in file tweet_data/mask_2020-02/maskhole/tweets4.txt
0 tweets in file tweet_data/mask_2020-02/maskhole/tweets5.txt
0 tweets in file tweet_data/mask_2020-02/maskingchildrenischildabuse/tweets1.txt
0 tweets in file tweet_data/mask_2020-02/maskingchildrenischildabuse/tweets2.txt
0 tweets in file tweet_data/mask_2020-02/maskingchildrenischildabuse/tweets3.txt
0 tweets in file tweet_data/mask_2020-02/maskingchildrenischildabuse/tweets4.txt
0 tweets in file tweet_data/mask_2020-02/maskingchildrenischildabuse/tweets5.txt
0 tweets in file tweet_data/mask_2020-02/masknazis/tweets1.txt
0 tweets in file tweet_data/mask_2020-02/masknazis/tweets2.txt
0 tweets in file tweet_data/mask_2020-02/masknazis/tweets3.txt
0 tweets in file tweet_data/mask_2020-02/masknazis/tweets4.txt
0 tweets in file tweet_data/mask_2020-02/masknazis/tweets5.txt
6 tweets in file tweet_data/mask_2020-02/maskoff/tweets1.txt
8 tweets in file tweet_data/mask_2020-02/maskoff/tweets2.txt
10 tweets in file tweet_data/mask_2020-02/maskoff/tweets3.txt
20 tweets in file tweet_data/mask_2020-02/maskoff/tweets4.txt
0 tweets in file tweet_data/mask_2020-02/maskoff/tweets5.txt
0 tweets in file tweet_data/mask_2020-02/masksdontwork/tweets1.txt
0 tweets in file tweet_data/mask_2020-02/masksdontwork/tweets2.txt
0 tweets in file tweet_data/mask_2020-02/masksdontwork/tweets3.txt
0 tweets in file tweet_data/mask_2020-02/masksdontwork/tweets4.txt
0 tweets in file tweet_data/mask_2020-02/masksdontwork/tweets5.txt
0 tweets in file tweet_data/mask_2020-02/maskshoax/tweets1.txt
0 tweets in file tweet_data/mask_2020-02/maskshoax/tweets2.txt
0 tweets in file tweet_data/mask_2020-02/maskshoax/tweets3.txt
0 tweets in file tweet_data/mask_2020-02/maskshoax/tweets4.txt
0 tweets in file tweet_data/mask_2020-02/maskshoax/tweets5.txt
0 tweets in file tweet_data/mask_2020-02/masksmakemesweaty/tweets1.txt
0 tweets in file tweet_data/mask_2020-02/masksmakemesweaty/tweets2.txt
0 tweets in file tweet_data/mask_2020-02/masksmakemesweaty/tweets3.txt
0 tweets in file tweet_data/mask_2020-02/masksmakemesweaty/tweets4.txt
0 tweets in file tweet_data/mask_2020-02/masksmakemesweaty/tweets5.txt
0 tweets in file tweet_data/mask_2020-02/nomaskonme/tweets1.txt
0 tweets in file tweet_data/mask_2020-02/nomaskonme/tweets2.txt
0 tweets in file tweet_data/mask_2020-02/nomaskonme/tweets3.txt
0 tweets in file tweet_data/mask_2020-02/nomaskonme/tweets4.txt
0 tweets in file tweet_data/mask_2020-02/nomaskonme/tweets5.txt
0 tweets in file tweet_data/mask_2020-02/nomaskselfie/tweets1.txt
0 tweets in file tweet_data/mask_2020-02/nomaskselfie/tweets2.txt
0 tweets in file tweet_data/mask_2020-02/nomaskselfie/tweets3.txt
0 tweets in file tweet_data/mask_2020-02/nomaskselfie/tweets4.txt
0 tweets in file tweet_data/mask_2020-02/nomaskselfie/tweets5.txt
0 tweets in file tweet_data/mask_2020-02/refusemask/tweets1.txt
0 tweets in file tweet_data/mask_2020-02/refusemask/tweets2.txt
0 tweets in file tweet_data/mask_2020-02/refusemask/tweets3.txt
0 tweets in file tweet_data/mask_2020-02/refusemask/tweets4.txt
0 tweets in file tweet_data/mask_2020-02/refusemask/tweets5.txt
0 tweets in file tweet_data/mask_2020-02/stopmasking/tweets1.txt
0 tweets in file tweet_data/mask_2020-02/stopmasking/tweets2.txt
0 tweets in file tweet_data/mask_2020-02/stopmasking/tweets3.txt
0 tweets in file tweet_data/mask_2020-02/stopmasking/tweets4.txt
0 tweets in file tweet_data/mask_2020-02/stopmasking/tweets5.txt
0 tweets in file tweet_data/mask_2020-02/stopthestupidmask/tweets1.txt
0 tweets in file tweet_data/mask_2020-02/stopthestupidmask/tweets2.txt
0 tweets in file tweet_data/mask_2020-02/stopthestupidmask/tweets3.txt
0 tweets in file tweet_data/mask_2020-02/stopthestupidmask/tweets4.txt
0 tweets in file tweet_data/mask_2020-02/stopthestupidmask/tweets5.txt
3 tweets in file tweet_data/mask_2020-02/takeoffthemask/tweets1.txt
0 tweets in file tweet_data/mask_2020-02/takeoffthemask/tweets2.txt
1 tweets in file tweet_data/mask_2020-02/takeoffthemask/tweets3.txt
1 tweets in file tweet_data/mask_2020-02/takeoffthemask/tweets4.txt
0 tweets in file tweet_data/mask_2020-02/takeoffthemask/tweets5.txt
0 tweets in file tweet_data/mask_2020-02/takeoffyourmask/tweets1.txt
0 tweets in file tweet_data/mask_2020-02/takeoffyourmask/tweets2.txt
1 tweets in file tweet_data/mask_2020-02/takeoffyourmask/tweets3.txt
0 tweets in file tweet_data/mask_2020-02/takeoffyourmask/tweets4.txt
0 tweets in file tweet_data/mask_2020-02/takeoffyourmask/tweets5.txt
CSV FILE COUNT: 185
  0%|          | 0/185 [00:00<?, ?it/s]  5%|▌         | 10/185 [00:00<00:01, 98.76it/s] 15%|█▌        | 28/185 [00:00<00:01, 146.15it/s] 26%|██▌       | 48/185 [00:00<00:00, 167.51it/s] 38%|███▊      | 70/185 [00:00<00:00, 184.96it/s] 50%|████▉     | 92/185 [00:01<00:02, 43.38it/s]  51%|█████     | 94/185 [00:02<00:03, 28.75it/s] 63%|██████▎   | 116/185 [00:02<00:01, 46.14it/s] 71%|███████   | 131/185 [00:02<00:01, 46.50it/s] 71%|███████▏  | 132/185 [00:03<00:01, 26.53it/s] 72%|███████▏  | 133/185 [00:03<00:03, 16.62it/s] 72%|███████▏  | 134/185 [00:05<00:06,  7.63it/s] 82%|████████▏ | 152/185 [00:05<00:01, 16.73it/s] 92%|█████████▏| 171/185 [00:05<00:00, 28.88it/s] 95%|█████████▌| 176/185 [00:05<00:00, 27.87it/s] 97%|█████████▋| 179/185 [00:05<00:00, 25.27it/s] 99%|█████████▉| 183/185 [00:06<00:00, 20.94it/s]100%|██████████| 185/185 [00:06<00:00, 30.21it/s]
/projects/academic/hongxinh/anaconda/envs/tweets/bin/python
Job end!
