cpn-k08-27-02.compute.cbls.ccr.buffalo.edu
/projects/academic/hongxinh/anaconda/bin/python
SLURM_JOBID=6229710
SLURM_JOB_NODELIST=cpn-k08-27-02
SLURM_NNODES=1
SLURMTMPDIR=/scratch/6229710
working directory = /projects/academic/hongxinh/zheyuanm/tweets_scrape
 Anaconda Python 3.8 version 2021.05 has been loaded. 
/projects/academic/hongxinh/anaconda/envs/tweets/bin/python
/projects/academic/hongxinh/anaconda/envs/tweets/bin/tesseract
/projects/academic/hongxinh/zheyuanm/tweets_scrape
Job start!
                        Corbid:     0
                   babyboomers:   228
                   boomerdeath:     0
                  boomerdoomer:     0
                boomerentomber:     0
                  boomermoober:     0
                 boomerremover:     1
                    covididiot:    33
                     covidiots:  1705
                      okboomer:    74
                         oldaf:    16
                thankyouboomer:     0
Topic: ageism_2021-02 - Total images:  2057

Filter out images without text
covidiots        1402
babyboomers       176
okboomer           55
covididiot         27
oldaf              10
boomerremover       1
Name: hashtag, dtype: int64
Topic: ageism_2021-02 - Images with text:  1671

Filter out duplicate images
covidiots        1112
babyboomers       118
okboomer           53
covididiot         22
oldaf              10
boomerremover       1
Name: hashtag, dtype: int64
Topic: ageism_2021-02 - Images without duplication:  1316

Filter out images with no objects
[INFO]  Loading YOLO from disk...
covidiots      588
babyboomers     71
okboomer        25
covididiot      15
oldaf            7
Name: hashtag, dtype: int64
Topic: ageism_2021-02 - Images with objects:   706

Extract text from images using Tesseract

Clean the OCR results
covidiots      196
babyboomers     29
okboomer         7
oldaf            3
covididiot       2
Name: hashtag, dtype: int64
Topic: ageism_2021-02 - Images after Tesseract:   237

/projects/academic/hongxinh/anaconda/envs/tweets/bin/python
Job end!
