cpn-u23-21.compute.cbls.ccr.buffalo.edu
/projects/academic/hongxinh/anaconda/bin/python
SLURM_JOBID=6180900
SLURM_JOB_NODELIST=cpn-u23-21
SLURM_NNODES=1
SLURMTMPDIR=/scratch/6180900
working directory = /projects/academic/hongxinh/zheyuanm/tweets_scrape
 Anaconda Python 3.8 version 2021.05 has been loaded. 
/projects/academic/hongxinh/anaconda/envs/tweets/bin/python
/projects/academic/hongxinh/anaconda/envs/tweets/bin/tesseract
/projects/academic/hongxinh/zheyuanm/tweets_scrape
Job start!
         BillGatesBioTerrorist:   134
         BillGatesIsNotADoctor:    23
                    CoronaHoax:    44
                     CovidHoax:   221
                    FauciLeaks:     0
         FauciLiedMillionsDied:     0
           FauciLiedPeopleDied:    18
                 FauciTheFraud:    56
                     Fauciknew:    10
                     Plandemic:   829
                     Scandemic:    14
                       antivax:   247
                      antivaxx:    61
                 medicalkidnap:     3
Topic: vaccine_12 - Total images:  1660

Filter out images without text
Plandemic                750
antivax                  212
CovidHoax                192
BillGatesBioTerrorist    110
FauciTheFraud             55
antivaxx                  53
CoronaHoax                39
BillGatesIsNotADoctor     22
FauciLiedPeopleDied       15
Scandemic                 13
Fauciknew                 10
medicalkidnap              3
Name: hashtag, dtype: int64
Topic: vaccine_12 - Images with text:  1474

Filter out duplicate images
Plandemic                649
antivax                  195
CovidHoax                176
BillGatesBioTerrorist    110
antivaxx                  44
CoronaHoax                37
FauciTheFraud             35
BillGatesIsNotADoctor     17
FauciLiedPeopleDied       14
Scandemic                  9
Fauciknew                  8
medicalkidnap              2
Name: hashtag, dtype: int64
Topic: vaccine_12 - Images without duplication:  1296

Filter out images with no objects
[INFO]  Loading YOLO from disk...
Plandemic                320
antivax                   98
CovidHoax                 86
BillGatesBioTerrorist     78
FauciTheFraud             25
antivaxx                  19
CoronaHoax                19
FauciLiedPeopleDied       11
BillGatesIsNotADoctor     10
Fauciknew                  7
Scandemic                  5
medicalkidnap              2
Name: hashtag, dtype: int64
Topic: vaccine_12 - Images with objects:   680

Extract text from images using Tesseract

Clean the OCR results
Plandemic                112
antivax                   37
CovidHoax                 24
BillGatesBioTerrorist     22
FauciTheFraud             10
BillGatesIsNotADoctor      6
FauciLiedPeopleDied        6
CoronaHoax                 4
antivaxx                   4
Scandemic                  2
Fauciknew                  1
Name: hashtag, dtype: int64
Topic: vaccine_12 - Images after Tesseract:   228

/projects/academic/hongxinh/anaconda/envs/tweets/bin/python
Job end!
