cpn-k08-26-01.compute.cbls.ccr.buffalo.edu
/projects/academic/hongxinh/anaconda/bin/python
SLURM_JOBID=6162464
SLURM_JOB_NODELIST=cpn-k08-26-01
SLURM_NNODES=1
SLURMTMPDIR=/scratch/6162464
working directory = /projects/academic/hongxinh/zheyuanm/tweets_scrape
 Anaconda Python 3.8 version 2021.05 has been loaded. 
/projects/academic/hongxinh/anaconda/envs/tweets/bin/python
/projects/academic/hongxinh/anaconda/envs/tweets/bin/tesseract
/projects/academic/hongxinh/zheyuanm/tweets_scrape
Job start!
                  BorderCrisis:     2
                  BuildTheWall:   298
                 DeportThemAll:     8
                        deport:    10
                 illegalaliens:    43
             illegalimmigrants:    14
            illegalimmigration:    47
               stoptheinvasion:     8
Topic: immigration_12 - Total images:   430

Filter out images without text
BuildTheWall          275
illegalaliens          34
illegalimmigration     32
illegalimmigrants       9
DeportThemAll           8
stoptheinvasion         8
deport                  6
BorderCrisis            2
Name: hashtag, dtype: int64
Topic: immigration_12 - Images with text:   374

Filter out duplicate images
BuildTheWall          171
illegalaliens          26
illegalimmigration     12
DeportThemAll           8
illegalimmigrants       8
deport                  6
BorderCrisis            2
stoptheinvasion         1
Name: hashtag, dtype: int64
Topic: immigration_12 - Images without duplication:   234

Filter out images with no objects
[INFO]  Loading YOLO from disk...
BuildTheWall          93
illegalaliens         11
illegalimmigration    10
DeportThemAll          5
illegalimmigrants      4
deport                 3
stoptheinvasion        1
Name: hashtag, dtype: int64
Topic: immigration_12 - Images with objects:   127

Extract text from images using Tesseract

Clean the OCR results
BuildTheWall          38
illegalaliens          5
illegalimmigration     4
DeportThemAll          3
illegalimmigrants      2
Name: hashtag, dtype: int64
Topic: immigration_12 - Images after Tesseract:    52

/projects/academic/hongxinh/anaconda/envs/tweets/bin/python
Job end!
