cpn-k07-07-02.compute.cbls.ccr.buffalo.edu
/projects/academic/hongxinh/anaconda/bin/python
SLURM_JOBID=6162461
SLURM_JOB_NODELIST=cpn-k07-07-02
SLURM_NNODES=1
SLURMTMPDIR=/scratch/6162461
working directory = /projects/academic/hongxinh/zheyuanm/tweets_scrape
 Anaconda Python 3.8 version 2021.05 has been loaded. 
/projects/academic/hongxinh/anaconda/envs/tweets/bin/python
/projects/academic/hongxinh/anaconda/envs/tweets/bin/tesseract
/projects/academic/hongxinh/zheyuanm/tweets_scrape
Job start!
libpng warning: Ignoring incorrect cHRM value when sRGB is also present
libpng warning: Ignoring incorrect cHRM value when sRGB is also present
libpng warning: Ignoring incorrect cHRM value when sRGB is also present
                AmericaOrTrump:   215
                CDCBowsToTrump:     0
                     Chameleon:   135
                     CreepyJoe:   183
                    HidinBiden:    26
                InterruptTrump:     0
                    JoeAndBlow:     0
                  JoeAndTheHoe:     5
                       JoeBlow:     0
                   LiarInChief:   989
                PedoGateIsReal:     1
                       PedoJoe:    62
        PersonWomanManCameraTv:    12
                     QAnonCult:    19
                 RacistInChief:   136
                   RedChinaJoe:     2
                 STOPSOCIALISM:    12
            Trump2020Landslide:   109
                    TrumpChaos:    31
                     TrumpCult:   903
                 TrumpGenocide:   352
                  TrumpGestapo:     8
       TrumpIsACompleteFailure:  7290
         TrumpIsALaughingStock:  5012
          TrumpIsAMasdMurderer:     0
      TrumpIsANationalDisgrace:  4717
                TrumpIsARapist:    38
            TrumpLiesPeopleDie:    75
           TrumpsVaccineIsALie:     0
                     bunkerboy:   327
                   dictatordan:   293
                    goodvsevil:    59
                           kag:  1805
Topic: politics_12 - Total images: 22816

Filter out images without text
0 - ./tweet_data/politics_12/TrumpIsALaughingStock/tweets1/EogThC5XYAEBBAo.jpg
0 - ./tweet_data/politics_12/TrumpIsALaughingStock/tweets1/EoJhPmaVQAIZLzg.jpg
0 - ./tweet_data/politics_12/TrumpIsALaughingStock/tweets1/EoH4pBbVcAQ6n3e.jpg
0 - ./tweet_data/politics_12/TrumpIsALaughingStock/tweets1/EoIM35_UcAIzGgo.jpg
0 - ./tweet_data/politics_12/TrumpIsANationalDisgrace/tweets1/EokqpEhXMAUZpZm.jpg
0 - ./tweet_data/politics_12/bunkerboy/tweets2/EowZLEpXEAAiARy.jpg
TrumpIsACompleteFailure     5851
TrumpIsALaughingStock       3930
TrumpIsANationalDisgrace    3716
kag                         1385
LiarInChief                  812
TrumpCult                    734
TrumpGenocide                311
bunkerboy                    253
dictatordan                  205
AmericaOrTrump               167
CreepyJoe                    149
RacistInChief                115
Chameleon                     80
Trump2020Landslide            75
TrumpLiesPeopleDie            60
goodvsevil                    49
PedoJoe                       44
TrumpIsARapist                33
HidinBiden                    25
TrumpChaos                    25
QAnonCult                     13
STOPSOCIALISM                 10
PersonWomanManCameraTv         8
TrumpGestapo                   7
JoeAndTheHoe                   4
RedChinaJoe                    1
PedoGateIsReal                 1
Name: hashtag, dtype: int64
Topic: politics_12 - Images with text: 18063

Filter out duplicate images
TrumpIsACompleteFailure     4483
TrumpIsALaughingStock       2369
TrumpIsANationalDisgrace    1851
kag                         1054
LiarInChief                  600
TrumpCult                    584
TrumpGenocide                254
dictatordan                  180
bunkerboy                    150
AmericaOrTrump               140
CreepyJoe                    122
RacistInChief                 88
Chameleon                     78
Trump2020Landslide            64
goodvsevil                    41
TrumpLiesPeopleDie            36
PedoJoe                       34
TrumpIsARapist                23
TrumpChaos                    19
QAnonCult                     11
STOPSOCIALISM                 10
PersonWomanManCameraTv         7
TrumpGestapo                   6
JoeAndTheHoe                   4
RedChinaJoe                    1
HidinBiden                     1
PedoGateIsReal                 1
Name: hashtag, dtype: int64
Topic: politics_12 - Images without duplication: 12211

Filter out images with no objects
[INFO]  Loading YOLO from disk...
TrumpIsACompleteFailure     3012
TrumpIsALaughingStock       1626
TrumpIsANationalDisgrace    1204
kag                          661
TrumpCult                    387
LiarInChief                  385
TrumpGenocide                117
dictatordan                  113
bunkerboy                    107
CreepyJoe                     94
AmericaOrTrump                88
RacistInChief                 63
Chameleon                     42
Trump2020Landslide            41
PedoJoe                       30
TrumpLiesPeopleDie            28
goodvsevil                    22
TrumpIsARapist                18
TrumpChaos                    14
QAnonCult                      8
STOPSOCIALISM                  7
PersonWomanManCameraTv         4
JoeAndTheHoe                   3
TrumpGestapo                   3
HidinBiden                     1
RedChinaJoe                    1
Name: hashtag, dtype: int64
Topic: politics_12 - Images with objects:  8079

Extract text from images using Tesseract

Clean the OCR results
TrumpIsACompleteFailure     1077
TrumpIsALaughingStock        581
TrumpIsANationalDisgrace     462
kag                          239
LiarInChief                  142
TrumpCult                    127
CreepyJoe                     40
bunkerboy                     35
dictatordan                   34
TrumpGenocide                 31
AmericaOrTrump                28
RacistInChief                 20
Trump2020Landslide            13
PedoJoe                       10
Chameleon                      9
TrumpLiesPeopleDie             9
goodvsevil                     8
TrumpIsARapist                 7
TrumpChaos                     4
STOPSOCIALISM                  3
JoeAndTheHoe                   2
PersonWomanManCameraTv         1
QAnonCult                      1
Name: hashtag, dtype: int64
Topic: politics_12 - Images after Tesseract:  2883

/projects/academic/hongxinh/anaconda/envs/tweets/bin/python
Job end!
