cpn-k11-41-02.compute.cbls.ccr.buffalo.edu
/projects/academic/hongxinh/anaconda/bin/python
SLURM_JOBID=6229737
SLURM_JOB_NODELIST=cpn-k11-41-02
SLURM_NNODES=1
SLURMTMPDIR=/scratch/6229737
working directory = /projects/academic/hongxinh/zheyuanm/tweets_scrape
 Anaconda Python 3.8 version 2021.05 has been loaded. 
/projects/academic/hongxinh/anaconda/envs/tweets/bin/python
/projects/academic/hongxinh/anaconda/envs/tweets/bin/tesseract
/projects/academic/hongxinh/zheyuanm/tweets_scrape
Job start!
                  BurnYourMask:     0
             IWillNotWearAMask:     0
             MasksAreDangerous:     0
              MasksAreForSheep:     0
           MasksAreMurderingMe:     0
               MasksOffAmerica:     0
               MasksRUnhealthy:     0
               MasksdontMatter:     0
              MomsAgainstMasks:     0
                   NeverMasker:     0
                   NoMasksEver:     0
                   NoMasksOnMe:     0
                   NoMoreMasks:     0
             RefuseToWearMasks:     0
                SheepWearMasks:     0
          StopForcingMasksOnMe:     0
               StopWearingMask:     0
       StopWearingTheDamnMasks:     0
                TakeTheMaskOff:     3
         burnyourmaskchallenge:     0
                   facefreedom:     0
                   maskburning:     0
                      maskhoax:     0
                      maskhole:     0
   maskingchildrenischildabuse:     0
                     masknazis:     0
                       maskoff:    33
                 masksdontwork:     0
                     maskshoax:     0
             masksmakemesweaty:     0
                    nomaskonme:     0
                  nomaskselfie:     0
                    refusemask:     0
                   stopmasking:     0
             stopthestupidmask:     0
                takeoffthemask:     4
               takeoffyourmask:     1
Topic: mask_2020-02 - Total images:    41

Filter out images without text
maskoff            19
takeoffthemask      3
TakeTheMaskOff      1
takeoffyourmask     1
Name: hashtag, dtype: int64
Topic: mask_2020-02 - Images with text:    24

Filter out duplicate images
maskoff            19
takeoffthemask      3
TakeTheMaskOff      1
takeoffyourmask     1
Name: hashtag, dtype: int64
Topic: mask_2020-02 - Images without duplication:    24

Filter out images with no objects
[INFO]  Loading YOLO from disk...
maskoff           13
takeoffthemask     2
Name: hashtag, dtype: int64
Topic: mask_2020-02 - Images with objects:    15

Extract text from images using Tesseract

Clean the OCR results
maskoff    2
Name: hashtag, dtype: int64
Topic: mask_2020-02 - Images after Tesseract:     2

/projects/academic/hongxinh/anaconda/envs/tweets/bin/python
Job end!
