cpn-k07-08-01.compute.cbls.ccr.buffalo.edu
/projects/academic/hongxinh/anaconda/bin/python
SLURM_JOBID=6162462
SLURM_JOB_NODELIST=cpn-k07-08-01
SLURM_NNODES=1
SLURMTMPDIR=/scratch/6162462
working directory = /projects/academic/hongxinh/zheyuanm/tweets_scrape
 Anaconda Python 3.8 version 2021.05 has been loaded. 
/projects/academic/hongxinh/anaconda/envs/tweets/bin/python
/projects/academic/hongxinh/anaconda/envs/tweets/bin/tesseract
/projects/academic/hongxinh/zheyuanm/tweets_scrape
Job start!
                  BorderCrisis:     3
                  BuildTheWall:   695
                 DeportThemAll:    10
                        deport:    15
                 illegalaliens:    99
             illegalimmigrants:    46
            illegalimmigration:    81
               stoptheinvasion:     8
Topic: immigration_04 - Total images:   957

Filter out images without text
BuildTheWall          462
illegalaliens          80
illegalimmigration     43
illegalimmigrants      38
deport                 13
DeportThemAll          10
stoptheinvasion         8
BorderCrisis            2
Name: hashtag, dtype: int64
Topic: immigration_04 - Images with text:   656

Filter out duplicate images
BuildTheWall          272
illegalaliens          71
illegalimmigrants      28
illegalimmigration     17
deport                 12
stoptheinvasion         7
DeportThemAll           6
BorderCrisis            2
Name: hashtag, dtype: int64
Topic: immigration_04 - Images without duplication:   415

Filter out images with no objects
[INFO]  Loading YOLO from disk...
BuildTheWall          179
illegalaliens          44
illegalimmigrants      20
illegalimmigration     14
deport                 10
DeportThemAll           5
stoptheinvasion         5
BorderCrisis            1
Name: hashtag, dtype: int64
Topic: immigration_04 - Images with objects:   278

Extract text from images using Tesseract

Clean the OCR results
BuildTheWall          63
illegalaliens         14
illegalimmigration     5
illegalimmigrants      5
deport                 4
stoptheinvasion        2
Name: hashtag, dtype: int64
Topic: immigration_04 - Images after Tesseract:    93

/projects/academic/hongxinh/anaconda/envs/tweets/bin/python
Job end!
