cpn-k07-02-01.compute.cbls.ccr.buffalo.edu
/projects/academic/hongxinh/anaconda/bin/python
SLURM_JOBID=6162453
SLURM_JOB_NODELIST=cpn-k07-02-01
SLURM_NNODES=1
SLURMTMPDIR=/scratch/6162453
working directory = /projects/academic/hongxinh/zheyuanm/tweets_scrape
 Anaconda Python 3.8 version 2021.05 has been loaded. 
/projects/academic/hongxinh/anaconda/envs/tweets/bin/python
/projects/academic/hongxinh/anaconda/envs/tweets/bin/tesseract
/projects/academic/hongxinh/zheyuanm/tweets_scrape
Job start!
                AmericaOrTrump:  3711
                CDCBowsToTrump:    17
                     Chameleon:   145
                     CreepyJoe:   549
                    HidinBiden:   141
                InterruptTrump:   418
                    JoeAndBlow:     6
                  JoeAndTheHoe:   121
                       JoeBlow:    31
                   LiarInChief:  2336
                PedoGateIsReal:    79
                       PedoJoe:   234
        PersonWomanManCameraTv:   596
                     QAnonCult:   180
                 RacistInChief:  1731
                   RedChinaJoe:     1
                 STOPSOCIALISM:    15
            Trump2020Landslide:  5773
                    TrumpChaos:  4662
                     TrumpCult:   627
                 TrumpGenocide:  1141
                  TrumpGestapo:   312
       TrumpIsACompleteFailure:  8184
         TrumpIsALaughingStock:  6824
          TrumpIsAMasdMurderer:     1
      TrumpIsANationalDisgrace:  9159
                TrumpIsARapist:   274
            TrumpLiesPeopleDie:   738
           TrumpsVaccineIsALie:   300
                     bunkerboy:  1881
                   dictatordan:   511
                    goodvsevil:   127
                           kag:  6196
Topic: politics_08 - Total images: 57021

Filter out images without text
0 - ./tweet_data/politics_08/AmericaOrTrump/tweets1/Eea0wJyU4AAaHsB.jpg
0 - ./tweet_data/politics_08/RacistInChief/tweets4/EgY491IU8AAzI9X.jpg
0 - ./tweet_data/politics_08/TrumpIsACompleteFailure/tweets1/EemRsCMXkAE8wf9.jpg
0 - ./tweet_data/politics_08/TrumpIsACompleteFailure/tweets2/EfUYFw1XgAEPXdd.jpg
0 - ./tweet_data/politics_08/TrumpIsACompleteFailure/tweets2/EfPeWfrX0AAXBzw.jpg
0 - ./tweet_data/politics_08/TrumpIsACompleteFailure/tweets2/EfJ_eNRWkAAPHNN.jpg
0 - ./tweet_data/politics_08/TrumpIsACompleteFailure/tweets2/EfKBnO9XkAE68W2.jpg
0 - ./tweet_data/politics_08/TrumpIsACompleteFailure/tweets2/EfFwvJkXgAAesot.jpg
0 - ./tweet_data/politics_08/TrumpIsACompleteFailure/tweets2/EfE592JWkAoaqoy.jpg
0 - ./tweet_data/politics_08/TrumpIsACompleteFailure/tweets3/Ef4p-nPXYAEj4xi.jpg
0 - ./tweet_data/politics_08/TrumpIsACompleteFailure/tweets3/Ef1R-USXYAEQ4Tg.jpg
0 - ./tweet_data/politics_08/TrumpIsACompleteFailure/tweets3/Efq3HWAWAAACz9L.jpg
0 - ./tweet_data/politics_08/TrumpIsACompleteFailure/tweets3/EfhRmBhXoAE55kx.jpg
0 - ./tweet_data/politics_08/TrumpIsACompleteFailure/tweets3/Eff6LelWoAAG2EQ.jpg
0 - ./tweet_data/politics_08/TrumpIsACompleteFailure/tweets3/Efeu4TsWoAAZ7t8.jpg
0 - ./tweet_data/politics_08/TrumpIsALaughingStock/tweets1/EemRsCMXkAE8wf9.jpg
0 - ./tweet_data/politics_08/TrumpIsANationalDisgrace/tweets2/Ee6nyjLUYAAwiqy.jpg
0 - ./tweet_data/politics_08/TrumpsVaccineIsALie/tweets4/EgH0D7bVAAAgO2M.jpg
0 - ./tweet_data/politics_08/kag/tweets4/EgI3RPsWoAMSjwY.jpg
TrumpIsANationalDisgrace    7443
TrumpIsACompleteFailure     6659
TrumpIsALaughingStock       5251
kag                         5115
Trump2020Landslide          4695
TrumpChaos                  3743
AmericaOrTrump              3087
LiarInChief                 2019
bunkerboy                   1543
RacistInChief               1501
TrumpGenocide               1040
TrumpLiesPeopleDie           647
TrumpCult                    514
PersonWomanManCameraTv       505
CreepyJoe                    442
dictatordan                  433
InterruptTrump               322
TrumpGestapo                 260
TrumpsVaccineIsALie          258
TrumpIsARapist               226
PedoJoe                      191
QAnonCult                    140
goodvsevil                   118
HidinBiden                   115
JoeAndTheHoe                  98
Chameleon                     87
PedoGateIsReal                65
JoeBlow                       24
CDCBowsToTrump                12
STOPSOCIALISM                 11
JoeAndBlow                     3
TrumpIsAMasdMurderer           1
Name: hashtag, dtype: int64
Topic: politics_08 - Images with text: 46568

Filter out duplicate images
TrumpIsACompleteFailure     4830
TrumpIsANationalDisgrace    4016
Trump2020Landslide          3952
kag                         3305
TrumpIsALaughingStock       3194
TrumpChaos                  2896
AmericaOrTrump              2370
LiarInChief                 1677
RacistInChief               1052
bunkerboy                    801
TrumpGenocide                568
PersonWomanManCameraTv       415
TrumpLiesPeopleDie           400
TrumpCult                    365
dictatordan                  356
CreepyJoe                    351
InterruptTrump               298
TrumpGestapo                 182
TrumpsVaccineIsALie          173
PedoJoe                      132
TrumpIsARapist               125
QAnonCult                    119
HidinBiden                   101
JoeAndTheHoe                  92
goodvsevil                    86
Chameleon                     82
PedoGateIsReal                64
JoeBlow                       20
CDCBowsToTrump                12
STOPSOCIALISM                 10
JoeAndBlow                     2
Name: hashtag, dtype: int64
Topic: politics_08 - Images without duplication: 32046

Filter out images with no objects
[INFO]  Loading YOLO from disk...
TrumpIsACompleteFailure     3185
TrumpIsANationalDisgrace    2627
Trump2020Landslide          2596
TrumpIsALaughingStock       2196
kag                         2178
TrumpChaos                  1915
AmericaOrTrump              1438
LiarInChief                 1052
RacistInChief                705
bunkerboy                    523
CreepyJoe                    290
TrumpGenocide                263
TrumpCult                    242
PersonWomanManCameraTv       241
TrumpLiesPeopleDie           201
InterruptTrump               197
dictatordan                  191
TrumpGestapo                 126
PedoJoe                      116
TrumpsVaccineIsALie          109
TrumpIsARapist                84
HidinBiden                    78
QAnonCult                     71
JoeAndTheHoe                  62
PedoGateIsReal                41
goodvsevil                    41
Chameleon                     36
JoeBlow                       16
STOPSOCIALISM                  8
CDCBowsToTrump                 8
JoeAndBlow                     1
Name: hashtag, dtype: int64
Topic: politics_08 - Images with objects: 20837

Extract text from images using Tesseract

Clean the OCR results
TrumpIsACompleteFailure     1227
Trump2020Landslide           983
TrumpIsANationalDisgrace     976
TrumpIsALaughingStock        827
kag                          714
TrumpChaos                   643
AmericaOrTrump               532
LiarInChief                  345
RacistInChief                272
bunkerboy                    187
CreepyJoe                    107
PersonWomanManCameraTv       101
TrumpGenocide                 90
TrumpCult                     85
InterruptTrump                69
dictatordan                   68
TrumpLiesPeopleDie            67
PedoJoe                       51
TrumpGestapo                  45
TrumpsVaccineIsALie           37
TrumpIsARapist                35
JoeAndTheHoe                  27
HidinBiden                    27
QAnonCult                     22
goodvsevil                    17
PedoGateIsReal                14
Chameleon                     11
JoeBlow                        5
STOPSOCIALISM                  3
CDCBowsToTrump                 2
Name: hashtag, dtype: int64
Topic: politics_08 - Images after Tesseract:  7589

/projects/academic/hongxinh/anaconda/envs/tweets/bin/python
Job end!
