cpn-k11-41-01.compute.cbls.ccr.buffalo.edu
/projects/academic/hongxinh/anaconda/bin/python
SLURM_JOBID=6229718
SLURM_JOB_NODELIST=cpn-k11-41-01
SLURM_NNODES=1
SLURMTMPDIR=/scratch/6229718
working directory = /projects/academic/hongxinh/zheyuanm/tweets_scrape
 Anaconda Python 3.8 version 2021.05 has been loaded. 
/projects/academic/hongxinh/anaconda/envs/tweets/bin/python
/projects/academic/hongxinh/anaconda/envs/tweets/bin/tesseract
/projects/academic/hongxinh/zheyuanm/tweets_scrape
Job start!
                  BorderCrisis:  1101
                  BuildTheWall:   214
                 DeportThemAll:     0
                        deport:     9
                 illegalaliens:   133
             illegalimmigrants:    41
            illegalimmigration:    54
               stoptheinvasion:    11
Topic: immigration_2021-04 - Total images:  1563

Filter out images without text
BorderCrisis          708
BuildTheWall          146
illegalaliens         107
illegalimmigrants      37
illegalimmigration     31
stoptheinvasion        11
deport                  5
Name: hashtag, dtype: int64
Topic: immigration_2021-04 - Images with text:  1045

Filter out duplicate images
BorderCrisis          557
BuildTheWall          118
illegalaliens          54
illegalimmigrants      26
illegalimmigration     21
deport                  5
stoptheinvasion         5
Name: hashtag, dtype: int64
Topic: immigration_2021-04 - Images without duplication:   786

Filter out images with no objects
[INFO]  Loading YOLO from disk...
BorderCrisis          394
BuildTheWall           68
illegalaliens          35
illegalimmigrants      21
illegalimmigration     15
stoptheinvasion         3
deport                  2
Name: hashtag, dtype: int64
Topic: immigration_2021-04 - Images with objects:   538

Extract text from images using Tesseract

Clean the OCR results
BorderCrisis          129
BuildTheWall           25
illegalaliens          15
illegalimmigrants      10
illegalimmigration      6
stoptheinvasion         1
Name: hashtag, dtype: int64
Topic: immigration_2021-04 - Images after Tesseract:   186

/projects/academic/hongxinh/anaconda/envs/tweets/bin/python
Job end!
