cpn-k13-05-01.compute.cbls.ccr.buffalo.edu
/projects/academic/hongxinh/anaconda/bin/python
SLURM_JOBID=6229763
SLURM_JOB_NODELIST=cpn-k13-05-01
SLURM_NNODES=1
SLURMTMPDIR=/scratch/6229763
working directory = /projects/academic/hongxinh/zheyuanm/tweets_scrape
 Anaconda Python 3.8 version 2021.05 has been loaded. 
/projects/academic/hongxinh/anaconda/envs/tweets/bin/python
/projects/academic/hongxinh/anaconda/envs/tweets/bin/tesseract
/projects/academic/hongxinh/zheyuanm/tweets_scrape
Job start!
         BillGatesBioTerrorist:    97
         BillGatesIsNotADoctor:     2
                    CoronaHoax:    13
                     CovidHoax:   103
                    FauciLeaks:     0
         FauciLiedMillionsDied:     0
           FauciLiedPeopleDied:     1
                 FauciTheFraud:    28
                     Fauciknew:     0
                     Plandemic:   556
                     Scandemic:     6
                       antivax:   137
                      antivaxx:    72
                 medicalkidnap:     2
Topic: vaccine_2021-04 - Total images:  1017

Filter out images without text
Plandemic                505
antivax                  123
CovidHoax                 95
BillGatesBioTerrorist     86
antivaxx                  59
FauciTheFraud             25
CoronaHoax                13
Scandemic                  5
medicalkidnap              2
BillGatesIsNotADoctor      2
Name: hashtag, dtype: int64
Topic: vaccine_2021-04 - Images with text:   915

Filter out duplicate images
Plandemic                441
antivax                  118
BillGatesBioTerrorist     86
CovidHoax                 82
antivaxx                  53
FauciTheFraud             25
CoronaHoax                13
Scandemic                  3
medicalkidnap              2
BillGatesIsNotADoctor      1
Name: hashtag, dtype: int64
Topic: vaccine_2021-04 - Images without duplication:   824

Filter out images with no objects
[INFO]  Loading YOLO from disk...
Plandemic                244
BillGatesBioTerrorist     55
antivax                   50
CovidHoax                 35
antivaxx                  26
FauciTheFraud             16
CoronaHoax                 6
BillGatesIsNotADoctor      1
Scandemic                  1
medicalkidnap              1
Name: hashtag, dtype: int64
Topic: vaccine_2021-04 - Images with objects:   435

Extract text from images using Tesseract

Clean the OCR results
Plandemic                87
BillGatesBioTerrorist    27
antivax                  21
CovidHoax                13
antivaxx                  8
FauciTheFraud             7
CoronaHoax                2
medicalkidnap             1
Name: hashtag, dtype: int64
Topic: vaccine_2021-04 - Images after Tesseract:   166

/projects/academic/hongxinh/anaconda/envs/tweets/bin/python
Job end!
