cpn-k13-03-01.compute.cbls.ccr.buffalo.edu
/projects/academic/hongxinh/anaconda/bin/python
SLURM_JOBID=6229760
SLURM_JOB_NODELIST=cpn-k13-03-01
SLURM_NNODES=1
SLURMTMPDIR=/scratch/6229760
working directory = /projects/academic/hongxinh/zheyuanm/tweets_scrape
 Anaconda Python 3.8 version 2021.05 has been loaded. 
/projects/academic/hongxinh/anaconda/envs/tweets/bin/python
/projects/academic/hongxinh/anaconda/envs/tweets/bin/tesseract
/projects/academic/hongxinh/zheyuanm/tweets_scrape
Job start!
                AmericaOrTrump:    14
                CDCBowsToTrump:     0
                     Chameleon:   138
                     CreepyJoe:    57
                    HidinBiden:     5
                InterruptTrump:     0
                    JoeAndBlow:     3
                  JoeAndTheHoe:     8
                       JoeBlow:     1
                   LiarInChief:    30
                PedoGateIsReal:     0
                       PedoJoe:    25
        PersonWomanManCameraTv:     1
                     QAnonCult:   728
                 RacistInChief:   375
                   RedChinaJoe:     2
                 STOPSOCIALISM:     7
            Trump2020Landslide:     0
                    TrumpChaos:     1
                     TrumpCult:    94
                 TrumpGenocide:    11
                  TrumpGestapo:     1
       TrumpIsACompleteFailure:    10
         TrumpIsALaughingStock:   102
          TrumpIsAMasdMurderer:     0
      TrumpIsANationalDisgrace:    31
                TrumpIsARapist:     6
            TrumpLiesPeopleDie:     0
           TrumpsVaccineIsALie:     0
                     bunkerboy:     6
                   dictatordan:    58
                    goodvsevil:    34
                           kag:   356
Topic: politics_2021-04 - Total images:  2104

Filter out images without text
QAnonCult                   631
RacistInChief               339
kag                         267
Chameleon                    86
TrumpCult                    78
TrumpIsALaughingStock        71
dictatordan                  42
CreepyJoe                    41
TrumpIsANationalDisgrace     27
LiarInChief                  27
goodvsevil                   26
PedoJoe                      18
AmericaOrTrump               13
TrumpGenocide                10
TrumpIsACompleteFailure       9
STOPSOCIALISM                 5
JoeAndTheHoe                  4
bunkerboy                     4
TrumpIsARapist                4
HidinBiden                    3
JoeBlow                       1
PersonWomanManCameraTv        1
TrumpGestapo                  1
RedChinaJoe                   1
JoeAndBlow                    1
TrumpChaos                    1
Name: hashtag, dtype: int64
Topic: politics_2021-04 - Images with text:  1711

Filter out duplicate images
QAnonCult                   574
kag                         207
RacistInChief               114
Chameleon                    74
TrumpIsALaughingStock        67
TrumpCult                    65
CreepyJoe                    40
dictatordan                  37
LiarInChief                  27
TrumpIsANationalDisgrace     22
goodvsevil                   21
PedoJoe                      15
AmericaOrTrump               11
TrumpGenocide                10
TrumpIsACompleteFailure       9
STOPSOCIALISM                 5
TrumpIsARapist                4
bunkerboy                     4
JoeAndTheHoe                  3
HidinBiden                    3
PersonWomanManCameraTv        1
JoeBlow                       1
TrumpGestapo                  1
RedChinaJoe                   1
JoeAndBlow                    1
TrumpChaos                    1
Name: hashtag, dtype: int64
Topic: politics_2021-04 - Images without duplication:  1318

Filter out images with no objects
[INFO]  Loading YOLO from disk...
QAnonCult                   281
kag                         128
RacistInChief                81
TrumpIsALaughingStock        47
Chameleon                    37
TrumpCult                    35
CreepyJoe                    31
dictatordan                  20
LiarInChief                  14
TrumpIsANationalDisgrace     13
goodvsevil                   11
PedoJoe                       9
TrumpGenocide                 8
TrumpIsACompleteFailure       7
AmericaOrTrump                5
STOPSOCIALISM                 3
bunkerboy                     3
TrumpIsARapist                2
JoeAndTheHoe                  2
HidinBiden                    2
TrumpGestapo                  1
JoeAndBlow                    1
PersonWomanManCameraTv        1
RedChinaJoe                   1
JoeBlow                       1
TrumpChaos                    1
Name: hashtag, dtype: int64
Topic: politics_2021-04 - Images with objects:   745

Extract text from images using Tesseract

Clean the OCR results
QAnonCult                   97
kag                         59
RacistInChief               33
TrumpIsALaughingStock       14
TrumpCult                   10
CreepyJoe                    8
TrumpIsANationalDisgrace     8
dictatordan                  6
goodvsevil                   6
PedoJoe                      3
LiarInChief                  3
Chameleon                    3
JoeAndTheHoe                 2
TrumpIsACompleteFailure      2
AmericaOrTrump               2
TrumpGenocide                2
HidinBiden                   1
TrumpChaos                   1
TrumpIsARapist               1
bunkerboy                    1
STOPSOCIALISM                1
Name: hashtag, dtype: int64
Topic: politics_2021-04 - Images after Tesseract:   263

/projects/academic/hongxinh/anaconda/envs/tweets/bin/python
Job end!
