cpn-k13-02-01.compute.cbls.ccr.buffalo.edu
/projects/academic/hongxinh/anaconda/bin/python
SLURM_JOBID=6229739
SLURM_JOB_NODELIST=cpn-k13-02-01
SLURM_NNODES=1
SLURMTMPDIR=/scratch/6229739
working directory = /projects/academic/hongxinh/zheyuanm/tweets_scrape
 Anaconda Python 3.8 version 2021.05 has been loaded. 
/projects/academic/hongxinh/anaconda/envs/tweets/bin/python
/projects/academic/hongxinh/anaconda/envs/tweets/bin/tesseract
/projects/academic/hongxinh/zheyuanm/tweets_scrape
Job start!
                  BurnYourMask:     3
             IWillNotWearAMask:     0
             MasksAreDangerous:     1
              MasksAreForSheep:     1
           MasksAreMurderingMe:     0
               MasksOffAmerica:     1
               MasksRUnhealthy:     0
               MasksdontMatter:     0
              MomsAgainstMasks:     0
                   NeverMasker:     0
                   NoMasksEver:     0
                   NoMasksOnMe:     0
                   NoMoreMasks:    67
             RefuseToWearMasks:     0
                SheepWearMasks:     0
          StopForcingMasksOnMe:     0
               StopWearingMask:     0
       StopWearingTheDamnMasks:     0
                TakeTheMaskOff:     3
         burnyourmaskchallenge:     0
                   facefreedom:     0
                   maskburning:     3
                      maskhoax:     3
                      maskhole:    58
   maskingchildrenischildabuse:     0
                     masknazis:    19
                       maskoff:   214
                 masksdontwork:   112
                     maskshoax:     0
             masksmakemesweaty:     0
                    nomaskonme:     1
                  nomaskselfie:     0
                    refusemask:     0
                   stopmasking:     0
             stopthestupidmask:     0
                takeoffthemask:     8
               takeoffyourmask:   506
Topic: mask_2021-04 - Total images:  1000

Filter out images without text
takeoffyourmask      442
maskoff              179
masksdontwork         96
NoMoreMasks           51
maskhole              46
masknazis             14
takeoffthemask         8
TakeTheMaskOff         3
maskhoax               2
BurnYourMask           2
maskburning            2
MasksOffAmerica        1
nomaskonme             1
MasksAreForSheep       1
MasksAreDangerous      1
Name: hashtag, dtype: int64
Topic: mask_2021-04 - Images with text:   849

Filter out duplicate images
takeoffyourmask      349
maskoff              169
masksdontwork         89
NoMoreMasks           46
maskhole              44
masknazis             11
takeoffthemask         8
TakeTheMaskOff         3
maskhoax               2
BurnYourMask           2
maskburning            2
MasksOffAmerica        1
nomaskonme             1
MasksAreForSheep       1
MasksAreDangerous      1
Name: hashtag, dtype: int64
Topic: mask_2021-04 - Images without duplication:   729

Filter out images with no objects
[INFO]  Loading YOLO from disk...
takeoffyourmask     153
maskoff              78
masksdontwork        48
maskhole             29
NoMoreMasks          19
masknazis             5
takeoffthemask        3
TakeTheMaskOff        3
maskhoax              1
BurnYourMask          1
maskburning           1
MasksAreForSheep      1
Name: hashtag, dtype: int64
Topic: mask_2021-04 - Images with objects:   342

Extract text from images using Tesseract

Clean the OCR results
takeoffyourmask    46
maskoff            27
masksdontwork      19
maskhole           13
NoMoreMasks        10
takeoffthemask      1
BurnYourMask        1
Name: hashtag, dtype: int64
Topic: mask_2021-04 - Images after Tesseract:   117

/projects/academic/hongxinh/anaconda/envs/tweets/bin/python
Job end!
